<?xml version="1.0" encoding="UTF-8"?>
<!-- Generated by org.testng.reporters.JUnitXMLReporter -->
<testsuite hostname="IN00302" ignored="4" name="Default test" tests="1" failures="0" timestamp="20 Nov 2017 06:11:26 GMT" time="43.684" errors="0">
  <testcase name="launchAutomation" time="43.668" classname="com.SSPWorldWide.Framework.Adviser.Helper.Launcher"/>
  <testcase name="@BeforeSuite beforeSuite" time="0.0" classname="com.SSPWorldWide.Framework.Adviser.Helper.WebdriverHelper">
    <ignored/>
  </testcase> <!-- @BeforeSuite beforeSuite -->
  <testcase name="@BeforeSuite beforeSuite" time="0.0" classname="com.SSPWorldWide.Framework.Adviser.Helper.WebdriverHelper">
    <ignored/>
  </testcase> <!-- @BeforeSuite beforeSuite -->
  <testcase name="@AfterSuite afterSuite" time="0.0" classname="com.SSPWorldWide.Framework.Adviser.Helper.WebdriverHelper">
    <ignored/>
  </testcase> <!-- @AfterSuite afterSuite -->
  <testcase name="@AfterSuite afterSuite" time="0.0" classname="com.SSPWorldWide.Framework.Adviser.Helper.WebdriverHelper">
    <ignored/>
  </testcase> <!-- @AfterSuite afterSuite -->
</testsuite> <!-- Default test -->
