<?xml version="1.0" encoding="UTF-8"?>
<!-- Generated by org.testng.reporters.JUnitXMLReporter -->
<testsuite hostname="IN00302" ignored="13" name="AdviceEvent_Module_014" tests="1" failures="0" timestamp="25 Apr 2018 03:23:14 GMT" time="97.671" errors="0">
  <testcase name="AdviceEvent_Module_014" time="94.984" classname="com.SSPWorldWide.Framework.Adviser.Testcases.AdviceEvent_Module"/>
  <testcase name="AdviceEvent_Module_011" time="0.0" classname="com.SSPWorldWide.Framework.Adviser.Testcases.AdviceEvent_Module">
    <ignored/>
  </testcase> <!-- AdviceEvent_Module_011 -->
  <testcase name="AdviceEvent_Module_003" time="0.0" classname="com.SSPWorldWide.Framework.Adviser.Testcases.AdviceEvent_Module">
    <ignored/>
  </testcase> <!-- AdviceEvent_Module_003 -->
  <testcase name="AdviceEvent_Module_012" time="0.0" classname="com.SSPWorldWide.Framework.Adviser.Testcases.AdviceEvent_Module">
    <ignored/>
  </testcase> <!-- AdviceEvent_Module_012 -->
  <testcase name="AdviceEvent_Module_001" time="0.0" classname="com.SSPWorldWide.Framework.Adviser.Testcases.AdviceEvent_Module">
    <ignored/>
  </testcase> <!-- AdviceEvent_Module_001 -->
  <testcase name="AdviceEvent_Module_004" time="0.0" classname="com.SSPWorldWide.Framework.Adviser.Testcases.AdviceEvent_Module">
    <ignored/>
  </testcase> <!-- AdviceEvent_Module_004 -->
  <testcase name="AdviceEvent_Module_002" time="0.0" classname="com.SSPWorldWide.Framework.Adviser.Testcases.AdviceEvent_Module">
    <ignored/>
  </testcase> <!-- AdviceEvent_Module_002 -->
  <testcase name="AdviceEvent_Module_013" time="0.0" classname="com.SSPWorldWide.Framework.Adviser.Testcases.AdviceEvent_Module">
    <ignored/>
  </testcase> <!-- AdviceEvent_Module_013 -->
  <testcase name="AdviceEvent_Module_005" time="0.0" classname="com.SSPWorldWide.Framework.Adviser.Testcases.AdviceEvent_Module">
    <ignored/>
  </testcase> <!-- AdviceEvent_Module_005 -->
  <testcase name="AdviceEvent_Module_008" time="0.0" classname="com.SSPWorldWide.Framework.Adviser.Testcases.AdviceEvent_Module">
    <ignored/>
  </testcase> <!-- AdviceEvent_Module_008 -->
  <testcase name="AdviceEvent_Module_006" time="0.0" classname="com.SSPWorldWide.Framework.Adviser.Testcases.AdviceEvent_Module">
    <ignored/>
  </testcase> <!-- AdviceEvent_Module_006 -->
  <testcase name="AdviceEvent_Module_009" time="0.0" classname="com.SSPWorldWide.Framework.Adviser.Testcases.AdviceEvent_Module">
    <ignored/>
  </testcase> <!-- AdviceEvent_Module_009 -->
  <testcase name="AdviceEvent_Module_010" time="0.0" classname="com.SSPWorldWide.Framework.Adviser.Testcases.AdviceEvent_Module">
    <ignored/>
  </testcase> <!-- AdviceEvent_Module_010 -->
  <testcase name="AdviceEvent_Module_007" time="0.0" classname="com.SSPWorldWide.Framework.Adviser.Testcases.AdviceEvent_Module">
    <ignored/>
  </testcase> <!-- AdviceEvent_Module_007 -->
</testsuite> <!-- AdviceEvent_Module_014 -->
