<?xml version="1.0" encoding="UTF-8"?>
<!-- Generated by org.testng.reporters.JUnitXMLReporter -->
<testsuite hostname="IN00302" ignored="19" name="Policy_Module_017" tests="1" failures="1" timestamp="25 Apr 2018 03:54:14 GMT" time="42.516" errors="0">
  <testcase name="Policy_Module_017" time="38.116" classname="com.SSPWorldWide.Framework.Adviser.Testcases.Policy_Module">
    <failure type="org.openqa.selenium.TimeoutException" message="Expected condition failed: waiting for visibility of element located by By.cssSelector: div[class*=&amp;apos;headerTextUsername&amp;apos;] (tried for 30 second(s) with 500 milliseconds interval)">
      <![CDATA[org.openqa.selenium.TimeoutException: Expected condition failed: waiting for visibility of element located by By.cssSelector: div[class*='headerTextUsername'] (tried for 30 second(s) with 500 milliseconds interval)
	at org.openqa.selenium.support.ui.WebDriverWait.timeoutException(WebDriverWait.java:82)
	at org.openqa.selenium.support.ui.FluentWait.until(FluentWait.java:272)
	at com.SSPWorldWide.Framework.Adviser.Helper.CommonKeywords.getAttribute(CommonKeywords.java:402)
	at com.SSPWorldWide.Framework.Adviser.Helper.CommonKeywords.getWebelementAction(CommonKeywords.java:106)
	at com.SSPWorldWide.Framework.Adviser.ReadExcel.ReadProjectReusables.getActionSteps(ReadProjectReusables.java:122)
	at com.SSPWorldWide.Framework.Adviser.ReadExcel.TestcaseFlow.runSingleTest(TestcaseFlow.java:28)
	at com.SSPWorldWide.Framework.Adviser.Testcases.Policy_Module.Policy_Module_017(Policy_Module.java:72)
	at java.util.concurrent.ThreadPoolExecutor.runWorker(Unknown Source)
	at java.util.concurrent.ThreadPoolExecutor$Worker.run(Unknown Source)
	at java.lang.Thread.run(Unknown Source)
Caused by: org.openqa.selenium.NoSuchElementException: Cannot locate an element using By.cssSelector: div[class*='headerTextUsername']
For documentation on this error, please visit: http://seleniumhq.org/exceptions/no_such_element.html
Build info: version: '3.10.0', revision: '176b4a9', time: '2018-03-02T19:03:16.397Z'
System info: host: 'IN00302', ip: '192.168.74.75', os.name: 'Windows 10', os.arch: 'amd64', os.version: '10.0', java.version: '1.8.0_161'
Driver info: driver.version: unknown
	at org.openqa.selenium.support.ui.ExpectedConditions.lambda$findElement$0(ExpectedConditions.java:896)
	at java.util.Optional.orElseThrow(Unknown Source)
	at org.openqa.selenium.support.ui.ExpectedConditions.findElement(ExpectedConditions.java:895)
	at org.openqa.selenium.support.ui.ExpectedConditions.access$000(ExpectedConditions.java:44)
	at org.openqa.selenium.support.ui.ExpectedConditions$7.apply(ExpectedConditions.java:206)
	at org.openqa.selenium.support.ui.ExpectedConditions$7.apply(ExpectedConditions.java:202)
	at org.openqa.selenium.support.ui.FluentWait.until(FluentWait.java:249)
	... 26 more
... Removed 18 stack frames]]>
    </failure>
  </testcase> <!-- Policy_Module_017 -->
  <testcase name="Policy_Module_001" time="0.0" classname="com.SSPWorldWide.Framework.Adviser.Testcases.Policy_Module">
    <ignored/>
  </testcase> <!-- Policy_Module_001 -->
  <testcase name="Policy_Module_012" time="0.0" classname="com.SSPWorldWide.Framework.Adviser.Testcases.Policy_Module">
    <ignored/>
  </testcase> <!-- Policy_Module_012 -->
  <testcase name="Policy_Module_009" time="0.0" classname="com.SSPWorldWide.Framework.Adviser.Testcases.Policy_Module">
    <ignored/>
  </testcase> <!-- Policy_Module_009 -->
  <testcase name="Policy_Module_002" time="0.0" classname="com.SSPWorldWide.Framework.Adviser.Testcases.Policy_Module">
    <ignored/>
  </testcase> <!-- Policy_Module_002 -->
  <testcase name="Policy_Module_013" time="0.0" classname="com.SSPWorldWide.Framework.Adviser.Testcases.Policy_Module">
    <ignored/>
  </testcase> <!-- Policy_Module_013 -->
  <testcase name="Policy_Module_014" time="0.0" classname="com.SSPWorldWide.Framework.Adviser.Testcases.Policy_Module">
    <ignored/>
  </testcase> <!-- Policy_Module_014 -->
  <testcase name="Policy_Module_003" time="0.0" classname="com.SSPWorldWide.Framework.Adviser.Testcases.Policy_Module">
    <ignored/>
  </testcase> <!-- Policy_Module_003 -->
  <testcase name="Policy_Module_004" time="0.0" classname="com.SSPWorldWide.Framework.Adviser.Testcases.Policy_Module">
    <ignored/>
  </testcase> <!-- Policy_Module_004 -->
  <testcase name="Policy_Module_015" time="0.0" classname="com.SSPWorldWide.Framework.Adviser.Testcases.Policy_Module">
    <ignored/>
  </testcase> <!-- Policy_Module_015 -->
  <testcase name="Policy_Module_016" time="0.0" classname="com.SSPWorldWide.Framework.Adviser.Testcases.Policy_Module">
    <ignored/>
  </testcase> <!-- Policy_Module_016 -->
  <testcase name="Policy_Module_005" time="0.0" classname="com.SSPWorldWide.Framework.Adviser.Testcases.Policy_Module">
    <ignored/>
  </testcase> <!-- Policy_Module_005 -->
  <testcase name="Policy_Module_020" time="0.0" classname="com.SSPWorldWide.Framework.Adviser.Testcases.Policy_Module">
    <ignored/>
  </testcase> <!-- Policy_Module_020 -->
  <testcase name="Policy_Module_010" time="0.0" classname="com.SSPWorldWide.Framework.Adviser.Testcases.Policy_Module">
    <ignored/>
  </testcase> <!-- Policy_Module_010 -->
  <testcase name="Policy_Module_011" time="0.0" classname="com.SSPWorldWide.Framework.Adviser.Testcases.Policy_Module">
    <ignored/>
  </testcase> <!-- Policy_Module_011 -->
  <testcase name="Policy_Module_006" time="0.0" classname="com.SSPWorldWide.Framework.Adviser.Testcases.Policy_Module">
    <ignored/>
  </testcase> <!-- Policy_Module_006 -->
  <testcase name="Policy_Module_007" time="0.0" classname="com.SSPWorldWide.Framework.Adviser.Testcases.Policy_Module">
    <ignored/>
  </testcase> <!-- Policy_Module_007 -->
  <testcase name="Policy_Module_018" time="0.0" classname="com.SSPWorldWide.Framework.Adviser.Testcases.Policy_Module">
    <ignored/>
  </testcase> <!-- Policy_Module_018 -->
  <testcase name="Policy_Module_019" time="0.0" classname="com.SSPWorldWide.Framework.Adviser.Testcases.Policy_Module">
    <ignored/>
  </testcase> <!-- Policy_Module_019 -->
  <testcase name="Policy_Module_008" time="0.0" classname="com.SSPWorldWide.Framework.Adviser.Testcases.Policy_Module">
    <ignored/>
  </testcase> <!-- Policy_Module_008 -->
</testsuite> <!-- Policy_Module_017 -->
