<?xml version="1.0" encoding="UTF-8"?>
<!-- Generated by org.testng.reporters.JUnitXMLReporter -->
<testsuite hostname="IN00302" ignored="19" name="Policy_Module_004" tests="1" failures="1" timestamp="25 Apr 2018 03:44:50 GMT" time="49.927" errors="0">
  <testcase name="Policy_Module_004" time="42.524" classname="com.SSPWorldWide.Framework.Adviser.Testcases.Policy_Module">
    <failure type="com.SSPWorldWide.Framework.Adviser.Exceptions.SeleniumExceptions" message="element with locator : &amp;apos;By.id: AdvancedClientSearch_FirstNames&amp;apos; is not a textbox">
      <![CDATA[com.SSPWorldWide.Framework.Adviser.Exceptions.SeleniumExceptions: element with locator : 'By.id: AdvancedClientSearch_FirstNames' is not a textbox
	at com.SSPWorldWide.Framework.Adviser.Helper.CommonKeywords.waitForExpectedAndEnterText(CommonKeywords.java:560)
	at com.SSPWorldWide.Framework.Adviser.Helper.CommonKeywords.getWebelementAction(CommonKeywords.java:54)
	at com.SSPWorldWide.Framework.Adviser.ReadExcel.ReadProjectReusables.getActionSteps(ReadProjectReusables.java:122)
	at com.SSPWorldWide.Framework.Adviser.ReadExcel.TestcaseFlow.runSingleTest(TestcaseFlow.java:31)
	at com.SSPWorldWide.Framework.Adviser.Testcases.Policy_Module.Policy_Module_004(Policy_Module.java:20)
	at java.util.concurrent.ThreadPoolExecutor.runWorker(Unknown Source)
	at java.util.concurrent.ThreadPoolExecutor$Worker.run(Unknown Source)
	at java.lang.Thread.run(Unknown Source)
... Removed 18 stack frames]]>
    </failure>
  </testcase> <!-- Policy_Module_004 -->
  <testcase name="Policy_Module_001" time="0.0" classname="com.SSPWorldWide.Framework.Adviser.Testcases.Policy_Module">
    <ignored/>
  </testcase> <!-- Policy_Module_001 -->
  <testcase name="Policy_Module_012" time="0.0" classname="com.SSPWorldWide.Framework.Adviser.Testcases.Policy_Module">
    <ignored/>
  </testcase> <!-- Policy_Module_012 -->
  <testcase name="Policy_Module_009" time="0.0" classname="com.SSPWorldWide.Framework.Adviser.Testcases.Policy_Module">
    <ignored/>
  </testcase> <!-- Policy_Module_009 -->
  <testcase name="Policy_Module_002" time="0.0" classname="com.SSPWorldWide.Framework.Adviser.Testcases.Policy_Module">
    <ignored/>
  </testcase> <!-- Policy_Module_002 -->
  <testcase name="Policy_Module_013" time="0.0" classname="com.SSPWorldWide.Framework.Adviser.Testcases.Policy_Module">
    <ignored/>
  </testcase> <!-- Policy_Module_013 -->
  <testcase name="Policy_Module_014" time="0.0" classname="com.SSPWorldWide.Framework.Adviser.Testcases.Policy_Module">
    <ignored/>
  </testcase> <!-- Policy_Module_014 -->
  <testcase name="Policy_Module_003" time="0.0" classname="com.SSPWorldWide.Framework.Adviser.Testcases.Policy_Module">
    <ignored/>
  </testcase> <!-- Policy_Module_003 -->
  <testcase name="Policy_Module_015" time="0.0" classname="com.SSPWorldWide.Framework.Adviser.Testcases.Policy_Module">
    <ignored/>
  </testcase> <!-- Policy_Module_015 -->
  <testcase name="Policy_Module_016" time="0.0" classname="com.SSPWorldWide.Framework.Adviser.Testcases.Policy_Module">
    <ignored/>
  </testcase> <!-- Policy_Module_016 -->
  <testcase name="Policy_Module_005" time="0.0" classname="com.SSPWorldWide.Framework.Adviser.Testcases.Policy_Module">
    <ignored/>
  </testcase> <!-- Policy_Module_005 -->
  <testcase name="Policy_Module_020" time="0.0" classname="com.SSPWorldWide.Framework.Adviser.Testcases.Policy_Module">
    <ignored/>
  </testcase> <!-- Policy_Module_020 -->
  <testcase name="Policy_Module_010" time="0.0" classname="com.SSPWorldWide.Framework.Adviser.Testcases.Policy_Module">
    <ignored/>
  </testcase> <!-- Policy_Module_010 -->
  <testcase name="Policy_Module_011" time="0.0" classname="com.SSPWorldWide.Framework.Adviser.Testcases.Policy_Module">
    <ignored/>
  </testcase> <!-- Policy_Module_011 -->
  <testcase name="Policy_Module_017" time="0.0" classname="com.SSPWorldWide.Framework.Adviser.Testcases.Policy_Module">
    <ignored/>
  </testcase> <!-- Policy_Module_017 -->
  <testcase name="Policy_Module_006" time="0.0" classname="com.SSPWorldWide.Framework.Adviser.Testcases.Policy_Module">
    <ignored/>
  </testcase> <!-- Policy_Module_006 -->
  <testcase name="Policy_Module_007" time="0.0" classname="com.SSPWorldWide.Framework.Adviser.Testcases.Policy_Module">
    <ignored/>
  </testcase> <!-- Policy_Module_007 -->
  <testcase name="Policy_Module_018" time="0.0" classname="com.SSPWorldWide.Framework.Adviser.Testcases.Policy_Module">
    <ignored/>
  </testcase> <!-- Policy_Module_018 -->
  <testcase name="Policy_Module_019" time="0.0" classname="com.SSPWorldWide.Framework.Adviser.Testcases.Policy_Module">
    <ignored/>
  </testcase> <!-- Policy_Module_019 -->
  <testcase name="Policy_Module_008" time="0.0" classname="com.SSPWorldWide.Framework.Adviser.Testcases.Policy_Module">
    <ignored/>
  </testcase> <!-- Policy_Module_008 -->
</testsuite> <!-- Policy_Module_004 -->
