<?xml version="1.0" encoding="UTF-8"?>
<!-- Generated by org.testng.reporters.JUnitXMLReporter -->
<testsuite hostname="IN00302" ignored="19" name="Policy_Module_009" tests="1" failures="1" timestamp="25 Apr 2018 03:48:34 GMT" time="54.09" errors="0">
  <testcase name="Policy_Module_009" time="46.612" classname="com.SSPWorldWide.Framework.Adviser.Testcases.Policy_Module">
    <failure type="org.openqa.selenium.TimeoutException" message="Expected condition failed: waiting for url to contain &amp;quot;/Portal/Policy/Summary/Index&amp;quot;. Current url: &amp;quot;http://adviser11test/Portal/Client/Summary/CreateFromSearch?activeTab=quickSearchTab&amp;amp;type=Corporate&amp;amp;name=&amp;quot; (tried for 30 second(s) with 500 milliseconds interval)
Build info: version: &amp;apos;3.10.0&amp;apos;, revision: &amp;apos;176b4a9&amp;apos;, time: &amp;apos;2018-03-02T19:03:16.397Z&amp;apos;
System info: host: &amp;apos;IN00302&amp;apos;, ip: &amp;apos;192.168.74.75&amp;apos;, os.name: &amp;apos;Windows 10&amp;apos;, os.arch: &amp;apos;amd64&amp;apos;, os.version: &amp;apos;10.0&amp;apos;, java.version: &amp;apos;1.8.0_161&amp;apos;
Driver info: org.openqa.selenium.remote.RemoteWebDriver
Capabilities {acceptInsecureCerts: false, browserName: internet explorer, browserVersion: 11, javascriptEnabled: true, pageLoadStrategy: normal, platform: WINDOWS, platformName: WINDOWS, proxy: Proxy(), se:ieOptions: {browserAttachTimeout: 0, elementScrollBehavior: 0, enablePersistentHover: true, ie.browserCommandLineSwitches: , ie.ensureCleanSession: false, ie.fileUploadDialogTimeout: 3000, ie.forceCreateProcessApi: false, ignoreProtectedModeSettings: false, ignoreZoomSetting: false, initialBrowserUrl: http://localhost:42429/, nativeEvents: true, requireWindowFocus: false}, setWindowRect: true, timeouts: {implicit: 0, pageLoad: 300000, script: 30000}, unhandledPromptBehavior: ignore, webdriver.remote.sessionid: 4c2e65f8-3a53-43a3-8db8-fd2...}
Session ID: 4c2e65f8-3a53-43a3-8db8-fd2845817a5e">
      <![CDATA[org.openqa.selenium.TimeoutException: Expected condition failed: waiting for url to contain "/Portal/Policy/Summary/Index". Current url: "http://adviser11test/Portal/Client/Summary/CreateFromSearch?activeTab=quickSearchTab&type=Corporate&name=" (tried for 30 second(s) with 500 milliseconds interval)
Build info: version: '3.10.0', revision: '176b4a9', time: '2018-03-02T19:03:16.397Z'
System info: host: 'IN00302', ip: '192.168.74.75', os.name: 'Windows 10', os.arch: 'amd64', os.version: '10.0', java.version: '1.8.0_161'
Driver info: org.openqa.selenium.remote.RemoteWebDriver
Capabilities {acceptInsecureCerts: false, browserName: internet explorer, browserVersion: 11, javascriptEnabled: true, pageLoadStrategy: normal, platform: WINDOWS, platformName: WINDOWS, proxy: Proxy(), se:ieOptions: {browserAttachTimeout: 0, elementScrollBehavior: 0, enablePersistentHover: true, ie.browserCommandLineSwitches: , ie.ensureCleanSession: false, ie.fileUploadDialogTimeout: 3000, ie.forceCreateProcessApi: false, ignoreProtectedModeSettings: false, ignoreZoomSetting: false, initialBrowserUrl: http://localhost:42429/, nativeEvents: true, requireWindowFocus: false}, setWindowRect: true, timeouts: {implicit: 0, pageLoad: 300000, script: 30000}, unhandledPromptBehavior: ignore, webdriver.remote.sessionid: 4c2e65f8-3a53-43a3-8db8-fd2...}
Session ID: 4c2e65f8-3a53-43a3-8db8-fd2845817a5e
	at org.openqa.selenium.support.ui.WebDriverWait.timeoutException(WebDriverWait.java:82)
	at org.openqa.selenium.support.ui.FluentWait.until(FluentWait.java:272)
	at com.SSPWorldWide.Framework.Adviser.Helper.CommonKeywords.currentURLContains(CommonKeywords.java:502)
	at com.SSPWorldWide.Framework.Adviser.Helper.CommonKeywords.getWebelementAction(CommonKeywords.java:74)
	at com.SSPWorldWide.Framework.Adviser.ReadExcel.ReadProjectReusables.getActionSteps(ReadProjectReusables.java:125)
	at com.SSPWorldWide.Framework.Adviser.ReadExcel.TestcaseFlow.runSingleTest(TestcaseFlow.java:31)
	at com.SSPWorldWide.Framework.Adviser.Testcases.Policy_Module.Policy_Module_009(Policy_Module.java:40)
	at java.util.concurrent.ThreadPoolExecutor.runWorker(Unknown Source)
	at java.util.concurrent.ThreadPoolExecutor$Worker.run(Unknown Source)
	at java.lang.Thread.run(Unknown Source)
... Removed 18 stack frames]]>
    </failure>
  </testcase> <!-- Policy_Module_009 -->
  <testcase name="Policy_Module_001" time="0.0" classname="com.SSPWorldWide.Framework.Adviser.Testcases.Policy_Module">
    <ignored/>
  </testcase> <!-- Policy_Module_001 -->
  <testcase name="Policy_Module_012" time="0.0" classname="com.SSPWorldWide.Framework.Adviser.Testcases.Policy_Module">
    <ignored/>
  </testcase> <!-- Policy_Module_012 -->
  <testcase name="Policy_Module_002" time="0.0" classname="com.SSPWorldWide.Framework.Adviser.Testcases.Policy_Module">
    <ignored/>
  </testcase> <!-- Policy_Module_002 -->
  <testcase name="Policy_Module_013" time="0.0" classname="com.SSPWorldWide.Framework.Adviser.Testcases.Policy_Module">
    <ignored/>
  </testcase> <!-- Policy_Module_013 -->
  <testcase name="Policy_Module_014" time="0.0" classname="com.SSPWorldWide.Framework.Adviser.Testcases.Policy_Module">
    <ignored/>
  </testcase> <!-- Policy_Module_014 -->
  <testcase name="Policy_Module_003" time="0.0" classname="com.SSPWorldWide.Framework.Adviser.Testcases.Policy_Module">
    <ignored/>
  </testcase> <!-- Policy_Module_003 -->
  <testcase name="Policy_Module_004" time="0.0" classname="com.SSPWorldWide.Framework.Adviser.Testcases.Policy_Module">
    <ignored/>
  </testcase> <!-- Policy_Module_004 -->
  <testcase name="Policy_Module_015" time="0.0" classname="com.SSPWorldWide.Framework.Adviser.Testcases.Policy_Module">
    <ignored/>
  </testcase> <!-- Policy_Module_015 -->
  <testcase name="Policy_Module_016" time="0.0" classname="com.SSPWorldWide.Framework.Adviser.Testcases.Policy_Module">
    <ignored/>
  </testcase> <!-- Policy_Module_016 -->
  <testcase name="Policy_Module_005" time="0.0" classname="com.SSPWorldWide.Framework.Adviser.Testcases.Policy_Module">
    <ignored/>
  </testcase> <!-- Policy_Module_005 -->
  <testcase name="Policy_Module_020" time="0.0" classname="com.SSPWorldWide.Framework.Adviser.Testcases.Policy_Module">
    <ignored/>
  </testcase> <!-- Policy_Module_020 -->
  <testcase name="Policy_Module_010" time="0.0" classname="com.SSPWorldWide.Framework.Adviser.Testcases.Policy_Module">
    <ignored/>
  </testcase> <!-- Policy_Module_010 -->
  <testcase name="Policy_Module_011" time="0.0" classname="com.SSPWorldWide.Framework.Adviser.Testcases.Policy_Module">
    <ignored/>
  </testcase> <!-- Policy_Module_011 -->
  <testcase name="Policy_Module_017" time="0.0" classname="com.SSPWorldWide.Framework.Adviser.Testcases.Policy_Module">
    <ignored/>
  </testcase> <!-- Policy_Module_017 -->
  <testcase name="Policy_Module_006" time="0.0" classname="com.SSPWorldWide.Framework.Adviser.Testcases.Policy_Module">
    <ignored/>
  </testcase> <!-- Policy_Module_006 -->
  <testcase name="Policy_Module_007" time="0.0" classname="com.SSPWorldWide.Framework.Adviser.Testcases.Policy_Module">
    <ignored/>
  </testcase> <!-- Policy_Module_007 -->
  <testcase name="Policy_Module_018" time="0.0" classname="com.SSPWorldWide.Framework.Adviser.Testcases.Policy_Module">
    <ignored/>
  </testcase> <!-- Policy_Module_018 -->
  <testcase name="Policy_Module_019" time="0.0" classname="com.SSPWorldWide.Framework.Adviser.Testcases.Policy_Module">
    <ignored/>
  </testcase> <!-- Policy_Module_019 -->
  <testcase name="Policy_Module_008" time="0.0" classname="com.SSPWorldWide.Framework.Adviser.Testcases.Policy_Module">
    <ignored/>
  </testcase> <!-- Policy_Module_008 -->
</testsuite> <!-- Policy_Module_009 -->
