<?xml version="1.0" encoding="UTF-8"?>
<!-- Generated by org.testng.reporters.JUnitXMLReporter -->
<testsuite hostname="IN00302" ignored="1" name="Login_001" tests="1" failures="0" timestamp="04 Oct 2017 08:33:54 GMT" time="13.773" errors="0">
  <testcase name="Login_001" time="6.714" classname="com.SSPWorldWide.Framework.Adviser.Testcases.Login_TestSuite"/>
  <testcase name="Login_002" time="0.0" classname="com.SSPWorldWide.Framework.Adviser.Testcases.Login_TestSuite">
    <ignored/>
  </testcase> <!-- Login_002 -->
</testsuite> <!-- Login_001 -->
