<?xml version="1.0" encoding="UTF-8"?>
<!-- Generated by org.testng.reporters.JUnitXMLReporter -->
<testsuite hostname="IN00302" ignored="0" name="Login_001" tests="1" failures="1" timestamp="13 Oct 2017 03:00:39 GMT" time="8.101" errors="0">
  <testcase name="Login_001" time="0.0" classname="com.SSPWorldWide.Framework.Adviser.Testcases.Login_TestSuite">
    <failure type="java.lang.Exception" message=" Login_001 &amp;ensp;:&amp;ensp; testcaseID does not exist in the test suite">
      <![CDATA[java.lang.Exception:  Login_001 &ensp;:&ensp; testcaseID does not exist in the test suite
	at com.SSPWorldWide.Framework.Adviser.Testcases.Login_TestSuite.Login_001(Login_TestSuite.java:9)
	at com.SSPWorldWide.Framework.Adviser.Helper.DynamicSuiteFileCreator.runTestNG(DynamicSuiteFileCreator.java:81)
	at com.SSPWorldWide.Framework.Adviser.Helper.DynamicSuiteFileCreator.runSingleSuite(DynamicSuiteFileCreator.java:88)
	at com.SSPWorldWide.Framework.Adviser.Helper.WebdriverHelper.launch(WebdriverHelper.java:192)
	at com.SSPWorldWide.Framework.Adviser.Helper.Launcher.launchAutomation(Launcher.java:23)
... Removed 47 stack frames]]>
    </failure>
  </testcase> <!-- Login_001 -->
</testsuite> <!-- Login_001 -->
