<?xml version="1.0" encoding="UTF-8"?>
<!-- Generated by org.testng.reporters.JUnitXMLReporter -->
<testsuite hostname="IN00302" ignored="2" name="Login.001" tests="1" failures="0" timestamp="17 Oct 2017 07:34:40 GMT" time="12.969" errors="0">
  <testcase name="Login_001" time="5.946" classname="com.SSPWorldWide.Framework.Adviser.Testcases.Login_TestSuite"/>
  <testcase name="Login_003" time="0.0" classname="com.SSPWorldWide.Framework.Adviser.Testcases.Login_TestSuite">
    <ignored/>
  </testcase> <!-- Login_003 -->
  <testcase name="Login_002" time="0.0" classname="com.SSPWorldWide.Framework.Adviser.Testcases.Login_TestSuite">
    <ignored/>
  </testcase> <!-- Login_002 -->
</testsuite> <!-- Login.001 -->
