<?xml version="1.0" encoding="UTF-8"?>
<testng-results skipped="0" failed="0" ignored="4" total="5" passed="1">
  <reporter-output>
  </reporter-output>
  <suite name="Default suite" duration-ms="43684" started-at="2017-11-20T06:10:43Z" finished-at="2017-11-20T06:11:26Z">
    <groups>
    </groups>
    <test name="Default test" duration-ms="43684" started-at="2017-11-20T06:10:43Z" finished-at="2017-11-20T06:11:26Z">
      <class name="com.SSPWorldWide.Framework.Adviser.Helper.Launcher">
        <test-method status="PASS" signature="beforeSuite(org.testng.ITestContext)[pri:0, instance:com.SSPWorldWide.Framework.Adviser.Helper.Launcher@4bbfb90a]" name="beforeSuite" is-config="true" duration-ms="547" started-at="2017-11-20T11:40:42Z" finished-at="2017-11-20T11:40:43Z">
          <params>
            <param index="0">
              <value>
                <![CDATA[org.testng.TestRunner@6e7c351d]]>
              </value>
            </param>
          </params>
          <reporter-output>
          </reporter-output>
        </test-method> <!-- beforeSuite -->
        <test-method status="PASS" signature="beforeSuite(org.testng.ITestContext)[pri:0, instance:com.SSPWorldWide.Framework.Adviser.Helper.WebdriverHelper@7c29daf3]" name="beforeSuite" is-config="true" duration-ms="94" started-at="2017-11-20T11:40:43Z" finished-at="2017-11-20T11:40:43Z">
          <params>
            <param index="0">
              <value>
                <![CDATA[org.testng.TestRunner@6e7c351d]]>
              </value>
            </param>
          </params>
          <reporter-output>
          </reporter-output>
        </test-method> <!-- beforeSuite -->
        <test-method status="PASS" signature="launchAutomation()[pri:0, instance:com.SSPWorldWide.Framework.Adviser.Helper.Launcher@4bbfb90a]" name="launchAutomation" duration-ms="43668" started-at="2017-11-20T11:40:43Z" finished-at="2017-11-20T11:41:26Z">
          <reporter-output>
          </reporter-output>
        </test-method> <!-- launchAutomation -->
        <test-method status="PASS" signature="afterSuite()[pri:0, instance:com.SSPWorldWide.Framework.Adviser.Helper.Launcher@4bbfb90a]" name="afterSuite" is-config="true" duration-ms="1496" started-at="2017-11-20T11:41:26Z" finished-at="2017-11-20T11:41:28Z">
          <reporter-output>
          </reporter-output>
        </test-method> <!-- afterSuite -->
        <test-method status="PASS" signature="afterSuite(org.testng.ITestContext)[pri:0, instance:com.SSPWorldWide.Framework.Adviser.Helper.WebdriverHelper@7c29daf3]" name="afterSuite" is-config="true" duration-ms="62" started-at="2017-11-20T11:41:28Z" finished-at="2017-11-20T11:41:28Z">
          <params>
            <param index="0">
              <value>
                <![CDATA[org.testng.TestRunner@6e7c351d]]>
              </value>
            </param>
          </params>
          <reporter-output>
          </reporter-output>
        </test-method> <!-- afterSuite -->
      </class> <!-- com.SSPWorldWide.Framework.Adviser.Helper.Launcher -->
    </test> <!-- Default test -->
  </suite> <!-- Default suite -->
</testng-results>
