<?xml version="1.0" encoding="UTF-8"?>
<!-- Generated by org.testng.reporters.JUnitXMLReporter -->
<testsuite hostname="IN00302" ignored="7" name="Transactions_Module_005" tests="1" failures="0" timestamp="25 Apr 2018 03:52:45 GMT" time="76.14" errors="0">
  <testcase name="Transactions_Module_005" time="73.416" classname="com.SSPWorldWide.Framework.Adviser.Testcases.Transactions_Module"/>
  <testcase name="Transactions_Module_007" time="0.0" classname="com.SSPWorldWide.Framework.Adviser.Testcases.Transactions_Module">
    <ignored/>
  </testcase> <!-- Transactions_Module_007 -->
  <testcase name="Transactions_Module_003" time="0.0" classname="com.SSPWorldWide.Framework.Adviser.Testcases.Transactions_Module">
    <ignored/>
  </testcase> <!-- Transactions_Module_003 -->
  <testcase name="Transactions_Module_006" time="0.0" classname="com.SSPWorldWide.Framework.Adviser.Testcases.Transactions_Module">
    <ignored/>
  </testcase> <!-- Transactions_Module_006 -->
  <testcase name="Transactions_Module_008" time="0.0" classname="com.SSPWorldWide.Framework.Adviser.Testcases.Transactions_Module">
    <ignored/>
  </testcase> <!-- Transactions_Module_008 -->
  <testcase name="Transactions_Module_002" time="0.0" classname="com.SSPWorldWide.Framework.Adviser.Testcases.Transactions_Module">
    <ignored/>
  </testcase> <!-- Transactions_Module_002 -->
  <testcase name="Transactions_Module_001" time="0.0" classname="com.SSPWorldWide.Framework.Adviser.Testcases.Transactions_Module">
    <ignored/>
  </testcase> <!-- Transactions_Module_001 -->
  <testcase name="Transactions_Module_004" time="0.0" classname="com.SSPWorldWide.Framework.Adviser.Testcases.Transactions_Module">
    <ignored/>
  </testcase> <!-- Transactions_Module_004 -->
</testsuite> <!-- Transactions_Module_005 -->
