<?xml version="1.0" encoding="UTF-8"?>
<!-- Generated by org.testng.reporters.JUnitXMLReporter -->
<testsuite hostname="IN00302" ignored="3" name="ClientSearch_Module_001" tests="1" failures="0" timestamp="25 Apr 2018 03:23:19 GMT" time="24.905" errors="0">
  <testcase name="ClientSearch_Module_001" time="22.573" classname="com.SSPWorldWide.Framework.Adviser.Testcases.ClientSearch_Module"/>
  <testcase name="ClientSearch_Module_003" time="0.0" classname="com.SSPWorldWide.Framework.Adviser.Testcases.ClientSearch_Module">
    <ignored/>
  </testcase> <!-- ClientSearch_Module_003 -->
  <testcase name="ClientSearch_Module_002" time="0.0" classname="com.SSPWorldWide.Framework.Adviser.Testcases.ClientSearch_Module">
    <ignored/>
  </testcase> <!-- ClientSearch_Module_002 -->
  <testcase name="ClientSearch_Module_004" time="0.0" classname="com.SSPWorldWide.Framework.Adviser.Testcases.ClientSearch_Module">
    <ignored/>
  </testcase> <!-- ClientSearch_Module_004 -->
</testsuite> <!-- ClientSearch_Module_001 -->
