<?xml version="1.0" encoding="UTF-8"?>
<!-- Generated by org.testng.reporters.JUnitXMLReporter -->
<testsuite hostname="IN00302" ignored="6" name="Activities_Module_003" tests="1" failures="0" timestamp="25 Apr 2018 03:15:20 GMT" time="109.0" errors="0">
  <testcase name="Activities_Module_003" time="106.33" classname="com.SSPWorldWide.Framework.Adviser.Testcases.Activities_Module"/>
  <testcase name="Activities_Module_007" time="0.0" classname="com.SSPWorldWide.Framework.Adviser.Testcases.Activities_Module">
    <ignored/>
  </testcase> <!-- Activities_Module_007 -->
  <testcase name="Activities_Module_004" time="0.0" classname="com.SSPWorldWide.Framework.Adviser.Testcases.Activities_Module">
    <ignored/>
  </testcase> <!-- Activities_Module_004 -->
  <testcase name="Activities_Module_001" time="0.0" classname="com.SSPWorldWide.Framework.Adviser.Testcases.Activities_Module">
    <ignored/>
  </testcase> <!-- Activities_Module_001 -->
  <testcase name="Activities_Module_002" time="0.0" classname="com.SSPWorldWide.Framework.Adviser.Testcases.Activities_Module">
    <ignored/>
  </testcase> <!-- Activities_Module_002 -->
  <testcase name="Activities_Module_005" time="0.0" classname="com.SSPWorldWide.Framework.Adviser.Testcases.Activities_Module">
    <ignored/>
  </testcase> <!-- Activities_Module_005 -->
  <testcase name="Activities_Module_006" time="0.0" classname="com.SSPWorldWide.Framework.Adviser.Testcases.Activities_Module">
    <ignored/>
  </testcase> <!-- Activities_Module_006 -->
</testsuite> <!-- Activities_Module_003 -->
