<?xml version="1.0" encoding="UTF-8"?>
<!-- Generated by org.testng.reporters.JUnitXMLReporter -->
<testsuite hostname="IN00302" ignored="2" name="Login_001" tests="1" failures="0" timestamp="27 Nov 2017 06:02:45 GMT" time="41.943" errors="0">
  <testcase name="Login_001" time="34.19" classname="com.VP.Framework.Adviser.Testcases.Login_TestSuite"/>
  <testcase name="Login_003" time="0.0" classname="com.VP.Framework.Adviser.Testcases.Login_TestSuite">
    <ignored/>
  </testcase> <!-- Login_003 -->
  <testcase name="Login_002" time="0.0" classname="com.VP.Framework.Adviser.Testcases.Login_TestSuite">
    <ignored/>
  </testcase> <!-- Login_002 -->
</testsuite> <!-- Login_001 -->
