<?xml version="1.0" encoding="UTF-8"?>
<!-- Generated by org.testng.reporters.JUnitXMLReporter -->
<testsuite hostname="IN00302" ignored="4" name="Client_Module_001" tests="1" failures="1" timestamp="02 Apr 2018 04:47:16 GMT" time="40.647" errors="0">
  <testcase name="Client_Module_001" time="29.543" classname="com.SSPWorldWide.Framework.Adviser.Testcases.Client_Module">
    <failure type="org.apache.poi.openxml4j.exceptions.InvalidFormatException" message="error reading zip file">
      <![CDATA[org.apache.poi.openxml4j.exceptions.InvalidFormatException: error reading zip file
	at org.apache.poi.openxml4j.opc.PackageRelationshipCollection.parseRelationshipsPart(PackageRelationshipCollection.java:362)
	at org.apache.poi.openxml4j.opc.PackageRelationshipCollection.<init>(PackageRelationshipCollection.java:167)
	at org.apache.poi.openxml4j.opc.PackageRelationshipCollection.<init>(PackageRelationshipCollection.java:135)
	at org.apache.poi.openxml4j.opc.PackagePart.loadRelationships(PackagePart.java:565)
	at org.apache.poi.openxml4j.opc.PackagePart.<init>(PackagePart.java:111)
	at org.apache.poi.openxml4j.opc.PackagePart.<init>(PackagePart.java:82)
	at org.apache.poi.openxml4j.opc.PackagePart.<init>(PackagePart.java:127)
	at org.apache.poi.openxml4j.opc.ZipPackagePart.<init>(ZipPackagePart.java:79)
	at org.apache.poi.openxml4j.opc.ZipPackage.getPartsImpl(ZipPackage.java:335)
	at org.apache.poi.openxml4j.opc.OPCPackage.getParts(OPCPackage.java:756)
	at org.apache.poi.openxml4j.opc.OPCPackage.open(OPCPackage.java:298)
	at org.apache.poi.openxml4j.opc.OPCPackage.open(OPCPackage.java:201)
	at org.apache.poi.xssf.usermodel.XSSFWorkbook.<init>(XSSFWorkbook.java:323)
	at com.SSPWorldWide.Framework.Adviser.ReadExcel.ExcelReusables.readFile(ExcelReusables.java:82)
	at com.SSPWorldWide.Framework.Adviser.ReadExcel.TestDataReader.getTData(TestDataReader.java:21)
	at com.SSPWorldWide.Framework.Adviser.ReadExcel.ReadProjectReusables.getActionSteps(ReadProjectReusables.java:105)
	at com.SSPWorldWide.Framework.Adviser.ReadExcel.TestcaseFlow.runSingleTest(TestcaseFlow.java:29)
	at com.SSPWorldWide.Framework.Adviser.Testcases.Client_Module.Client_Module_001(Client_Module.java:8)
	at java.util.concurrent.ThreadPoolExecutor.runWorker(ThreadPoolExecutor.java:1142)
	at java.util.concurrent.ThreadPoolExecutor$Worker.run(ThreadPoolExecutor.java:617)
	at java.lang.Thread.run(Thread.java:745)
... Removed 18 stack frames]]>
    </failure>
  </testcase> <!-- Client_Module_001 -->
  <testcase name="Client_Module_003" time="0.0" classname="com.SSPWorldWide.Framework.Adviser.Testcases.Client_Module">
    <ignored/>
  </testcase> <!-- Client_Module_003 -->
  <testcase name="Client_Module_002" time="0.0" classname="com.SSPWorldWide.Framework.Adviser.Testcases.Client_Module">
    <ignored/>
  </testcase> <!-- Client_Module_002 -->
  <testcase name="Client_Module_004" time="0.0" classname="com.SSPWorldWide.Framework.Adviser.Testcases.Client_Module">
    <ignored/>
  </testcase> <!-- Client_Module_004 -->
  <testcase name="Client_Module_005" time="0.0" classname="com.SSPWorldWide.Framework.Adviser.Testcases.Client_Module">
    <ignored/>
  </testcase> <!-- Client_Module_005 -->
</testsuite> <!-- Client_Module_001 -->
