<?xml version="1.0" encoding="UTF-8"?>
<!-- Generated by org.testng.reporters.JUnitXMLReporter -->
<testsuite hostname="IN00302" ignored="4" name="Client_Module_004" tests="1" failures="1" timestamp="02 Apr 2018 04:48:06 GMT" time="7.716" errors="0">
  <testcase name="Client_Module_004" time="0.0" classname="com.SSPWorldWide.Framework.Adviser.Testcases.Client_Module">
    <failure type="org.openqa.selenium.NoSuchSessionException" message="Session ID is null. Using WebDriver after calling quit()?
Build info: version: &amp;apos;3.7.1&amp;apos;, revision: &amp;apos;8a0099a&amp;apos;, time: &amp;apos;2017-11-06T21:01:39.354Z&amp;apos;
System info: host: &amp;apos;IN00302&amp;apos;, ip: &amp;apos;192.168.74.75&amp;apos;, os.name: &amp;apos;Windows 10&amp;apos;, os.arch: &amp;apos;amd64&amp;apos;, os.version: &amp;apos;10.0&amp;apos;, java.version: &amp;apos;1.8.0_102&amp;apos;
Driver info: driver.version: RemoteWebDriver">
      <![CDATA[org.openqa.selenium.NoSuchSessionException: Session ID is null. Using WebDriver after calling quit()?
Build info: version: '3.7.1', revision: '8a0099a', time: '2017-11-06T21:01:39.354Z'
System info: host: 'IN00302', ip: '192.168.74.75', os.name: 'Windows 10', os.arch: 'amd64', os.version: '10.0', java.version: '1.8.0_102'
Driver info: driver.version: RemoteWebDriver
	at org.openqa.selenium.remote.HttpCommandExecutor.execute(HttpCommandExecutor.java:131)
	at org.openqa.selenium.remote.service.DriverCommandExecutor.execute(DriverCommandExecutor.java:83)
	at org.openqa.selenium.remote.RemoteWebDriver.execute(RemoteWebDriver.java:600)
	at org.openqa.selenium.remote.RemoteWebDriver.get(RemoteWebDriver.java:324)
	at org.openqa.selenium.remote.RemoteWebDriver$RemoteNavigation.to(RemoteWebDriver.java:911)
	at com.SSPWorldWide.Framework.Adviser.Helper.CommonKeywords.navigateToURL(CommonKeywords.java:529)
	at com.SSPWorldWide.Framework.Adviser.Helper.CommonKeywords.getBrowserAction(CommonKeywords.java:194)
	at com.SSPWorldWide.Framework.Adviser.ReadExcel.ReadProjectReusables.getActionSteps(ReadProjectReusables.java:129)
	at com.SSPWorldWide.Framework.Adviser.ReadExcel.TestcaseFlow.runSingleTest(TestcaseFlow.java:32)
	at com.SSPWorldWide.Framework.Adviser.Testcases.Client_Module.Client_Module_004(Client_Module.java:24)
	at java.util.concurrent.ThreadPoolExecutor.runWorker(ThreadPoolExecutor.java:1142)
	at java.util.concurrent.ThreadPoolExecutor$Worker.run(ThreadPoolExecutor.java:617)
	at java.lang.Thread.run(Thread.java:745)
... Removed 18 stack frames]]>
    </failure>
  </testcase> <!-- Client_Module_004 -->
  <testcase name="Client_Module_003" time="0.0" classname="com.SSPWorldWide.Framework.Adviser.Testcases.Client_Module">
    <ignored/>
  </testcase> <!-- Client_Module_003 -->
  <testcase name="Client_Module_002" time="0.0" classname="com.SSPWorldWide.Framework.Adviser.Testcases.Client_Module">
    <ignored/>
  </testcase> <!-- Client_Module_002 -->
  <testcase name="Client_Module_001" time="0.0" classname="com.SSPWorldWide.Framework.Adviser.Testcases.Client_Module">
    <ignored/>
  </testcase> <!-- Client_Module_001 -->
  <testcase name="Client_Module_005" time="0.0" classname="com.SSPWorldWide.Framework.Adviser.Testcases.Client_Module">
    <ignored/>
  </testcase> <!-- Client_Module_005 -->
</testsuite> <!-- Client_Module_004 -->
