<?xml version="1.0" encoding="UTF-8"?>
<!-- Generated by org.testng.reporters.JUnitXMLReporter -->
<testsuite hostname="IN00302" ignored="0" name="Automation" tests="1" failures="0" timestamp="21 Nov 2017 08:19:08 GMT" time="0.012" errors="0">
  <testcase name="@BeforeSuite beforeSuite" time="0.038" classname="com.VP.Framework.Adviser.Helper.Launcher">
    <failure type="java.lang.ExceptionInInitializerError">
      <![CDATA[java.lang.ExceptionInInitializerError
	at com.VP.Framework.Adviser.Helper.Launcher.beforeSuite(Launcher.java:40)
Caused by: java.lang.NullPointerException
	at java.util.Properties$LineReader.readLine(Properties.java:434)
	at java.util.Properties.load0(Properties.java:353)
	at java.util.Properties.load(Properties.java:341)
	at com.VP.Framework.Adviser.Helper.PropReader.loadPropFiles(PropReader.java:25)
	at com.VP.Framework.Adviser.Helper.PropReader.readWebdriverConfig(PropReader.java:15)
	at com.VP.Framework.Adviser.Helper.WebdriverHelper.<clinit>(WebdriverHelper.java:48)
	... 20 more
... Removed 19 stack frames]]>
    </failure>
  </testcase> <!-- @BeforeSuite beforeSuite -->
  <testcase name="launchAutomation" time="0.0" classname="com.VP.Framework.Adviser.Helper.Launcher">
    <skipped/>
  </testcase> <!-- launchAutomation -->
</testsuite> <!-- Automation -->
