<?xml version="1.0" encoding="UTF-8"?>
<!-- Generated by org.testng.reporters.JUnitXMLReporter -->
<testsuite hostname="IN00302" ignored="5" name="Invoice_Module_004" tests="1" failures="1" timestamp="25 Apr 2018 03:36:31 GMT" time="37.246" errors="0">
  <testcase name="Invoice_Module_004" time="32.744" classname="com.SSPWorldWide.Framework.Adviser.Testcases.Invoice_Module">
    <failure type="com.SSPWorldWide.Framework.Adviser.Exceptions.SeleniumExceptions" message="element with locator : &amp;apos;By.id: InvoiceRecipient_PaymentDueDate&amp;apos; is not a textbox">
      <![CDATA[com.SSPWorldWide.Framework.Adviser.Exceptions.SeleniumExceptions: element with locator : 'By.id: InvoiceRecipient_PaymentDueDate' is not a textbox
	at com.SSPWorldWide.Framework.Adviser.Helper.CommonKeywords.waitForExpectedAndEnterText(CommonKeywords.java:560)
	at com.SSPWorldWide.Framework.Adviser.Helper.CommonKeywords.getWebelementAction(CommonKeywords.java:54)
	at com.SSPWorldWide.Framework.Adviser.ReadExcel.ReadProjectReusables.getActionSteps(ReadProjectReusables.java:122)
	at com.SSPWorldWide.Framework.Adviser.ReadExcel.TestcaseFlow.runSingleTest(TestcaseFlow.java:28)
	at com.SSPWorldWide.Framework.Adviser.Testcases.Invoice_Module.Invoice_Module_004(Invoice_Module.java:20)
	at java.util.concurrent.ThreadPoolExecutor.runWorker(Unknown Source)
	at java.util.concurrent.ThreadPoolExecutor$Worker.run(Unknown Source)
	at java.lang.Thread.run(Unknown Source)
... Removed 18 stack frames]]>
    </failure>
  </testcase> <!-- Invoice_Module_004 -->
  <testcase name="Invoice_Module_005" time="0.0" classname="com.SSPWorldWide.Framework.Adviser.Testcases.Invoice_Module">
    <ignored/>
  </testcase> <!-- Invoice_Module_005 -->
  <testcase name="Invoice_Module_002" time="0.0" classname="com.SSPWorldWide.Framework.Adviser.Testcases.Invoice_Module">
    <ignored/>
  </testcase> <!-- Invoice_Module_002 -->
  <testcase name="Invoice_Module_003" time="0.0" classname="com.SSPWorldWide.Framework.Adviser.Testcases.Invoice_Module">
    <ignored/>
  </testcase> <!-- Invoice_Module_003 -->
  <testcase name="Invoice_Module_006" time="0.0" classname="com.SSPWorldWide.Framework.Adviser.Testcases.Invoice_Module">
    <ignored/>
  </testcase> <!-- Invoice_Module_006 -->
  <testcase name="Invoice_Module_001" time="0.0" classname="com.SSPWorldWide.Framework.Adviser.Testcases.Invoice_Module">
    <ignored/>
  </testcase> <!-- Invoice_Module_001 -->
</testsuite> <!-- Invoice_Module_004 -->
