<?xml version="1.0" encoding="UTF-8"?>
<!-- Generated by org.testng.reporters.JUnitXMLReporter -->
<testsuite hostname="IN00302" ignored="5" name="Invoice_Module_003" tests="1" failures="0" timestamp="25 Apr 2018 03:35:54 GMT" time="181.554" errors="0">
  <testcase name="Invoice_Module_003" time="178.813" classname="com.SSPWorldWide.Framework.Adviser.Testcases.Invoice_Module"/>
  <testcase name="Invoice_Module_005" time="0.0" classname="com.SSPWorldWide.Framework.Adviser.Testcases.Invoice_Module">
    <ignored/>
  </testcase> <!-- Invoice_Module_005 -->
  <testcase name="Invoice_Module_002" time="0.0" classname="com.SSPWorldWide.Framework.Adviser.Testcases.Invoice_Module">
    <ignored/>
  </testcase> <!-- Invoice_Module_002 -->
  <testcase name="Invoice_Module_004" time="0.0" classname="com.SSPWorldWide.Framework.Adviser.Testcases.Invoice_Module">
    <ignored/>
  </testcase> <!-- Invoice_Module_004 -->
  <testcase name="Invoice_Module_006" time="0.0" classname="com.SSPWorldWide.Framework.Adviser.Testcases.Invoice_Module">
    <ignored/>
  </testcase> <!-- Invoice_Module_006 -->
  <testcase name="Invoice_Module_001" time="0.0" classname="com.SSPWorldWide.Framework.Adviser.Testcases.Invoice_Module">
    <ignored/>
  </testcase> <!-- Invoice_Module_001 -->
</testsuite> <!-- Invoice_Module_003 -->
