-------------------------------------------------------------------------------
Test set: TestSuite
-------------------------------------------------------------------------------
Tests run: 2, Failures: 1, Errors: 0, Skipped: 0, Time elapsed: 75.507 sec <<< FAILURE! - in TestSuite
afterSuite(com.SSPWorldWide.Framework.Adviser.Helper.Launcher)  Time elapsed: 74.653 sec  <<< FAILURE!
java.lang.NullPointerException
	at com.SSPWorldWide.Framework.Adviser.Helper.Launcher.afterSuite(Launcher.java:34)

