<?xml version="1.0" encoding="UTF-8"?>
<testng-results skipped="0" failed="0" ignored="0" total="1" passed="1">
  <reporter-output>
  </reporter-output>
  <suite name="Automation" duration-ms="111741" started-at="2018-04-25T07:54:16Z" finished-at="2018-04-25T07:56:08Z">
    <groups>
    </groups>
    <test name="Automation" duration-ms="111741" started-at="2018-04-25T07:54:16Z" finished-at="2018-04-25T07:56:08Z">
      <class name="com.SSPWorldWide.Framework.Adviser.Helper.Launcher">
        <test-method status="PASS" signature="beforeSuite(org.testng.ITestContext)[pri:0, instance:com.SSPWorldWide.Framework.Adviser.Helper.Launcher@4cc0edeb]" name="beforeSuite" is-config="true" duration-ms="1458" started-at="2018-04-25T13:24:15Z" finished-at="2018-04-25T13:24:16Z">
          <params>
            <param index="0">
              <value>
                <![CDATA[org.testng.TestRunner@4f169009]]>
              </value>
            </param>
          </params>
          <reporter-output>
          </reporter-output>
        </test-method> <!-- beforeSuite -->
        <test-method status="PASS" signature="launchAutomation()[pri:0, instance:com.SSPWorldWide.Framework.Adviser.Helper.Launcher@4cc0edeb]" name="launchAutomation" duration-ms="111729" started-at="2018-04-25T13:24:16Z" finished-at="2018-04-25T13:26:08Z">
          <reporter-output>
          </reporter-output>
        </test-method> <!-- launchAutomation -->
        <test-method status="PASS" signature="afterSuite()[pri:0, instance:com.SSPWorldWide.Framework.Adviser.Helper.Launcher@4cc0edeb]" name="afterSuite" is-config="true" duration-ms="1881" started-at="2018-04-25T13:26:08Z" finished-at="2018-04-25T13:26:10Z">
          <reporter-output>
          </reporter-output>
        </test-method> <!-- afterSuite -->
      </class> <!-- com.SSPWorldWide.Framework.Adviser.Helper.Launcher -->
    </test> <!-- Automation -->
  </suite> <!-- Automation -->
</testng-results>
