-------------------------------------------------------------------------------
Test set: TestSuite
-------------------------------------------------------------------------------
Tests run: 2, Failures: 1, Errors: 0, Skipped: 0, Time elapsed: 21.687 sec <<< FAILURE! - in TestSuite
afterSuite(com.SSPWorldWide.Framework.Adviser.Helper.Launcher)  Time elapsed: 21.369 sec  <<< FAILURE!
java.lang.UnsatisfiedLinkError: no freetype in java.library.path
	at com.SSPWorldWide.Framework.Adviser.Helper.Launcher.afterSuite(Launcher.java:35)

