<?xml version="1.0" encoding="UTF-8"?>
<testng-results skipped="0" failed="0" ignored="0" total="1" passed="1">
  <reporter-output>
  </reporter-output>
  <suite name="Automation" duration-ms="104533" started-at="2017-11-27T06:01:30Z" finished-at="2017-11-27T06:03:15Z">
    <groups>
    </groups>
    <test name="Automation" duration-ms="104533" started-at="2017-11-27T06:01:30Z" finished-at="2017-11-27T06:03:15Z">
      <class name="com.VP.Framework.Adviser.Helper.Launcher">
        <test-method status="PASS" signature="beforeSuite(org.testng.ITestContext)[pri:0, instance:com.VP.Framework.Adviser.Helper.Launcher@61dc03ce]" name="beforeSuite" is-config="true" duration-ms="654" started-at="2017-11-27T11:31:30Z" finished-at="2017-11-27T11:31:30Z">
          <params>
            <param index="0">
              <value>
                <![CDATA[org.testng.TestRunner@35bfa1bb]]>
              </value>
            </param>
          </params>
          <reporter-output>
          </reporter-output>
        </test-method> <!-- beforeSuite -->
        <test-method status="PASS" signature="launchAutomation()[pri:0, instance:com.VP.Framework.Adviser.Helper.Launcher@61dc03ce]" name="launchAutomation" duration-ms="104533" started-at="2017-11-27T11:31:30Z" finished-at="2017-11-27T11:33:15Z">
          <reporter-output>
          </reporter-output>
        </test-method> <!-- launchAutomation -->
        <test-method status="PASS" signature="afterSuite()[pri:0, instance:com.VP.Framework.Adviser.Helper.Launcher@61dc03ce]" name="afterSuite" is-config="true" duration-ms="1926" started-at="2017-11-27T11:33:15Z" finished-at="2017-11-27T11:33:17Z">
          <reporter-output>
          </reporter-output>
        </test-method> <!-- afterSuite -->
      </class> <!-- com.VP.Framework.Adviser.Helper.Launcher -->
    </test> <!-- Automation -->
  </suite> <!-- Automation -->
</testng-results>
