<?xml version="1.0" encoding="UTF-8"?>
<!-- Generated by org.testng.reporters.JUnitXMLReporter -->
<testsuite hostname="IN00302" ignored="0" name="Client_001" tests="1" failures="1" timestamp="30 Mar 2018 04:17:47 GMT" time="0.0" errors="0">
  <testcase name="Client_001" time="0.0" classname="com.SSPWorldWide.Framework.Adviser.Testcases.Client_Module">
    <failure type="java.lang.Exception" message=" Client.001 &amp;ensp;:&amp;ensp; testcaseID does not exist in the test suite">
      <![CDATA[java.lang.Exception:  Client.001 &ensp;:&ensp; testcaseID does not exist in the test suite
	at com.SSPWorldWide.Framework.Adviser.Testcases.Client_Module.Client_001(Client_Module.java:9)
	at com.SSPWorldWide.Framework.Adviser.Helper.DynamicSuiteFileCreator.runTestNG(DynamicSuiteFileCreator.java:159)
	at com.SSPWorldWide.Framework.Adviser.Helper.DynamicSuiteFileCreator.runSingleTestCase(DynamicSuiteFileCreator.java:166)
	at com.SSPWorldWide.Framework.Adviser.Helper.WebdriverHelper.launch(WebdriverHelper.java:284)
	at com.SSPWorldWide.Framework.Adviser.Helper.Launcher.launchAutomation(Launcher.java:39)
... Removed 50 stack frames]]>
    </failure>
  </testcase> <!-- Client_001 -->
</testsuite> <!-- Client_001 -->
