<?xml version="1.0" encoding="UTF-8"?>
<!-- Generated by org.testng.reporters.JUnitXMLReporter -->
<testsuite hostname="IN00302" ignored="2" name="Client.003" tests="1" failures="0" timestamp="08 Nov 2017 05:51:03 GMT" time="61.33" errors="0">
  <testcase name="Client_003" time="53.384" classname="com.SSPWorldWide.Framework.Adviser.Testcases.Client_Module"/>
  <testcase name="Client_002" time="0.0" classname="com.SSPWorldWide.Framework.Adviser.Testcases.Client_Module">
    <ignored/>
  </testcase> <!-- Client_002 -->
  <testcase name="Client_001" time="0.0" classname="com.SSPWorldWide.Framework.Adviser.Testcases.Client_Module">
    <ignored/>
  </testcase> <!-- Client_001 -->
</testsuite> <!-- Client.003 -->
