<?xml version="1.0" encoding="UTF-8"?>
<!-- Generated by org.testng.reporters.JUnitXMLReporter -->
<testsuite hostname="IN00302" ignored="12" name="Client_Module_002" tests="1" failures="0" timestamp="25 Apr 2018 03:32:34 GMT" time="30.021" errors="0">
  <testcase name="Client_Module_002" time="27.435" classname="com.SSPWorldWide.Framework.Adviser.Testcases.Client_Module"/>
  <testcase name="Client_Module_003" time="0.0" classname="com.SSPWorldWide.Framework.Adviser.Testcases.Client_Module">
    <ignored/>
  </testcase> <!-- Client_Module_003 -->
  <testcase name="Client_Module_008" time="0.0" classname="com.SSPWorldWide.Framework.Adviser.Testcases.Client_Module">
    <ignored/>
  </testcase> <!-- Client_Module_008 -->
  <testcase name="Client_Module_009" time="0.0" classname="com.SSPWorldWide.Framework.Adviser.Testcases.Client_Module">
    <ignored/>
  </testcase> <!-- Client_Module_009 -->
  <testcase name="Client_Module_007" time="0.0" classname="com.SSPWorldWide.Framework.Adviser.Testcases.Client_Module">
    <ignored/>
  </testcase> <!-- Client_Module_007 -->
  <testcase name="Client_Module_013" time="0.0" classname="com.SSPWorldWide.Framework.Adviser.Testcases.Client_Module">
    <ignored/>
  </testcase> <!-- Client_Module_013 -->
  <testcase name="Client_Module_011" time="0.0" classname="com.SSPWorldWide.Framework.Adviser.Testcases.Client_Module">
    <ignored/>
  </testcase> <!-- Client_Module_011 -->
  <testcase name="Client_Module_012" time="0.0" classname="com.SSPWorldWide.Framework.Adviser.Testcases.Client_Module">
    <ignored/>
  </testcase> <!-- Client_Module_012 -->
  <testcase name="Client_Module_001" time="0.0" classname="com.SSPWorldWide.Framework.Adviser.Testcases.Client_Module">
    <ignored/>
  </testcase> <!-- Client_Module_001 -->
  <testcase name="Client_Module_006" time="0.0" classname="com.SSPWorldWide.Framework.Adviser.Testcases.Client_Module">
    <ignored/>
  </testcase> <!-- Client_Module_006 -->
  <testcase name="Client_Module_010" time="0.0" classname="com.SSPWorldWide.Framework.Adviser.Testcases.Client_Module">
    <ignored/>
  </testcase> <!-- Client_Module_010 -->
  <testcase name="Client_Module_004" time="0.0" classname="com.SSPWorldWide.Framework.Adviser.Testcases.Client_Module">
    <ignored/>
  </testcase> <!-- Client_Module_004 -->
  <testcase name="Client_Module_005" time="0.0" classname="com.SSPWorldWide.Framework.Adviser.Testcases.Client_Module">
    <ignored/>
  </testcase> <!-- Client_Module_005 -->
</testsuite> <!-- Client_Module_002 -->
