<?xml version="1.0" encoding="UTF-8"?>
<!-- Generated by org.testng.reporters.JUnitXMLReporter -->
<testsuite hostname="IN00302" ignored="0" name="Client.003, Client.002, Client.001" tests="3" failures="0" timestamp="08 Nov 2017 03:16:58 GMT" time="148.152" errors="0">
  <testcase name="Client_001" time="42.491" classname="com.SSPWorldWide.Framework.Adviser.Testcases.Client_Module"/>
  <testcase name="Client_002" time="28.573" classname="com.SSPWorldWide.Framework.Adviser.Testcases.Client_Module"/>
  <testcase name="Client_003" time="54.587" classname="com.SSPWorldWide.Framework.Adviser.Testcases.Client_Module"/>
</testsuite> <!-- Client.003, Client.002, Client.001 -->
