<?xml version="1.0" encoding="UTF-8"?>
<!-- Generated by org.testng.reporters.JUnitXMLReporter -->
<testsuite hostname="IN00302" ignored="0" name="Client_004" tests="1" failures="1" timestamp="19 Apr 2018 02:37:20 GMT" time="3.629" errors="0">
  <testcase name="Client_004" time="0.0" classname="com.SSPWorldWide.Framework.Adviser.Testcases.Client_Module">
    <failure type="java.lang.Exception" message=" Client.004 &amp;ensp;:&amp;ensp; testcaseID does not exist in the test suite">
      <![CDATA[java.lang.Exception:  Client.004 &ensp;:&ensp; testcaseID does not exist in the test suite
	at com.SSPWorldWide.Framework.Adviser.Testcases.Client_Module.Client_004(Client_Module.java:8)
	at java.util.concurrent.ThreadPoolExecutor.runWorker(ThreadPoolExecutor.java:1142)
	at java.util.concurrent.ThreadPoolExecutor$Worker.run(ThreadPoolExecutor.java:617)
	at java.lang.Thread.run(Thread.java:745)
... Removed 18 stack frames]]>
    </failure>
  </testcase> <!-- Client_004 -->
</testsuite> <!-- Client_004 -->
