<!DOCTYPE html PUBLIC "-//W3C//DTD XHTML 1.1//EN" "http://www.w3.org/TR/xhtml11/DTD/xhtml11.dtd">
<html xmlns="http://www.w3.org/1999/xhtml"><head><title>TestNG Report</title><style type="text/css">table {margin-bottom:10px;border-collapse:collapse;empty-cells:show}th,td {border:1px solid #009;padding:.25em .5em}th {vertical-align:bottom}td {vertical-align:top}table a {font-weight:bold}.stripe td {background-color: #E6EBF9}.num {text-align:right}.passedodd td {background-color: #3F3}.passedeven td {background-color: #0A0}.skippedodd td {background-color: #DDD}.skippedeven td {background-color: #CCC}.failedodd td,.attn {background-color: #F33}.failedeven td,.stripe .attn {background-color: #D00}.stacktrace {white-space:pre;font-family:monospace}.totop {font-size:85%;text-align:center;border-bottom:2px solid #000}</style></head><body><table><tr><th>Test</th><th># Passed</th><th># Skipped</th><th># Failed</th><th>Time (ms)</th><th>Included Groups</th><th>Excluded Groups</th></tr><tr><th colspan="7">Login_TestSuite</th></tr><tr><td><a href="#t0">Login.002</a></td><td class="num">0</td><td class="num">0</td><td class="num attn">1</td><td class="num">21,488</td><td></td><td></td></tr><tr class="stripe"><td><a href="#t1">Login.001</a></td><td class="num">1</td><td class="num">0</td><td class="num">0</td><td class="num">12,969</td><td></td><td></td></tr><tr><td><a href="#t2">Login.003</a></td><td class="num">0</td><td class="num">0</td><td class="num attn">1</td><td class="num">21,823</td><td></td><td></td></tr><tr><th>Total</th><th class="num">1</th><th class="num">0</th><th class="num attn">2</th><th class="num">56,280</th><th colspan="2"></th></tr></table><table id='summary'><thead><tr><th>Class</th><th>Method</th><th>Start</th><th>Time (ms)</th></tr></thead><tbody><tr><th colspan="4">Login_TestSuite</th></tr></tbody><tbody id="t0"><tr><th colspan="4">Login.002 &#8212; failed</th></tr><tr class="failedeven"><td rowspan="1">com.SSPWorldWide.Framework.Adviser.Testcases.Login_TestSuite</td><td><a href="#m0">Login_002</a></td><td rowspan="1">1508225653202</td><td rowspan="1">13176</td></tr></tbody><tbody id="t1"><tr><th colspan="4">Login.001 &#8212; passed</th></tr><tr class="passedeven"><td rowspan="1">com.SSPWorldWide.Framework.Adviser.Testcases.Login_TestSuite</td><td><a href="#m1">Login_001</a></td><td rowspan="1">1508225674691</td><td rowspan="1">5946</td></tr></tbody><tbody id="t2"><tr><th colspan="4">Login.003 &#8212; failed</th></tr><tr class="failedeven"><td rowspan="1">com.SSPWorldWide.Framework.Adviser.Testcases.Login_TestSuite</td><td><a href="#m2">Login_003</a></td><td rowspan="1">1508225687684</td><td rowspan="1">13401</td></tr></tbody></table><h2>Login.002</h2><h3 id="m0">com.SSPWorldWide.Framework.Adviser.Testcases.Login_TestSuite#Login_002</h3><table class="result"><tr><th>Exception</th></tr><tr><td><div class="stacktrace">org.openqa.selenium.TimeoutException: Expected condition failed: waiting for visibility of element located by By.cssSelector: .headerText.headerTextLogout&gt;a (tried for 10 second(s) with 500 MILLISECONDS interval)
	at org.openqa.selenium.support.ui.WebDriverWait.timeoutException(WebDriverWait.java:80)
	at org.openqa.selenium.support.ui.FluentWait.until(FluentWait.java:232)
	at com.SSPWorldWide.Framework.Adviser.Helper.CommonKeywords.elementIsPresent(CommonKeywords.java:68)
	at com.SSPWorldWide.Framework.Adviser.Helper.CommonKeywords.getWebelementAction(CommonKeywords.java:24)
	at com.SSPWorldWide.Framework.Adviser.ReadExcel.Read_ProjectReusables.getActionSteps1(Read_ProjectReusables.java:111)
	at com.SSPWorldWide.Framework.Adviser.ReadExcel.TestcaseFlow.runSingleTest(TestcaseFlow.java:16)
	at com.SSPWorldWide.Framework.Adviser.Testcases.Login_TestSuite.Login_002(Login_TestSuite.java:9)
	at com.SSPWorldWide.Framework.Adviser.Helper.DynamicSuiteFileCreator.runTestNG(DynamicSuiteFileCreator.java:81)
	at com.SSPWorldWide.Framework.Adviser.Helper.DynamicSuiteFileCreator.runRegressionSuite(DynamicSuiteFileCreator.java:96)
	at com.SSPWorldWide.Framework.Adviser.Helper.WebdriverHelper.launch(WebdriverHelper.java:189)
	at com.SSPWorldWide.Framework.Adviser.Helper.Launcher.launchAutomation(Launcher.java:22)
Caused by: org.openqa.selenium.NoSuchElementException: Cannot locate an element using By.cssSelector: .headerText.headerTextLogout&gt;a
For documentation on this error, please visit: http://seleniumhq.org/exceptions/no_such_element.html
Build info: version: &apos;3.5.3&apos;, revision: &apos;a88d25fe6b&apos;, time: &apos;2017-08-29T12:42:44.417Z&apos;
System info: host: &apos;IN00302&apos;, ip: &apos;192.168.74.75&apos;, os.name: &apos;Windows 10&apos;, os.arch: &apos;amd64&apos;, os.version: &apos;10.0&apos;, java.version: &apos;1.8.0_102&apos;
Driver info: driver.version: unknown
	at org.openqa.selenium.support.ui.ExpectedConditions.lambda$findElement$0(ExpectedConditions.java:883)
	at java.util.Optional.orElseThrow(Optional.java:290)
	at org.openqa.selenium.support.ui.ExpectedConditions.findElement(ExpectedConditions.java:882)
	at org.openqa.selenium.support.ui.ExpectedConditions.access$000(ExpectedConditions.java:44)
	at org.openqa.selenium.support.ui.ExpectedConditions$7.apply(ExpectedConditions.java:206)
	at org.openqa.selenium.support.ui.ExpectedConditions$7.apply(ExpectedConditions.java:202)
	at org.openqa.selenium.support.ui.FluentWait.until(FluentWait.java:209)
	... 59 more
... Removed 50 stack frames</div></td></tr></table><p class="totop"><a href="#summary">back to summary</a></p><h2>Login.001</h2><h3 id="m1">com.SSPWorldWide.Framework.Adviser.Testcases.Login_TestSuite#Login_001</h3><table class="result"></table><p class="totop"><a href="#summary">back to summary</a></p><h2>Login.003</h2><h3 id="m2">com.SSPWorldWide.Framework.Adviser.Testcases.Login_TestSuite#Login_003</h3><table class="result"><tr><th>Exception</th></tr><tr><td><div class="stacktrace">org.openqa.selenium.TimeoutException: Expected condition failed: waiting for visibility of element located by By.cssSelector: .headerText.headerTextLogout&gt;a (tried for 10 second(s) with 500 MILLISECONDS interval)
	at org.openqa.selenium.support.ui.WebDriverWait.timeoutException(WebDriverWait.java:80)
	at org.openqa.selenium.support.ui.FluentWait.until(FluentWait.java:232)
	at com.SSPWorldWide.Framework.Adviser.Helper.CommonKeywords.elementIsPresent(CommonKeywords.java:68)
	at com.SSPWorldWide.Framework.Adviser.Helper.CommonKeywords.getWebelementAction(CommonKeywords.java:24)
	at com.SSPWorldWide.Framework.Adviser.ReadExcel.Read_ProjectReusables.getActionSteps1(Read_ProjectReusables.java:111)
	at com.SSPWorldWide.Framework.Adviser.ReadExcel.TestcaseFlow.runSingleTest(TestcaseFlow.java:16)
	at com.SSPWorldWide.Framework.Adviser.Testcases.Login_TestSuite.Login_003(Login_TestSuite.java:17)
	at com.SSPWorldWide.Framework.Adviser.Helper.DynamicSuiteFileCreator.runTestNG(DynamicSuiteFileCreator.java:81)
	at com.SSPWorldWide.Framework.Adviser.Helper.DynamicSuiteFileCreator.runRegressionSuite(DynamicSuiteFileCreator.java:96)
	at com.SSPWorldWide.Framework.Adviser.Helper.WebdriverHelper.launch(WebdriverHelper.java:189)
	at com.SSPWorldWide.Framework.Adviser.Helper.Launcher.launchAutomation(Launcher.java:22)
Caused by: org.openqa.selenium.NoSuchElementException: Cannot locate an element using By.cssSelector: .headerText.headerTextLogout&gt;a
For documentation on this error, please visit: http://seleniumhq.org/exceptions/no_such_element.html
Build info: version: &apos;3.5.3&apos;, revision: &apos;a88d25fe6b&apos;, time: &apos;2017-08-29T12:42:44.417Z&apos;
System info: host: &apos;IN00302&apos;, ip: &apos;192.168.74.75&apos;, os.name: &apos;Windows 10&apos;, os.arch: &apos;amd64&apos;, os.version: &apos;10.0&apos;, java.version: &apos;1.8.0_102&apos;
Driver info: driver.version: unknown
	at org.openqa.selenium.support.ui.ExpectedConditions.lambda$findElement$0(ExpectedConditions.java:883)
	at java.util.Optional.orElseThrow(Optional.java:290)
	at org.openqa.selenium.support.ui.ExpectedConditions.findElement(ExpectedConditions.java:882)
	at org.openqa.selenium.support.ui.ExpectedConditions.access$000(ExpectedConditions.java:44)
	at org.openqa.selenium.support.ui.ExpectedConditions$7.apply(ExpectedConditions.java:206)
	at org.openqa.selenium.support.ui.ExpectedConditions$7.apply(ExpectedConditions.java:202)
	at org.openqa.selenium.support.ui.FluentWait.until(FluentWait.java:209)
	... 59 more
... Removed 50 stack frames</div></td></tr></table><p class="totop"><a href="#summary">back to summary</a></p></body></html>