<?xml version="1.0" encoding="UTF-8"?>
<testng-results skipped="0" failed="1" ignored="0" total="1" passed="0">
  <reporter-output>
  </reporter-output>
  <suite name="Login_TestSuite" duration-ms="19439" started-at="2017-10-16T03:37:02Z" finished-at="2017-10-16T03:37:22Z">
    <groups>
    </groups>
    <test name="Login.001" duration-ms="19439" started-at="2017-10-16T03:37:02Z" finished-at="2017-10-16T03:37:22Z">
      <class name="com.SSPWorldWide.Framework.Adviser.Testcases.Login_TestSuite">
        <test-method status="PASS" signature="beforeSuite(org.testng.ITestContext)[pri:0, instance:com.SSPWorldWide.Framework.Adviser.Testcases.Login_TestSuite@24111ef1]" name="beforeSuite" is-config="true" duration-ms="172" started-at="2017-10-16T09:07:02Z" finished-at="2017-10-16T09:07:02Z">
          <params>
            <param index="0">
              <value>
                <![CDATA[org.testng.TestRunner@659925f4]]>
              </value>
            </param>
          </params>
          <reporter-output>
          </reporter-output>
        </test-method> <!-- beforeSuite -->
        <test-method status="PASS" signature="beforeMethod(java.lang.reflect.Method)[pri:0, instance:com.SSPWorldWide.Framework.Adviser.Testcases.Login_TestSuite@24111ef1]" name="beforeMethod" is-config="true" duration-ms="7493" started-at="2017-10-16T09:07:02Z" finished-at="2017-10-16T09:07:10Z">
          <params>
            <param index="0">
              <value>
                <![CDATA[public static void com.SSPWorldWide.Framework.Adviser.Testcases.Login_TestSuite.Login_001() throws java.lang.Exception]]>
              </value>
            </param>
          </params>
          <reporter-output>
          </reporter-output>
        </test-method> <!-- beforeMethod -->
        <test-method status="FAIL" signature="Login_001()[pri:0, instance:com.SSPWorldWide.Framework.Adviser.Testcases.Login_TestSuite@24111ef1]" name="Login_001" duration-ms="11274" started-at="2017-10-16T09:07:10Z" description="Login with a valid user" finished-at="2017-10-16T09:07:21Z">
          <exception class="org.openqa.selenium.TimeoutException">
            <message>
              <![CDATA[Expected condition failed: waiting for visibility of element located by By.id: LoginDetailModel_UserName (tried for 10 second(s) with 500 MILLISECONDS interval)]]>
            </message>
            <full-stacktrace>
              <![CDATA[org.openqa.selenium.TimeoutException: Expected condition failed: waiting for visibility of element located by By.id: LoginDetailModel_UserName (tried for 10 second(s) with 500 MILLISECONDS interval)
	at org.openqa.selenium.support.ui.WebDriverWait.timeoutException(WebDriverWait.java:80)
	at org.openqa.selenium.support.ui.FluentWait.until(FluentWait.java:232)
	at com.SSPWorldWide.Framework.Adviser.Helper.CommonKeywords.waitForExpectedAndEnterText(CommonKeywords.java:95)
	at com.SSPWorldWide.Framework.Adviser.Helper.CommonKeywords.getWebelementAction(CommonKeywords.java:16)
	at com.SSPWorldWide.Framework.Adviser.ReadExcel.Read_ProjectReusables.getActionSteps1(Read_ProjectReusables.java:105)
	at com.SSPWorldWide.Framework.Adviser.ReadExcel.TestcaseFlow.runSingleTest(TestcaseFlow.java:13)
	at com.SSPWorldWide.Framework.Adviser.Testcases.Login_TestSuite.Login_001(Login_TestSuite.java:9)
	at sun.reflect.NativeMethodAccessorImpl.invoke0(Native Method)
	at sun.reflect.NativeMethodAccessorImpl.invoke(NativeMethodAccessorImpl.java:62)
	at sun.reflect.DelegatingMethodAccessorImpl.invoke(DelegatingMethodAccessorImpl.java:43)
	at java.lang.reflect.Method.invoke(Method.java:498)
	at org.testng.internal.MethodInvocationHelper.invokeMethod(MethodInvocationHelper.java:108)
	at org.testng.internal.Invoker.invokeMethod(Invoker.java:661)
	at org.testng.internal.Invoker.invokeTestMethod(Invoker.java:869)
	at org.testng.internal.Invoker.invokeTestMethods(Invoker.java:1193)
	at org.testng.internal.TestMethodWorker.invokeTestMethods(TestMethodWorker.java:126)
	at org.testng.internal.TestMethodWorker.run(TestMethodWorker.java:109)
	at org.testng.TestRunner.privateRun(TestRunner.java:744)
	at org.testng.TestRunner.run(TestRunner.java:602)
	at org.testng.SuiteRunner.runTest(SuiteRunner.java:380)
	at org.testng.SuiteRunner.runSequentially(SuiteRunner.java:375)
	at org.testng.SuiteRunner.privateRun(SuiteRunner.java:340)
	at org.testng.SuiteRunner.run(SuiteRunner.java:289)
	at org.testng.SuiteRunnerWorker.runSuite(SuiteRunnerWorker.java:52)
	at org.testng.SuiteRunnerWorker.run(SuiteRunnerWorker.java:86)
	at org.testng.TestNG.runSuitesSequentially(TestNG.java:1301)
	at org.testng.TestNG.runSuitesLocally(TestNG.java:1226)
	at org.testng.TestNG.runSuites(TestNG.java:1144)
	at org.testng.TestNG.run(TestNG.java:1115)
	at com.SSPWorldWide.Framework.Adviser.Helper.DynamicSuiteFileCreator.runTestNG(DynamicSuiteFileCreator.java:81)
	at com.SSPWorldWide.Framework.Adviser.Helper.DynamicSuiteFileCreator.runSingleSuite(DynamicSuiteFileCreator.java:88)
	at com.SSPWorldWide.Framework.Adviser.Helper.WebdriverHelper.launch(WebdriverHelper.java:192)
	at com.SSPWorldWide.Framework.Adviser.Helper.Launcher.launchAutomation(Launcher.java:23)
	at sun.reflect.NativeMethodAccessorImpl.invoke0(Native Method)
	at sun.reflect.NativeMethodAccessorImpl.invoke(NativeMethodAccessorImpl.java:62)
	at sun.reflect.DelegatingMethodAccessorImpl.invoke(DelegatingMethodAccessorImpl.java:43)
	at java.lang.reflect.Method.invoke(Method.java:498)
	at org.testng.internal.MethodInvocationHelper.invokeMethod(MethodInvocationHelper.java:108)
	at org.testng.internal.Invoker.invokeMethod(Invoker.java:661)
	at org.testng.internal.Invoker.invokeTestMethod(Invoker.java:869)
	at org.testng.internal.Invoker.invokeTestMethods(Invoker.java:1193)
	at org.testng.internal.TestMethodWorker.invokeTestMethods(TestMethodWorker.java:126)
	at org.testng.internal.TestMethodWorker.run(TestMethodWorker.java:109)
	at org.testng.TestRunner.privateRun(TestRunner.java:744)
	at org.testng.TestRunner.run(TestRunner.java:602)
	at org.testng.SuiteRunner.runTest(SuiteRunner.java:380)
	at org.testng.SuiteRunner.runSequentially(SuiteRunner.java:375)
	at org.testng.SuiteRunner.privateRun(SuiteRunner.java:340)
	at org.testng.SuiteRunner.run(SuiteRunner.java:289)
	at org.testng.SuiteRunnerWorker.runSuite(SuiteRunnerWorker.java:52)
	at org.testng.SuiteRunnerWorker.run(SuiteRunnerWorker.java:86)
	at org.testng.TestNG.runSuitesSequentially(TestNG.java:1301)
	at org.testng.TestNG.runSuitesLocally(TestNG.java:1226)
	at org.testng.TestNG.runSuites(TestNG.java:1144)
	at org.testng.TestNG.run(TestNG.java:1115)
	at org.apache.maven.surefire.testng.TestNGExecutor.run(TestNGExecutor.java:281)
	at org.apache.maven.surefire.testng.TestNGXmlTestSuite.execute(TestNGXmlTestSuite.java:75)
	at org.apache.maven.surefire.testng.TestNGProvider.invoke(TestNGProvider.java:121)
	at org.apache.maven.surefire.booter.ForkedBooter.invokeProviderInSameClassLoader(ForkedBooter.java:290)
	at org.apache.maven.surefire.booter.ForkedBooter.runSuitesInProcess(ForkedBooter.java:242)
	at org.apache.maven.surefire.booter.ForkedBooter.main(ForkedBooter.java:121)
Caused by: org.openqa.selenium.NoSuchElementException: Cannot locate an element using By.id: LoginDetailModel_UserName
For documentation on this error, please visit: http://seleniumhq.org/exceptions/no_such_element.html
Build info: version: '3.5.3', revision: 'a88d25fe6b', time: '2017-08-29T12:42:44.417Z'
System info: host: 'IN00302', ip: '192.168.74.75', os.name: 'Windows 10', os.arch: 'amd64', os.version: '10.0', java.version: '1.8.0_102'
Driver info: driver.version: unknown
	at org.openqa.selenium.support.ui.ExpectedConditions.lambda$findElement$0(ExpectedConditions.java:883)
	at java.util.Optional.orElseThrow(Optional.java:290)
	at org.openqa.selenium.support.ui.ExpectedConditions.findElement(ExpectedConditions.java:882)
	at org.openqa.selenium.support.ui.ExpectedConditions.access$000(ExpectedConditions.java:44)
	at org.openqa.selenium.support.ui.ExpectedConditions$7.apply(ExpectedConditions.java:206)
	at org.openqa.selenium.support.ui.ExpectedConditions$7.apply(ExpectedConditions.java:202)
	at org.openqa.selenium.support.ui.FluentWait.until(FluentWait.java:209)
	... 59 more
]]>
            </full-stacktrace>
          </exception> <!-- org.openqa.selenium.TimeoutException -->
          <reporter-output>
          </reporter-output>
        </test-method> <!-- Login_001 -->
        <test-method status="PASS" signature="tearDown(org.testng.ITestResult)[pri:0, instance:com.SSPWorldWide.Framework.Adviser.Testcases.Login_TestSuite@24111ef1]" name="tearDown" is-config="true" duration-ms="672" started-at="2017-10-16T09:07:21Z" finished-at="2017-10-16T09:07:22Z">
          <params>
            <param index="0">
              <value>
                <![CDATA[[TestResult name=Login_001 status=FAILURE method=Login_TestSuite.Login_001()[pri:0, instance:com.SSPWorldWide.Framework.Adviser.Testcases.Login_TestSuite@24111ef1] output={null}]]]>
              </value>
            </param>
          </params>
          <reporter-output>
          </reporter-output>
        </test-method> <!-- tearDown -->
        <test-method status="PASS" signature="afterSuite(org.testng.ITestContext)[pri:0, instance:com.SSPWorldWide.Framework.Adviser.Testcases.Login_TestSuite@24111ef1]" name="afterSuite" is-config="true" duration-ms="235" started-at="2017-10-16T09:07:22Z" finished-at="2017-10-16T09:07:22Z">
          <params>
            <param index="0">
              <value>
                <![CDATA[org.testng.TestRunner@659925f4]]>
              </value>
            </param>
          </params>
          <reporter-output>
          </reporter-output>
        </test-method> <!-- afterSuite -->
      </class> <!-- com.SSPWorldWide.Framework.Adviser.Testcases.Login_TestSuite -->
    </test> <!-- Login.001 -->
  </suite> <!-- Login_TestSuite -->
</testng-results>
