<?xml version="1.0" encoding="UTF-8"?>
<testng-results skipped="0" failed="0" ignored="0" total="1" passed="1">
  <reporter-output>
  </reporter-output>
  <suite name="Exmaple_Scenarios" duration-ms="44549" started-at="2017-11-21T08:19:55Z" finished-at="2017-11-21T08:20:39Z">
    <groups>
    </groups>
    <test name="Example_001" duration-ms="44549" started-at="2017-11-21T08:19:55Z" finished-at="2017-11-21T08:20:39Z">
      <class name="com.VP.Framework.Adviser.Testcases.Exmaple_Scenarios">
        <test-method status="PASS" signature="beforeSuite(org.testng.ITestContext)[pri:0, instance:com.VP.Framework.Adviser.Testcases.Exmaple_Scenarios@58ce9668]" name="beforeSuite" is-config="true" duration-ms="162" started-at="2017-11-21T13:49:54Z" finished-at="2017-11-21T13:49:55Z">
          <params>
            <param index="0">
              <value>
                <![CDATA[org.testng.TestRunner@10fbbdb]]>
              </value>
            </param>
          </params>
          <reporter-output>
          </reporter-output>
        </test-method> <!-- beforeSuite -->
        <test-method status="PASS" signature="beforeMethod(java.lang.reflect.Method)[pri:0, instance:com.VP.Framework.Adviser.Testcases.Exmaple_Scenarios@58ce9668]" name="beforeMethod" is-config="true" duration-ms="8038" started-at="2017-11-21T13:49:55Z" finished-at="2017-11-21T13:50:03Z">
          <params>
            <param index="0">
              <value>
                <![CDATA[public static void com.VP.Framework.Adviser.Testcases.Exmaple_Scenarios.Example_001() throws java.lang.Exception]]>
              </value>
            </param>
          </params>
          <reporter-output>
          </reporter-output>
        </test-method> <!-- beforeMethod -->
        <test-method status="PASS" signature="Example_001()[pri:0, instance:com.VP.Framework.Adviser.Testcases.Exmaple_Scenarios@58ce9668]" name="Example_001" duration-ms="36508" started-at="2017-11-21T13:50:03Z" description="Personal Client Creation/updation" finished-at="2017-11-21T13:50:39Z">
          <reporter-output>
          </reporter-output>
        </test-method> <!-- Example_001 -->
        <test-method status="PASS" signature="tearDown(org.testng.ITestResult)[pri:0, instance:com.VP.Framework.Adviser.Testcases.Exmaple_Scenarios@58ce9668]" name="tearDown" is-config="true" duration-ms="1" started-at="2017-11-21T13:50:39Z" finished-at="2017-11-21T13:50:39Z">
          <params>
            <param index="0">
              <value>
                <![CDATA[[TestResult name=Example_001 status=SUCCESS method=Exmaple_Scenarios.Example_001()[pri:0, instance:com.VP.Framework.Adviser.Testcases.Exmaple_Scenarios@58ce9668] output={null}]]]>
              </value>
            </param>
          </params>
          <reporter-output>
          </reporter-output>
        </test-method> <!-- tearDown -->
        <test-method status="PASS" signature="afterSuite(org.testng.ITestContext)[pri:0, instance:com.VP.Framework.Adviser.Testcases.Exmaple_Scenarios@58ce9668]" name="afterSuite" is-config="true" duration-ms="537" started-at="2017-11-21T13:50:39Z" finished-at="2017-11-21T13:50:40Z">
          <params>
            <param index="0">
              <value>
                <![CDATA[org.testng.TestRunner@10fbbdb]]>
              </value>
            </param>
          </params>
          <reporter-output>
          </reporter-output>
        </test-method> <!-- afterSuite -->
      </class> <!-- com.VP.Framework.Adviser.Testcases.Exmaple_Scenarios -->
    </test> <!-- Example_001 -->
  </suite> <!-- Exmaple_Scenarios -->
</testng-results>
