<?xml version="1.0" encoding="UTF-8"?>
<testng-results skipped="0" failed="0" total="1" passed="1">
  <reporter-output>
  </reporter-output>
  <suite name="Login_TestSuite" duration-ms="14744" started-at="2017-10-03T11:00:17Z" finished-at="2017-10-03T11:00:31Z">
    <groups>
    </groups>
    <test name="Login_001" duration-ms="14744" started-at="2017-10-03T11:00:17Z" finished-at="2017-10-03T11:00:31Z">
      <class name="com.SSPWorldWide.Framework.Adviser.Testcases.Login_TestSuite">
        <test-method status="PASS" signature="beforeSuite()[pri:0, instance:com.SSPWorldWide.Framework.Adviser.Testcases.Login_TestSuite@72bc6553]" name="beforeSuite" is-config="true" duration-ms="7" started-at="2017-10-03T16:30:17Z" finished-at="2017-10-03T16:30:17Z">
          <reporter-output>
          </reporter-output>
        </test-method> <!-- beforeSuite -->
        <test-method status="PASS" signature="beforeMethod(java.lang.reflect.Method)[pri:0, instance:com.SSPWorldWide.Framework.Adviser.Testcases.Login_TestSuite@72bc6553]" name="beforeMethod" is-config="true" duration-ms="7495" started-at="2017-10-03T16:30:17Z" finished-at="2017-10-03T16:30:24Z">
          <params>
            <param index="0">
              <value>
                <![CDATA[public static void com.SSPWorldWide.Framework.Adviser.Testcases.Login_TestSuite.Login_001() throws java.lang.Exception]]>
              </value>
            </param>
          </params>
          <reporter-output>
          </reporter-output>
        </test-method> <!-- beforeMethod -->
        <test-method status="PASS" signature="Login_001()[pri:0, instance:com.SSPWorldWide.Framework.Adviser.Testcases.Login_TestSuite@72bc6553]" name="Login_001" duration-ms="7239" started-at="2017-10-03T16:30:24Z" finished-at="2017-10-03T16:30:31Z">
          <reporter-output>
          </reporter-output>
        </test-method> <!-- Login_001 -->
        <test-method status="PASS" signature="tearDown(org.testng.ITestResult)[pri:0, instance:com.SSPWorldWide.Framework.Adviser.Testcases.Login_TestSuite@72bc6553]" name="tearDown" is-config="true" duration-ms="0" started-at="2017-10-03T16:30:31Z" finished-at="2017-10-03T16:30:31Z">
          <params>
            <param index="0">
              <value>
                <![CDATA[[TestResult name=Login_001 status=SUCCESS method=Login_TestSuite.Login_001()[pri:0, instance:com.SSPWorldWide.Framework.Adviser.Testcases.Login_TestSuite@72bc6553] output={null}]]]>
              </value>
            </param>
          </params>
          <reporter-output>
          </reporter-output>
        </test-method> <!-- tearDown -->
        <test-method status="PASS" signature="afterTest()[pri:0, instance:com.SSPWorldWide.Framework.Adviser.Testcases.Login_TestSuite@72bc6553]" name="afterTest" is-config="true" duration-ms="1" started-at="2017-10-03T16:30:31Z" finished-at="2017-10-03T16:30:31Z">
          <reporter-output>
          </reporter-output>
        </test-method> <!-- afterTest -->
        <test-method status="PASS" signature="afterSuite()[pri:0, instance:com.SSPWorldWide.Framework.Adviser.Testcases.Login_TestSuite@72bc6553]" name="afterSuite" is-config="true" duration-ms="232" started-at="2017-10-03T16:30:31Z" finished-at="2017-10-03T16:30:32Z">
          <reporter-output>
          </reporter-output>
        </test-method> <!-- afterSuite -->
      </class> <!-- com.SSPWorldWide.Framework.Adviser.Testcases.Login_TestSuite -->
    </test> <!-- Login_001 -->
  </suite> <!-- Login_TestSuite -->
</testng-results>
