<?xml version="1.0" encoding="UTF-8"?>
<testng-results skipped="0" failed="1" ignored="0" total="1" passed="0">
  <reporter-output>
  </reporter-output>
  <suite name="Exmaple_Scenarios" duration-ms="34186" started-at="2017-11-17T08:18:06Z" finished-at="2017-11-17T08:18:40Z">
    <groups>
    </groups>
    <test name="Example_001" duration-ms="34186" started-at="2017-11-17T08:18:06Z" finished-at="2017-11-17T08:18:40Z">
      <class name="com.SSPWorldWide.Framework.Adviser.Testcases.Exmaple_Scenarios">
        <test-method status="PASS" signature="beforeSuite(org.testng.ITestContext)[pri:0, instance:com.SSPWorldWide.Framework.Adviser.Testcases.Exmaple_Scenarios@7b5a12ae]" name="beforeSuite" is-config="true" duration-ms="224" started-at="2017-11-17T13:48:06Z" finished-at="2017-11-17T13:48:06Z">
          <params>
            <param index="0">
              <value>
                <![CDATA[org.testng.TestRunner@2b8bd798]]>
              </value>
            </param>
          </params>
          <reporter-output>
          </reporter-output>
        </test-method> <!-- beforeSuite -->
        <test-method status="PASS" signature="beforeMethod(java.lang.reflect.Method)[pri:0, instance:com.SSPWorldWide.Framework.Adviser.Testcases.Exmaple_Scenarios@7b5a12ae]" name="beforeMethod" is-config="true" duration-ms="9257" started-at="2017-11-17T13:48:06Z" finished-at="2017-11-17T13:48:15Z">
          <params>
            <param index="0">
              <value>
                <![CDATA[public static void com.SSPWorldWide.Framework.Adviser.Testcases.Exmaple_Scenarios.Example_001() throws java.lang.Exception]]>
              </value>
            </param>
          </params>
          <reporter-output>
          </reporter-output>
        </test-method> <!-- beforeMethod -->
        <test-method status="FAIL" signature="Example_001()[pri:0, instance:com.SSPWorldWide.Framework.Adviser.Testcases.Exmaple_Scenarios@7b5a12ae]" name="Example_001" duration-ms="21928" started-at="2017-11-17T13:48:15Z" description="Personal Client Creation/updation" finished-at="2017-11-17T13:48:37Z">
          <exception class="org.openqa.selenium.TimeoutException">
            <message>
              <![CDATA[Expected condition failed: waiting for visibility of element located by By.name: name (tried for 10 second(s) with 500 MILLISECONDS interval)]]>
            </message>
            <full-stacktrace>
              <![CDATA[org.openqa.selenium.TimeoutException: Expected condition failed: waiting for visibility of element located by By.name: name (tried for 10 second(s) with 500 MILLISECONDS interval)
	at org.openqa.selenium.support.ui.WebDriverWait.timeoutException(WebDriverWait.java:82)
	at org.openqa.selenium.support.ui.FluentWait.until(FluentWait.java:231)
	at com.SSPWorldWide.Framework.Adviser.Helper.CommonKeywords.waitForExpectedAndEnterText(CommonKeywords.java:356)
	at com.SSPWorldWide.Framework.Adviser.Helper.CommonKeywords.getWebelementAction(CommonKeywords.java:30)
	at com.SSPWorldWide.Framework.Adviser.ReadExcel.Read_ProjectReusables.getActionSteps1(Read_ProjectReusables.java:112)
	at com.SSPWorldWide.Framework.Adviser.ReadExcel.TestcaseFlow.runSingleTest(TestcaseFlow.java:27)
	at com.SSPWorldWide.Framework.Adviser.Testcases.Exmaple_Scenarios.Example_001(Exmaple_Scenarios.java:9)
	at sun.reflect.NativeMethodAccessorImpl.invoke0(Native Method)
	at sun.reflect.NativeMethodAccessorImpl.invoke(Unknown Source)
	at sun.reflect.DelegatingMethodAccessorImpl.invoke(Unknown Source)
	at java.lang.reflect.Method.invoke(Unknown Source)
	at org.testng.internal.MethodInvocationHelper.invokeMethod(MethodInvocationHelper.java:108)
	at org.testng.internal.Invoker.invokeMethod(Invoker.java:661)
	at org.testng.internal.Invoker.invokeTestMethod(Invoker.java:869)
	at org.testng.internal.Invoker.invokeTestMethods(Invoker.java:1193)
	at org.testng.internal.TestMethodWorker.invokeTestMethods(TestMethodWorker.java:126)
	at org.testng.internal.TestMethodWorker.run(TestMethodWorker.java:109)
	at org.testng.TestRunner.privateRun(TestRunner.java:744)
	at org.testng.TestRunner.run(TestRunner.java:602)
	at org.testng.SuiteRunner.runTest(SuiteRunner.java:380)
	at org.testng.SuiteRunner.runSequentially(SuiteRunner.java:375)
	at org.testng.SuiteRunner.privateRun(SuiteRunner.java:340)
	at org.testng.SuiteRunner.run(SuiteRunner.java:289)
	at org.testng.SuiteRunnerWorker.runSuite(SuiteRunnerWorker.java:52)
	at org.testng.SuiteRunnerWorker.run(SuiteRunnerWorker.java:86)
	at org.testng.TestNG.runSuitesSequentially(TestNG.java:1301)
	at org.testng.TestNG.runSuitesLocally(TestNG.java:1226)
	at org.testng.TestNG.runSuites(TestNG.java:1144)
	at org.testng.TestNG.run(TestNG.java:1115)
	at com.SSPWorldWide.Framework.Adviser.Helper.DynamicSuiteFileCreator.runTestNG(DynamicSuiteFileCreator.java:209)
	at com.SSPWorldWide.Framework.Adviser.Helper.DynamicSuiteFileCreator.runSingleTestCase(DynamicSuiteFileCreator.java:216)
	at com.SSPWorldWide.Framework.Adviser.Helper.WebdriverHelper.launch(WebdriverHelper.java:193)
	at com.SSPWorldWide.Framework.Adviser.Helper.Launcher.launchAutomation(Launcher.java:29)
	at sun.reflect.NativeMethodAccessorImpl.invoke0(Native Method)
	at sun.reflect.NativeMethodAccessorImpl.invoke(Unknown Source)
	at sun.reflect.DelegatingMethodAccessorImpl.invoke(Unknown Source)
	at java.lang.reflect.Method.invoke(Unknown Source)
	at org.testng.internal.MethodInvocationHelper.invokeMethod(MethodInvocationHelper.java:108)
	at org.testng.internal.Invoker.invokeMethod(Invoker.java:661)
	at org.testng.internal.Invoker.invokeTestMethod(Invoker.java:869)
	at org.testng.internal.Invoker.invokeTestMethods(Invoker.java:1193)
	at org.testng.internal.TestMethodWorker.invokeTestMethods(TestMethodWorker.java:126)
	at org.testng.internal.TestMethodWorker.run(TestMethodWorker.java:109)
	at org.testng.TestRunner.privateRun(TestRunner.java:744)
	at org.testng.TestRunner.run(TestRunner.java:602)
	at org.testng.SuiteRunner.runTest(SuiteRunner.java:380)
	at org.testng.SuiteRunner.runSequentially(SuiteRunner.java:375)
	at org.testng.SuiteRunner.privateRun(SuiteRunner.java:340)
	at org.testng.SuiteRunner.run(SuiteRunner.java:289)
	at org.testng.SuiteRunnerWorker.runSuite(SuiteRunnerWorker.java:52)
	at org.testng.SuiteRunnerWorker.run(SuiteRunnerWorker.java:86)
	at org.testng.TestNG.runSuitesSequentially(TestNG.java:1301)
	at org.testng.TestNG.runSuitesLocally(TestNG.java:1226)
	at org.testng.TestNG.runSuites(TestNG.java:1144)
	at org.testng.TestNG.run(TestNG.java:1115)
	at org.apache.maven.surefire.testng.TestNGExecutor.run(TestNGExecutor.java:281)
	at org.apache.maven.surefire.testng.TestNGXmlTestSuite.execute(TestNGXmlTestSuite.java:75)
	at org.apache.maven.surefire.testng.TestNGProvider.invoke(TestNGProvider.java:121)
	at org.apache.maven.surefire.booter.ForkedBooter.invokeProviderInSameClassLoader(ForkedBooter.java:290)
	at org.apache.maven.surefire.booter.ForkedBooter.runSuitesInProcess(ForkedBooter.java:242)
	at org.apache.maven.surefire.booter.ForkedBooter.main(ForkedBooter.java:121)
Caused by: org.openqa.selenium.NoSuchElementException: Cannot locate an element using By.name: name
For documentation on this error, please visit: http://seleniumhq.org/exceptions/no_such_element.html
Build info: version: '3.7.1', revision: '8a0099a', time: '2017-11-06T21:01:39.354Z'
System info: host: 'IN00302', ip: '192.168.74.75', os.name: 'Windows 10', os.arch: 'amd64', os.version: '10.0', java.version: '1.8.0_102'
Driver info: driver.version: unknown
	at org.openqa.selenium.support.ui.ExpectedConditions.lambda$findElement$0(ExpectedConditions.java:882)
	at java.util.Optional.orElseThrow(Unknown Source)
	at org.openqa.selenium.support.ui.ExpectedConditions.findElement(ExpectedConditions.java:881)
	at org.openqa.selenium.support.ui.ExpectedConditions.access$000(ExpectedConditions.java:43)
	at org.openqa.selenium.support.ui.ExpectedConditions$7.apply(ExpectedConditions.java:205)
	at org.openqa.selenium.support.ui.ExpectedConditions$7.apply(ExpectedConditions.java:201)
	at org.openqa.selenium.support.ui.FluentWait.until(FluentWait.java:208)
	... 59 more
]]>
            </full-stacktrace>
          </exception> <!-- org.openqa.selenium.TimeoutException -->
          <reporter-output>
          </reporter-output>
        </test-method> <!-- Example_001 -->
        <test-method status="PASS" signature="tearDown(org.testng.ITestResult)[pri:0, instance:com.SSPWorldWide.Framework.Adviser.Testcases.Exmaple_Scenarios@7b5a12ae]" name="tearDown" is-config="true" duration-ms="2999" started-at="2017-11-17T13:48:37Z" finished-at="2017-11-17T13:48:40Z">
          <params>
            <param index="0">
              <value>
                <![CDATA[[TestResult name=Example_001 status=FAILURE method=Exmaple_Scenarios.Example_001()[pri:0, instance:com.SSPWorldWide.Framework.Adviser.Testcases.Exmaple_Scenarios@7b5a12ae] output={null}]]]>
              </value>
            </param>
          </params>
          <reporter-output>
          </reporter-output>
        </test-method> <!-- tearDown -->
        <test-method status="PASS" signature="afterSuite(org.testng.ITestContext)[pri:0, instance:com.SSPWorldWide.Framework.Adviser.Testcases.Exmaple_Scenarios@7b5a12ae]" name="afterSuite" is-config="true" duration-ms="257" started-at="2017-11-17T13:48:40Z" finished-at="2017-11-17T13:48:41Z">
          <params>
            <param index="0">
              <value>
                <![CDATA[org.testng.TestRunner@2b8bd798]]>
              </value>
            </param>
          </params>
          <reporter-output>
          </reporter-output>
        </test-method> <!-- afterSuite -->
      </class> <!-- com.SSPWorldWide.Framework.Adviser.Testcases.Exmaple_Scenarios -->
    </test> <!-- Example_001 -->
  </suite> <!-- Exmaple_Scenarios -->
</testng-results>
