<?xml version="1.0" encoding="UTF-8"?>
<testng-results skipped="0" failed="0" ignored="0" total="1" passed="1">
  <reporter-output>
  </reporter-output>
  <suite name="Automation" duration-ms="33097" started-at="2017-11-17T07:56:47Z" finished-at="2017-11-17T07:57:20Z">
    <groups>
    </groups>
    <test name="Automation" duration-ms="33097" started-at="2017-11-17T07:56:47Z" finished-at="2017-11-17T07:57:20Z">
      <class name="com.SSPWorldWide.Framework.Adviser.Helper.Launcher">
        <test-method status="PASS" signature="beforeSuite(org.testng.ITestContext)[pri:0, instance:com.SSPWorldWide.Framework.Adviser.Helper.Launcher@7085bdee]" name="beforeSuite" is-config="true" duration-ms="902" started-at="2017-11-17T13:26:46Z" finished-at="2017-11-17T13:26:47Z">
          <params>
            <param index="0">
              <value>
                <![CDATA[org.testng.TestRunner@157ec23b]]>
              </value>
            </param>
          </params>
          <reporter-output>
          </reporter-output>
        </test-method> <!-- beforeSuite -->
        <test-method status="PASS" signature="launchAutomation()[pri:0, instance:com.SSPWorldWide.Framework.Adviser.Helper.Launcher@7085bdee]" name="launchAutomation" duration-ms="33080" started-at="2017-11-17T13:26:47Z" finished-at="2017-11-17T13:27:20Z">
          <reporter-output>
          </reporter-output>
        </test-method> <!-- launchAutomation -->
        <test-method status="PASS" signature="afterSuite()[pri:0, instance:com.SSPWorldWide.Framework.Adviser.Helper.Launcher@7085bdee]" name="afterSuite" is-config="true" duration-ms="2478" started-at="2017-11-17T13:27:20Z" finished-at="2017-11-17T13:27:23Z">
          <reporter-output>
          </reporter-output>
        </test-method> <!-- afterSuite -->
      </class> <!-- com.SSPWorldWide.Framework.Adviser.Helper.Launcher -->
    </test> <!-- Automation -->
  </suite> <!-- Automation -->
</testng-results>
