<?xml version="1.0" encoding="UTF-8"?>
<testng-results skipped="0" failed="31" ignored="886" total="969" passed="52">
  <reporter-output>
  </reporter-output>
  <suite name="Policy_Module" duration-ms="867990" started-at="2018-04-25T03:41:53Z" finished-at="2018-04-25T03:56:21Z">
    <groups>
    </groups>
    <test name="Policy_Module_001" duration-ms="42429" started-at="2018-04-25T03:41:53Z" finished-at="2018-04-25T03:42:35Z">
      <class name="com.SSPWorldWide.Framework.Adviser.Testcases.Policy_Module">
        <test-method status="PASS" signature="beforeMethod(java.lang.reflect.Method, java.lang.String)[pri:0, instance:com.SSPWorldWide.Framework.Adviser.Testcases.Policy_Module@4091b9c3]" name="beforeMethod" is-config="true" duration-ms="2592" started-at="2018-04-25T09:11:53Z" finished-at="2018-04-25T09:11:55Z">
          <params>
            <param index="0">
              <value>
                <![CDATA[public void com.SSPWorldWide.Framework.Adviser.Testcases.Policy_Module.Policy_Module_001() throws java.lang.Exception]]>
              </value>
            </param>
            <param index="1">
              <value>
                <![CDATA[IE]]>
              </value>
            </param>
          </params>
          <reporter-output>
          </reporter-output>
        </test-method> <!-- beforeMethod -->
        <test-method status="FAIL" signature="Policy_Module_001()[pri:0, instance:com.SSPWorldWide.Framework.Adviser.Testcases.Policy_Module@4091b9c3]" name="Policy_Module_001" duration-ms="38270" started-at="2018-04-25T09:11:55Z" description="Personal Client - Policy Creation - Investment" finished-at="2018-04-25T09:12:34Z">
          <exception class="org.openqa.selenium.TimeoutException">
            <message>
              <![CDATA[Expected condition failed: waiting for visibility of element located by By.cssSelector: div[class*='headerTextUsername'] (tried for 30 second(s) with 500 milliseconds interval)]]>
            </message>
            <full-stacktrace>
              <![CDATA[org.openqa.selenium.TimeoutException: Expected condition failed: waiting for visibility of element located by By.cssSelector: div[class*='headerTextUsername'] (tried for 30 second(s) with 500 milliseconds interval)
	at org.openqa.selenium.support.ui.WebDriverWait.timeoutException(WebDriverWait.java:82)
	at org.openqa.selenium.support.ui.FluentWait.until(FluentWait.java:272)
	at com.SSPWorldWide.Framework.Adviser.Helper.CommonKeywords.getAttribute(CommonKeywords.java:402)
	at com.SSPWorldWide.Framework.Adviser.Helper.CommonKeywords.getWebelementAction(CommonKeywords.java:106)
	at com.SSPWorldWide.Framework.Adviser.ReadExcel.ReadProjectReusables.getActionSteps(ReadProjectReusables.java:122)
	at com.SSPWorldWide.Framework.Adviser.ReadExcel.TestcaseFlow.runSingleTest(TestcaseFlow.java:28)
	at com.SSPWorldWide.Framework.Adviser.Testcases.Policy_Module.Policy_Module_001(Policy_Module.java:8)
	at sun.reflect.NativeMethodAccessorImpl.invoke0(Native Method)
	at sun.reflect.NativeMethodAccessorImpl.invoke(Unknown Source)
	at sun.reflect.DelegatingMethodAccessorImpl.invoke(Unknown Source)
	at java.lang.reflect.Method.invoke(Unknown Source)
	at org.testng.internal.MethodInvocationHelper.invokeMethod(MethodInvocationHelper.java:108)
	at org.testng.internal.Invoker.invokeMethod(Invoker.java:661)
	at org.testng.internal.Invoker.invokeTestMethod(Invoker.java:869)
	at org.testng.internal.Invoker.invokeTestMethods(Invoker.java:1193)
	at org.testng.internal.TestMethodWorker.invokeTestMethods(TestMethodWorker.java:126)
	at org.testng.internal.TestMethodWorker.run(TestMethodWorker.java:109)
	at org.testng.TestRunner.privateRun(TestRunner.java:744)
	at org.testng.TestRunner.run(TestRunner.java:602)
	at org.testng.SuiteRunner.runTest(SuiteRunner.java:380)
	at org.testng.SuiteRunner.runSequentially(SuiteRunner.java:375)
	at org.testng.SuiteRunner.privateRun(SuiteRunner.java:340)
	at org.testng.SuiteRunner.run(SuiteRunner.java:289)
	at org.testng.SuiteRunnerWorker.runSuite(SuiteRunnerWorker.java:52)
	at org.testng.SuiteRunnerWorker.run(SuiteRunnerWorker.java:86)
	at java.util.concurrent.ThreadPoolExecutor.runWorker(Unknown Source)
	at java.util.concurrent.ThreadPoolExecutor$Worker.run(Unknown Source)
	at java.lang.Thread.run(Unknown Source)
Caused by: org.openqa.selenium.NoSuchElementException: Cannot locate an element using By.cssSelector: div[class*='headerTextUsername']
For documentation on this error, please visit: http://seleniumhq.org/exceptions/no_such_element.html
Build info: version: '3.10.0', revision: '176b4a9', time: '2018-03-02T19:03:16.397Z'
System info: host: 'IN00302', ip: '192.168.74.75', os.name: 'Windows 10', os.arch: 'amd64', os.version: '10.0', java.version: '1.8.0_161'
Driver info: driver.version: unknown
	at org.openqa.selenium.support.ui.ExpectedConditions.lambda$findElement$0(ExpectedConditions.java:896)
	at java.util.Optional.orElseThrow(Unknown Source)
	at org.openqa.selenium.support.ui.ExpectedConditions.findElement(ExpectedConditions.java:895)
	at org.openqa.selenium.support.ui.ExpectedConditions.access$000(ExpectedConditions.java:44)
	at org.openqa.selenium.support.ui.ExpectedConditions$7.apply(ExpectedConditions.java:206)
	at org.openqa.selenium.support.ui.ExpectedConditions$7.apply(ExpectedConditions.java:202)
	at org.openqa.selenium.support.ui.FluentWait.until(FluentWait.java:249)
	... 26 more
]]>
            </full-stacktrace>
          </exception> <!-- org.openqa.selenium.TimeoutException -->
          <reporter-output>
          </reporter-output>
        </test-method> <!-- Policy_Module_001 -->
        <test-method status="PASS" signature="tearDown(org.testng.ITestResult)[pri:0, instance:com.SSPWorldWide.Framework.Adviser.Testcases.Policy_Module@4091b9c3]" name="tearDown" is-config="true" duration-ms="1567" started-at="2018-04-25T09:12:34Z" finished-at="2018-04-25T09:12:35Z">
          <params>
            <param index="0">
              <value>
                <![CDATA[[TestResult name=Policy_Module_001 status=FAILURE method=Policy_Module.Policy_Module_001()[pri:0, instance:com.SSPWorldWide.Framework.Adviser.Testcases.Policy_Module@4091b9c3] output={null}]]]>
              </value>
            </param>
          </params>
          <reporter-output>
          </reporter-output>
        </test-method> <!-- tearDown -->
      </class> <!-- com.SSPWorldWide.Framework.Adviser.Testcases.Policy_Module -->
    </test> <!-- Policy_Module_001 -->
    <test name="Policy_Module_002" duration-ms="42418" started-at="2018-04-25T03:42:35Z" finished-at="2018-04-25T03:43:18Z">
      <class name="com.SSPWorldWide.Framework.Adviser.Testcases.Policy_Module">
        <test-method status="PASS" signature="beforeMethod(java.lang.reflect.Method, java.lang.String)[pri:0, instance:com.SSPWorldWide.Framework.Adviser.Testcases.Policy_Module@39c85c1a]" name="beforeMethod" is-config="true" duration-ms="2602" started-at="2018-04-25T09:12:35Z" finished-at="2018-04-25T09:12:38Z">
          <params>
            <param index="0">
              <value>
                <![CDATA[public void com.SSPWorldWide.Framework.Adviser.Testcases.Policy_Module.Policy_Module_002() throws java.lang.Exception]]>
              </value>
            </param>
            <param index="1">
              <value>
                <![CDATA[IE]]>
              </value>
            </param>
          </params>
          <reporter-output>
          </reporter-output>
        </test-method> <!-- beforeMethod -->
        <test-method status="FAIL" signature="Policy_Module_002()[pri:0, instance:com.SSPWorldWide.Framework.Adviser.Testcases.Policy_Module@39c85c1a]" name="Policy_Module_002" duration-ms="38222" started-at="2018-04-25T09:12:38Z" description="Corporate Client - Policy Creation - Pension" finished-at="2018-04-25T09:13:16Z">
          <exception class="org.openqa.selenium.TimeoutException">
            <message>
              <![CDATA[Expected condition failed: waiting for visibility of element located by By.cssSelector: div[class*='headerTextUsername'] (tried for 30 second(s) with 500 milliseconds interval)]]>
            </message>
            <full-stacktrace>
              <![CDATA[org.openqa.selenium.TimeoutException: Expected condition failed: waiting for visibility of element located by By.cssSelector: div[class*='headerTextUsername'] (tried for 30 second(s) with 500 milliseconds interval)
	at org.openqa.selenium.support.ui.WebDriverWait.timeoutException(WebDriverWait.java:82)
	at org.openqa.selenium.support.ui.FluentWait.until(FluentWait.java:272)
	at com.SSPWorldWide.Framework.Adviser.Helper.CommonKeywords.getAttribute(CommonKeywords.java:402)
	at com.SSPWorldWide.Framework.Adviser.Helper.CommonKeywords.getWebelementAction(CommonKeywords.java:106)
	at com.SSPWorldWide.Framework.Adviser.ReadExcel.ReadProjectReusables.getActionSteps(ReadProjectReusables.java:122)
	at com.SSPWorldWide.Framework.Adviser.ReadExcel.TestcaseFlow.runSingleTest(TestcaseFlow.java:28)
	at com.SSPWorldWide.Framework.Adviser.Testcases.Policy_Module.Policy_Module_002(Policy_Module.java:12)
	at sun.reflect.NativeMethodAccessorImpl.invoke0(Native Method)
	at sun.reflect.NativeMethodAccessorImpl.invoke(Unknown Source)
	at sun.reflect.DelegatingMethodAccessorImpl.invoke(Unknown Source)
	at java.lang.reflect.Method.invoke(Unknown Source)
	at org.testng.internal.MethodInvocationHelper.invokeMethod(MethodInvocationHelper.java:108)
	at org.testng.internal.Invoker.invokeMethod(Invoker.java:661)
	at org.testng.internal.Invoker.invokeTestMethod(Invoker.java:869)
	at org.testng.internal.Invoker.invokeTestMethods(Invoker.java:1193)
	at org.testng.internal.TestMethodWorker.invokeTestMethods(TestMethodWorker.java:126)
	at org.testng.internal.TestMethodWorker.run(TestMethodWorker.java:109)
	at org.testng.TestRunner.privateRun(TestRunner.java:744)
	at org.testng.TestRunner.run(TestRunner.java:602)
	at org.testng.SuiteRunner.runTest(SuiteRunner.java:380)
	at org.testng.SuiteRunner.runSequentially(SuiteRunner.java:375)
	at org.testng.SuiteRunner.privateRun(SuiteRunner.java:340)
	at org.testng.SuiteRunner.run(SuiteRunner.java:289)
	at org.testng.SuiteRunnerWorker.runSuite(SuiteRunnerWorker.java:52)
	at org.testng.SuiteRunnerWorker.run(SuiteRunnerWorker.java:86)
	at java.util.concurrent.ThreadPoolExecutor.runWorker(Unknown Source)
	at java.util.concurrent.ThreadPoolExecutor$Worker.run(Unknown Source)
	at java.lang.Thread.run(Unknown Source)
Caused by: org.openqa.selenium.NoSuchElementException: Cannot locate an element using By.cssSelector: div[class*='headerTextUsername']
For documentation on this error, please visit: http://seleniumhq.org/exceptions/no_such_element.html
Build info: version: '3.10.0', revision: '176b4a9', time: '2018-03-02T19:03:16.397Z'
System info: host: 'IN00302', ip: '192.168.74.75', os.name: 'Windows 10', os.arch: 'amd64', os.version: '10.0', java.version: '1.8.0_161'
Driver info: driver.version: unknown
	at org.openqa.selenium.support.ui.ExpectedConditions.lambda$findElement$0(ExpectedConditions.java:896)
	at java.util.Optional.orElseThrow(Unknown Source)
	at org.openqa.selenium.support.ui.ExpectedConditions.findElement(ExpectedConditions.java:895)
	at org.openqa.selenium.support.ui.ExpectedConditions.access$000(ExpectedConditions.java:44)
	at org.openqa.selenium.support.ui.ExpectedConditions$7.apply(ExpectedConditions.java:206)
	at org.openqa.selenium.support.ui.ExpectedConditions$7.apply(ExpectedConditions.java:202)
	at org.openqa.selenium.support.ui.FluentWait.until(FluentWait.java:249)
	... 26 more
]]>
            </full-stacktrace>
          </exception> <!-- org.openqa.selenium.TimeoutException -->
          <reporter-output>
          </reporter-output>
        </test-method> <!-- Policy_Module_002 -->
        <test-method status="PASS" signature="tearDown(org.testng.ITestResult)[pri:0, instance:com.SSPWorldWide.Framework.Adviser.Testcases.Policy_Module@39c85c1a]" name="tearDown" is-config="true" duration-ms="1594" started-at="2018-04-25T09:13:16Z" finished-at="2018-04-25T09:13:18Z">
          <params>
            <param index="0">
              <value>
                <![CDATA[[TestResult name=Policy_Module_002 status=FAILURE method=Policy_Module.Policy_Module_002()[pri:0, instance:com.SSPWorldWide.Framework.Adviser.Testcases.Policy_Module@39c85c1a] output={null}]]]>
              </value>
            </param>
          </params>
          <reporter-output>
          </reporter-output>
        </test-method> <!-- tearDown -->
      </class> <!-- com.SSPWorldWide.Framework.Adviser.Testcases.Policy_Module -->
    </test> <!-- Policy_Module_002 -->
    <test name="Policy_Module_003" duration-ms="42593" started-at="2018-04-25T03:43:18Z" finished-at="2018-04-25T03:44:00Z">
      <class name="com.SSPWorldWide.Framework.Adviser.Testcases.Policy_Module">
        <test-method status="PASS" signature="beforeMethod(java.lang.reflect.Method, java.lang.String)[pri:0, instance:com.SSPWorldWide.Framework.Adviser.Testcases.Policy_Module@23ed382c]" name="beforeMethod" is-config="true" duration-ms="2595" started-at="2018-04-25T09:13:18Z" finished-at="2018-04-25T09:13:20Z">
          <params>
            <param index="0">
              <value>
                <![CDATA[public void com.SSPWorldWide.Framework.Adviser.Testcases.Policy_Module.Policy_Module_003() throws java.lang.Exception]]>
              </value>
            </param>
            <param index="1">
              <value>
                <![CDATA[IE]]>
              </value>
            </param>
          </params>
          <reporter-output>
          </reporter-output>
        </test-method> <!-- beforeMethod -->
        <test-method status="FAIL" signature="Policy_Module_003()[pri:0, instance:com.SSPWorldWide.Framework.Adviser.Testcases.Policy_Module@23ed382c]" name="Policy_Module_003" duration-ms="38388" started-at="2018-04-25T09:13:20Z" description="Personal Client - Policy Creation - Annuity" finished-at="2018-04-25T09:13:59Z">
          <exception class="org.openqa.selenium.TimeoutException">
            <message>
              <![CDATA[Expected condition failed: waiting for visibility of element located by By.cssSelector: div[class*='headerTextUsername'] (tried for 30 second(s) with 500 milliseconds interval)]]>
            </message>
            <full-stacktrace>
              <![CDATA[org.openqa.selenium.TimeoutException: Expected condition failed: waiting for visibility of element located by By.cssSelector: div[class*='headerTextUsername'] (tried for 30 second(s) with 500 milliseconds interval)
	at org.openqa.selenium.support.ui.WebDriverWait.timeoutException(WebDriverWait.java:82)
	at org.openqa.selenium.support.ui.FluentWait.until(FluentWait.java:272)
	at com.SSPWorldWide.Framework.Adviser.Helper.CommonKeywords.getAttribute(CommonKeywords.java:402)
	at com.SSPWorldWide.Framework.Adviser.Helper.CommonKeywords.getWebelementAction(CommonKeywords.java:106)
	at com.SSPWorldWide.Framework.Adviser.ReadExcel.ReadProjectReusables.getActionSteps(ReadProjectReusables.java:122)
	at com.SSPWorldWide.Framework.Adviser.ReadExcel.TestcaseFlow.runSingleTest(TestcaseFlow.java:28)
	at com.SSPWorldWide.Framework.Adviser.Testcases.Policy_Module.Policy_Module_003(Policy_Module.java:16)
	at sun.reflect.NativeMethodAccessorImpl.invoke0(Native Method)
	at sun.reflect.NativeMethodAccessorImpl.invoke(Unknown Source)
	at sun.reflect.DelegatingMethodAccessorImpl.invoke(Unknown Source)
	at java.lang.reflect.Method.invoke(Unknown Source)
	at org.testng.internal.MethodInvocationHelper.invokeMethod(MethodInvocationHelper.java:108)
	at org.testng.internal.Invoker.invokeMethod(Invoker.java:661)
	at org.testng.internal.Invoker.invokeTestMethod(Invoker.java:869)
	at org.testng.internal.Invoker.invokeTestMethods(Invoker.java:1193)
	at org.testng.internal.TestMethodWorker.invokeTestMethods(TestMethodWorker.java:126)
	at org.testng.internal.TestMethodWorker.run(TestMethodWorker.java:109)
	at org.testng.TestRunner.privateRun(TestRunner.java:744)
	at org.testng.TestRunner.run(TestRunner.java:602)
	at org.testng.SuiteRunner.runTest(SuiteRunner.java:380)
	at org.testng.SuiteRunner.runSequentially(SuiteRunner.java:375)
	at org.testng.SuiteRunner.privateRun(SuiteRunner.java:340)
	at org.testng.SuiteRunner.run(SuiteRunner.java:289)
	at org.testng.SuiteRunnerWorker.runSuite(SuiteRunnerWorker.java:52)
	at org.testng.SuiteRunnerWorker.run(SuiteRunnerWorker.java:86)
	at java.util.concurrent.ThreadPoolExecutor.runWorker(Unknown Source)
	at java.util.concurrent.ThreadPoolExecutor$Worker.run(Unknown Source)
	at java.lang.Thread.run(Unknown Source)
Caused by: org.openqa.selenium.NoSuchElementException: Cannot locate an element using By.cssSelector: div[class*='headerTextUsername']
For documentation on this error, please visit: http://seleniumhq.org/exceptions/no_such_element.html
Build info: version: '3.10.0', revision: '176b4a9', time: '2018-03-02T19:03:16.397Z'
System info: host: 'IN00302', ip: '192.168.74.75', os.name: 'Windows 10', os.arch: 'amd64', os.version: '10.0', java.version: '1.8.0_161'
Driver info: driver.version: unknown
	at org.openqa.selenium.support.ui.ExpectedConditions.lambda$findElement$0(ExpectedConditions.java:896)
	at java.util.Optional.orElseThrow(Unknown Source)
	at org.openqa.selenium.support.ui.ExpectedConditions.findElement(ExpectedConditions.java:895)
	at org.openqa.selenium.support.ui.ExpectedConditions.access$000(ExpectedConditions.java:44)
	at org.openqa.selenium.support.ui.ExpectedConditions$7.apply(ExpectedConditions.java:206)
	at org.openqa.selenium.support.ui.ExpectedConditions$7.apply(ExpectedConditions.java:202)
	at org.openqa.selenium.support.ui.FluentWait.until(FluentWait.java:249)
	... 26 more
]]>
            </full-stacktrace>
          </exception> <!-- org.openqa.selenium.TimeoutException -->
          <reporter-output>
          </reporter-output>
        </test-method> <!-- Policy_Module_003 -->
        <test-method status="PASS" signature="tearDown(org.testng.ITestResult)[pri:0, instance:com.SSPWorldWide.Framework.Adviser.Testcases.Policy_Module@23ed382c]" name="tearDown" is-config="true" duration-ms="1610" started-at="2018-04-25T09:13:59Z" finished-at="2018-04-25T09:14:00Z">
          <params>
            <param index="0">
              <value>
                <![CDATA[[TestResult name=Policy_Module_003 status=FAILURE method=Policy_Module.Policy_Module_003()[pri:0, instance:com.SSPWorldWide.Framework.Adviser.Testcases.Policy_Module@23ed382c] output={null}]]]>
              </value>
            </param>
          </params>
          <reporter-output>
          </reporter-output>
        </test-method> <!-- tearDown -->
      </class> <!-- com.SSPWorldWide.Framework.Adviser.Testcases.Policy_Module -->
    </test> <!-- Policy_Module_003 -->
    <test name="Policy_Module_004" duration-ms="49927" started-at="2018-04-25T03:44:00Z" finished-at="2018-04-25T03:44:50Z">
      <class name="com.SSPWorldWide.Framework.Adviser.Testcases.Policy_Module">
        <test-method status="PASS" signature="beforeMethod(java.lang.reflect.Method, java.lang.String)[pri:0, instance:com.SSPWorldWide.Framework.Adviser.Testcases.Policy_Module@7e91ed74]" name="beforeMethod" is-config="true" duration-ms="2603" started-at="2018-04-25T09:14:00Z" finished-at="2018-04-25T09:14:03Z">
          <params>
            <param index="0">
              <value>
                <![CDATA[public void com.SSPWorldWide.Framework.Adviser.Testcases.Policy_Module.Policy_Module_004() throws java.lang.Exception]]>
              </value>
            </param>
            <param index="1">
              <value>
                <![CDATA[IE]]>
              </value>
            </param>
          </params>
          <reporter-output>
          </reporter-output>
        </test-method> <!-- beforeMethod -->
        <test-method status="FAIL" signature="Policy_Module_004()[pri:0, instance:com.SSPWorldWide.Framework.Adviser.Testcases.Policy_Module@7e91ed74]" name="Policy_Module_004" duration-ms="42524" started-at="2018-04-25T09:14:03Z" description="Personal Client - Policy Creation - Asset - Shareoptio/SAYE" finished-at="2018-04-25T09:14:45Z">
          <exception class="com.SSPWorldWide.Framework.Adviser.Exceptions.SeleniumExceptions">
            <message>
              <![CDATA[element with locator : 'By.id: AdvancedClientSearch_FirstNames' is not a textbox]]>
            </message>
            <full-stacktrace>
              <![CDATA[com.SSPWorldWide.Framework.Adviser.Exceptions.SeleniumExceptions: element with locator : 'By.id: AdvancedClientSearch_FirstNames' is not a textbox
	at com.SSPWorldWide.Framework.Adviser.Helper.CommonKeywords.waitForExpectedAndEnterText(CommonKeywords.java:560)
	at com.SSPWorldWide.Framework.Adviser.Helper.CommonKeywords.getWebelementAction(CommonKeywords.java:54)
	at com.SSPWorldWide.Framework.Adviser.ReadExcel.ReadProjectReusables.getActionSteps(ReadProjectReusables.java:122)
	at com.SSPWorldWide.Framework.Adviser.ReadExcel.TestcaseFlow.runSingleTest(TestcaseFlow.java:31)
	at com.SSPWorldWide.Framework.Adviser.Testcases.Policy_Module.Policy_Module_004(Policy_Module.java:20)
	at sun.reflect.NativeMethodAccessorImpl.invoke0(Native Method)
	at sun.reflect.NativeMethodAccessorImpl.invoke(Unknown Source)
	at sun.reflect.DelegatingMethodAccessorImpl.invoke(Unknown Source)
	at java.lang.reflect.Method.invoke(Unknown Source)
	at org.testng.internal.MethodInvocationHelper.invokeMethod(MethodInvocationHelper.java:108)
	at org.testng.internal.Invoker.invokeMethod(Invoker.java:661)
	at org.testng.internal.Invoker.invokeTestMethod(Invoker.java:869)
	at org.testng.internal.Invoker.invokeTestMethods(Invoker.java:1193)
	at org.testng.internal.TestMethodWorker.invokeTestMethods(TestMethodWorker.java:126)
	at org.testng.internal.TestMethodWorker.run(TestMethodWorker.java:109)
	at org.testng.TestRunner.privateRun(TestRunner.java:744)
	at org.testng.TestRunner.run(TestRunner.java:602)
	at org.testng.SuiteRunner.runTest(SuiteRunner.java:380)
	at org.testng.SuiteRunner.runSequentially(SuiteRunner.java:375)
	at org.testng.SuiteRunner.privateRun(SuiteRunner.java:340)
	at org.testng.SuiteRunner.run(SuiteRunner.java:289)
	at org.testng.SuiteRunnerWorker.runSuite(SuiteRunnerWorker.java:52)
	at org.testng.SuiteRunnerWorker.run(SuiteRunnerWorker.java:86)
	at java.util.concurrent.ThreadPoolExecutor.runWorker(Unknown Source)
	at java.util.concurrent.ThreadPoolExecutor$Worker.run(Unknown Source)
	at java.lang.Thread.run(Unknown Source)
]]>
            </full-stacktrace>
          </exception> <!-- com.SSPWorldWide.Framework.Adviser.Exceptions.SeleniumExceptions -->
          <reporter-output>
          </reporter-output>
        </test-method> <!-- Policy_Module_004 -->
        <test-method status="PASS" signature="tearDown(org.testng.ITestResult)[pri:0, instance:com.SSPWorldWide.Framework.Adviser.Testcases.Policy_Module@7e91ed74]" name="tearDown" is-config="true" duration-ms="4800" started-at="2018-04-25T09:14:45Z" finished-at="2018-04-25T09:14:50Z">
          <params>
            <param index="0">
              <value>
                <![CDATA[[TestResult name=Policy_Module_004 status=FAILURE method=Policy_Module.Policy_Module_004()[pri:0, instance:com.SSPWorldWide.Framework.Adviser.Testcases.Policy_Module@7e91ed74] output={null}]]]>
              </value>
            </param>
          </params>
          <reporter-output>
          </reporter-output>
        </test-method> <!-- tearDown -->
      </class> <!-- com.SSPWorldWide.Framework.Adviser.Testcases.Policy_Module -->
    </test> <!-- Policy_Module_004 -->
    <test name="Policy_Module_005" duration-ms="42200" started-at="2018-04-25T03:44:50Z" finished-at="2018-04-25T03:45:32Z">
      <class name="com.SSPWorldWide.Framework.Adviser.Testcases.Policy_Module">
        <test-method status="PASS" signature="beforeMethod(java.lang.reflect.Method, java.lang.String)[pri:0, instance:com.SSPWorldWide.Framework.Adviser.Testcases.Policy_Module@321ca237]" name="beforeMethod" is-config="true" duration-ms="2691" started-at="2018-04-25T09:14:50Z" finished-at="2018-04-25T09:14:53Z">
          <params>
            <param index="0">
              <value>
                <![CDATA[public void com.SSPWorldWide.Framework.Adviser.Testcases.Policy_Module.Policy_Module_005() throws java.lang.Exception]]>
              </value>
            </param>
            <param index="1">
              <value>
                <![CDATA[IE]]>
              </value>
            </param>
          </params>
          <reporter-output>
          </reporter-output>
        </test-method> <!-- beforeMethod -->
        <test-method status="FAIL" signature="Policy_Module_005()[pri:0, instance:com.SSPWorldWide.Framework.Adviser.Testcases.Policy_Module@321ca237]" name="Policy_Module_005" duration-ms="37915" started-at="2018-04-25T09:14:53Z" description="Personal Client - Policy Creation - Asset - Bank Account" finished-at="2018-04-25T09:15:31Z">
          <exception class="org.openqa.selenium.TimeoutException">
            <message>
              <![CDATA[Expected condition failed: waiting for visibility of element located by By.cssSelector: div[class*='headerTextUsername'] (tried for 30 second(s) with 500 milliseconds interval)]]>
            </message>
            <full-stacktrace>
              <![CDATA[org.openqa.selenium.TimeoutException: Expected condition failed: waiting for visibility of element located by By.cssSelector: div[class*='headerTextUsername'] (tried for 30 second(s) with 500 milliseconds interval)
	at org.openqa.selenium.support.ui.WebDriverWait.timeoutException(WebDriverWait.java:82)
	at org.openqa.selenium.support.ui.FluentWait.until(FluentWait.java:272)
	at com.SSPWorldWide.Framework.Adviser.Helper.CommonKeywords.getAttribute(CommonKeywords.java:402)
	at com.SSPWorldWide.Framework.Adviser.Helper.CommonKeywords.getWebelementAction(CommonKeywords.java:106)
	at com.SSPWorldWide.Framework.Adviser.ReadExcel.ReadProjectReusables.getActionSteps(ReadProjectReusables.java:122)
	at com.SSPWorldWide.Framework.Adviser.ReadExcel.TestcaseFlow.runSingleTest(TestcaseFlow.java:28)
	at com.SSPWorldWide.Framework.Adviser.Testcases.Policy_Module.Policy_Module_005(Policy_Module.java:24)
	at sun.reflect.NativeMethodAccessorImpl.invoke0(Native Method)
	at sun.reflect.NativeMethodAccessorImpl.invoke(Unknown Source)
	at sun.reflect.DelegatingMethodAccessorImpl.invoke(Unknown Source)
	at java.lang.reflect.Method.invoke(Unknown Source)
	at org.testng.internal.MethodInvocationHelper.invokeMethod(MethodInvocationHelper.java:108)
	at org.testng.internal.Invoker.invokeMethod(Invoker.java:661)
	at org.testng.internal.Invoker.invokeTestMethod(Invoker.java:869)
	at org.testng.internal.Invoker.invokeTestMethods(Invoker.java:1193)
	at org.testng.internal.TestMethodWorker.invokeTestMethods(TestMethodWorker.java:126)
	at org.testng.internal.TestMethodWorker.run(TestMethodWorker.java:109)
	at org.testng.TestRunner.privateRun(TestRunner.java:744)
	at org.testng.TestRunner.run(TestRunner.java:602)
	at org.testng.SuiteRunner.runTest(SuiteRunner.java:380)
	at org.testng.SuiteRunner.runSequentially(SuiteRunner.java:375)
	at org.testng.SuiteRunner.privateRun(SuiteRunner.java:340)
	at org.testng.SuiteRunner.run(SuiteRunner.java:289)
	at org.testng.SuiteRunnerWorker.runSuite(SuiteRunnerWorker.java:52)
	at org.testng.SuiteRunnerWorker.run(SuiteRunnerWorker.java:86)
	at java.util.concurrent.ThreadPoolExecutor.runWorker(Unknown Source)
	at java.util.concurrent.ThreadPoolExecutor$Worker.run(Unknown Source)
	at java.lang.Thread.run(Unknown Source)
Caused by: org.openqa.selenium.NoSuchElementException: Cannot locate an element using By.cssSelector: div[class*='headerTextUsername']
For documentation on this error, please visit: http://seleniumhq.org/exceptions/no_such_element.html
Build info: version: '3.10.0', revision: '176b4a9', time: '2018-03-02T19:03:16.397Z'
System info: host: 'IN00302', ip: '192.168.74.75', os.name: 'Windows 10', os.arch: 'amd64', os.version: '10.0', java.version: '1.8.0_161'
Driver info: driver.version: unknown
	at org.openqa.selenium.support.ui.ExpectedConditions.lambda$findElement$0(ExpectedConditions.java:896)
	at java.util.Optional.orElseThrow(Unknown Source)
	at org.openqa.selenium.support.ui.ExpectedConditions.findElement(ExpectedConditions.java:895)
	at org.openqa.selenium.support.ui.ExpectedConditions.access$000(ExpectedConditions.java:44)
	at org.openqa.selenium.support.ui.ExpectedConditions$7.apply(ExpectedConditions.java:206)
	at org.openqa.selenium.support.ui.ExpectedConditions$7.apply(ExpectedConditions.java:202)
	at org.openqa.selenium.support.ui.FluentWait.until(FluentWait.java:249)
	... 26 more
]]>
            </full-stacktrace>
          </exception> <!-- org.openqa.selenium.TimeoutException -->
          <reporter-output>
          </reporter-output>
        </test-method> <!-- Policy_Module_005 -->
        <test-method status="PASS" signature="tearDown(org.testng.ITestResult)[pri:0, instance:com.SSPWorldWide.Framework.Adviser.Testcases.Policy_Module@321ca237]" name="tearDown" is-config="true" duration-ms="1594" started-at="2018-04-25T09:15:31Z" finished-at="2018-04-25T09:15:32Z">
          <params>
            <param index="0">
              <value>
                <![CDATA[[TestResult name=Policy_Module_005 status=FAILURE method=Policy_Module.Policy_Module_005()[pri:0, instance:com.SSPWorldWide.Framework.Adviser.Testcases.Policy_Module@321ca237] output={null}]]]>
              </value>
            </param>
          </params>
          <reporter-output>
          </reporter-output>
        </test-method> <!-- tearDown -->
      </class> <!-- com.SSPWorldWide.Framework.Adviser.Testcases.Policy_Module -->
    </test> <!-- Policy_Module_005 -->
    <test name="Policy_Module_006" duration-ms="42870" started-at="2018-04-25T03:45:32Z" finished-at="2018-04-25T03:46:15Z">
      <class name="com.SSPWorldWide.Framework.Adviser.Testcases.Policy_Module">
        <test-method status="PASS" signature="beforeMethod(java.lang.reflect.Method, java.lang.String)[pri:0, instance:com.SSPWorldWide.Framework.Adviser.Testcases.Policy_Module@4373f66f]" name="beforeMethod" is-config="true" duration-ms="2619" started-at="2018-04-25T09:15:32Z" finished-at="2018-04-25T09:15:35Z">
          <params>
            <param index="0">
              <value>
                <![CDATA[public void com.SSPWorldWide.Framework.Adviser.Testcases.Policy_Module.Policy_Module_006() throws java.lang.Exception]]>
              </value>
            </param>
            <param index="1">
              <value>
                <![CDATA[IE]]>
              </value>
            </param>
          </params>
          <reporter-output>
          </reporter-output>
        </test-method> <!-- beforeMethod -->
        <test-method status="FAIL" signature="Policy_Module_006()[pri:0, instance:com.SSPWorldWide.Framework.Adviser.Testcases.Policy_Module@4373f66f]" name="Policy_Module_006" duration-ms="38564" started-at="2018-04-25T09:15:35Z" description="Personal Client - Policy Creation - General Insurance" finished-at="2018-04-25T09:16:14Z">
          <exception class="org.openqa.selenium.TimeoutException">
            <message>
              <![CDATA[Expected condition failed: waiting for visibility of element located by By.cssSelector: div[class*='headerTextUsername'] (tried for 30 second(s) with 500 milliseconds interval)]]>
            </message>
            <full-stacktrace>
              <![CDATA[org.openqa.selenium.TimeoutException: Expected condition failed: waiting for visibility of element located by By.cssSelector: div[class*='headerTextUsername'] (tried for 30 second(s) with 500 milliseconds interval)
	at org.openqa.selenium.support.ui.WebDriverWait.timeoutException(WebDriverWait.java:82)
	at org.openqa.selenium.support.ui.FluentWait.until(FluentWait.java:272)
	at com.SSPWorldWide.Framework.Adviser.Helper.CommonKeywords.getAttribute(CommonKeywords.java:402)
	at com.SSPWorldWide.Framework.Adviser.Helper.CommonKeywords.getWebelementAction(CommonKeywords.java:106)
	at com.SSPWorldWide.Framework.Adviser.ReadExcel.ReadProjectReusables.getActionSteps(ReadProjectReusables.java:122)
	at com.SSPWorldWide.Framework.Adviser.ReadExcel.TestcaseFlow.runSingleTest(TestcaseFlow.java:28)
	at com.SSPWorldWide.Framework.Adviser.Testcases.Policy_Module.Policy_Module_006(Policy_Module.java:28)
	at sun.reflect.NativeMethodAccessorImpl.invoke0(Native Method)
	at sun.reflect.NativeMethodAccessorImpl.invoke(Unknown Source)
	at sun.reflect.DelegatingMethodAccessorImpl.invoke(Unknown Source)
	at java.lang.reflect.Method.invoke(Unknown Source)
	at org.testng.internal.MethodInvocationHelper.invokeMethod(MethodInvocationHelper.java:108)
	at org.testng.internal.Invoker.invokeMethod(Invoker.java:661)
	at org.testng.internal.Invoker.invokeTestMethod(Invoker.java:869)
	at org.testng.internal.Invoker.invokeTestMethods(Invoker.java:1193)
	at org.testng.internal.TestMethodWorker.invokeTestMethods(TestMethodWorker.java:126)
	at org.testng.internal.TestMethodWorker.run(TestMethodWorker.java:109)
	at org.testng.TestRunner.privateRun(TestRunner.java:744)
	at org.testng.TestRunner.run(TestRunner.java:602)
	at org.testng.SuiteRunner.runTest(SuiteRunner.java:380)
	at org.testng.SuiteRunner.runSequentially(SuiteRunner.java:375)
	at org.testng.SuiteRunner.privateRun(SuiteRunner.java:340)
	at org.testng.SuiteRunner.run(SuiteRunner.java:289)
	at org.testng.SuiteRunnerWorker.runSuite(SuiteRunnerWorker.java:52)
	at org.testng.SuiteRunnerWorker.run(SuiteRunnerWorker.java:86)
	at java.util.concurrent.ThreadPoolExecutor.runWorker(Unknown Source)
	at java.util.concurrent.ThreadPoolExecutor$Worker.run(Unknown Source)
	at java.lang.Thread.run(Unknown Source)
Caused by: org.openqa.selenium.NoSuchElementException: Cannot locate an element using By.cssSelector: div[class*='headerTextUsername']
For documentation on this error, please visit: http://seleniumhq.org/exceptions/no_such_element.html
Build info: version: '3.10.0', revision: '176b4a9', time: '2018-03-02T19:03:16.397Z'
System info: host: 'IN00302', ip: '192.168.74.75', os.name: 'Windows 10', os.arch: 'amd64', os.version: '10.0', java.version: '1.8.0_161'
Driver info: driver.version: unknown
	at org.openqa.selenium.support.ui.ExpectedConditions.lambda$findElement$0(ExpectedConditions.java:896)
	at java.util.Optional.orElseThrow(Unknown Source)
	at org.openqa.selenium.support.ui.ExpectedConditions.findElement(ExpectedConditions.java:895)
	at org.openqa.selenium.support.ui.ExpectedConditions.access$000(ExpectedConditions.java:44)
	at org.openqa.selenium.support.ui.ExpectedConditions$7.apply(ExpectedConditions.java:206)
	at org.openqa.selenium.support.ui.ExpectedConditions$7.apply(ExpectedConditions.java:202)
	at org.openqa.selenium.support.ui.FluentWait.until(FluentWait.java:249)
	... 26 more
]]>
            </full-stacktrace>
          </exception> <!-- org.openqa.selenium.TimeoutException -->
          <reporter-output>
          </reporter-output>
        </test-method> <!-- Policy_Module_006 -->
        <test-method status="PASS" signature="tearDown(org.testng.ITestResult)[pri:0, instance:com.SSPWorldWide.Framework.Adviser.Testcases.Policy_Module@4373f66f]" name="tearDown" is-config="true" duration-ms="1687" started-at="2018-04-25T09:16:14Z" finished-at="2018-04-25T09:16:15Z">
          <params>
            <param index="0">
              <value>
                <![CDATA[[TestResult name=Policy_Module_006 status=FAILURE method=Policy_Module.Policy_Module_006()[pri:0, instance:com.SSPWorldWide.Framework.Adviser.Testcases.Policy_Module@4373f66f] output={null}]]]>
              </value>
            </param>
          </params>
          <reporter-output>
          </reporter-output>
        </test-method> <!-- tearDown -->
      </class> <!-- com.SSPWorldWide.Framework.Adviser.Testcases.Policy_Module -->
    </test> <!-- Policy_Module_006 -->
    <test name="Policy_Module_007" duration-ms="41905" started-at="2018-04-25T03:46:15Z" finished-at="2018-04-25T03:46:57Z">
      <class name="com.SSPWorldWide.Framework.Adviser.Testcases.Policy_Module">
        <test-method status="PASS" signature="beforeMethod(java.lang.reflect.Method, java.lang.String)[pri:0, instance:com.SSPWorldWide.Framework.Adviser.Testcases.Policy_Module@38d08cb5]" name="beforeMethod" is-config="true" duration-ms="2637" started-at="2018-04-25T09:16:15Z" finished-at="2018-04-25T09:16:18Z">
          <params>
            <param index="0">
              <value>
                <![CDATA[public void com.SSPWorldWide.Framework.Adviser.Testcases.Policy_Module.Policy_Module_007() throws java.lang.Exception]]>
              </value>
            </param>
            <param index="1">
              <value>
                <![CDATA[IE]]>
              </value>
            </param>
          </params>
          <reporter-output>
          </reporter-output>
        </test-method> <!-- beforeMethod -->
        <test-method status="FAIL" signature="Policy_Module_007()[pri:0, instance:com.SSPWorldWide.Framework.Adviser.Testcases.Policy_Module@38d08cb5]" name="Policy_Module_007" duration-ms="37706" started-at="2018-04-25T09:16:18Z" description="Personal Client - Policy Creation - Health Insurance" finished-at="2018-04-25T09:16:56Z">
          <exception class="org.openqa.selenium.TimeoutException">
            <message>
              <![CDATA[Expected condition failed: waiting for visibility of element located by By.cssSelector: div[class*='headerTextUsername'] (tried for 30 second(s) with 500 milliseconds interval)]]>
            </message>
            <full-stacktrace>
              <![CDATA[org.openqa.selenium.TimeoutException: Expected condition failed: waiting for visibility of element located by By.cssSelector: div[class*='headerTextUsername'] (tried for 30 second(s) with 500 milliseconds interval)
	at org.openqa.selenium.support.ui.WebDriverWait.timeoutException(WebDriverWait.java:82)
	at org.openqa.selenium.support.ui.FluentWait.until(FluentWait.java:272)
	at com.SSPWorldWide.Framework.Adviser.Helper.CommonKeywords.getAttribute(CommonKeywords.java:402)
	at com.SSPWorldWide.Framework.Adviser.Helper.CommonKeywords.getWebelementAction(CommonKeywords.java:106)
	at com.SSPWorldWide.Framework.Adviser.ReadExcel.ReadProjectReusables.getActionSteps(ReadProjectReusables.java:122)
	at com.SSPWorldWide.Framework.Adviser.ReadExcel.TestcaseFlow.runSingleTest(TestcaseFlow.java:28)
	at com.SSPWorldWide.Framework.Adviser.Testcases.Policy_Module.Policy_Module_007(Policy_Module.java:32)
	at sun.reflect.NativeMethodAccessorImpl.invoke0(Native Method)
	at sun.reflect.NativeMethodAccessorImpl.invoke(Unknown Source)
	at sun.reflect.DelegatingMethodAccessorImpl.invoke(Unknown Source)
	at java.lang.reflect.Method.invoke(Unknown Source)
	at org.testng.internal.MethodInvocationHelper.invokeMethod(MethodInvocationHelper.java:108)
	at org.testng.internal.Invoker.invokeMethod(Invoker.java:661)
	at org.testng.internal.Invoker.invokeTestMethod(Invoker.java:869)
	at org.testng.internal.Invoker.invokeTestMethods(Invoker.java:1193)
	at org.testng.internal.TestMethodWorker.invokeTestMethods(TestMethodWorker.java:126)
	at org.testng.internal.TestMethodWorker.run(TestMethodWorker.java:109)
	at org.testng.TestRunner.privateRun(TestRunner.java:744)
	at org.testng.TestRunner.run(TestRunner.java:602)
	at org.testng.SuiteRunner.runTest(SuiteRunner.java:380)
	at org.testng.SuiteRunner.runSequentially(SuiteRunner.java:375)
	at org.testng.SuiteRunner.privateRun(SuiteRunner.java:340)
	at org.testng.SuiteRunner.run(SuiteRunner.java:289)
	at org.testng.SuiteRunnerWorker.runSuite(SuiteRunnerWorker.java:52)
	at org.testng.SuiteRunnerWorker.run(SuiteRunnerWorker.java:86)
	at java.util.concurrent.ThreadPoolExecutor.runWorker(Unknown Source)
	at java.util.concurrent.ThreadPoolExecutor$Worker.run(Unknown Source)
	at java.lang.Thread.run(Unknown Source)
Caused by: org.openqa.selenium.NoSuchElementException: Cannot locate an element using By.cssSelector: div[class*='headerTextUsername']
For documentation on this error, please visit: http://seleniumhq.org/exceptions/no_such_element.html
Build info: version: '3.10.0', revision: '176b4a9', time: '2018-03-02T19:03:16.397Z'
System info: host: 'IN00302', ip: '192.168.74.75', os.name: 'Windows 10', os.arch: 'amd64', os.version: '10.0', java.version: '1.8.0_161'
Driver info: driver.version: unknown
	at org.openqa.selenium.support.ui.ExpectedConditions.lambda$findElement$0(ExpectedConditions.java:896)
	at java.util.Optional.orElseThrow(Unknown Source)
	at org.openqa.selenium.support.ui.ExpectedConditions.findElement(ExpectedConditions.java:895)
	at org.openqa.selenium.support.ui.ExpectedConditions.access$000(ExpectedConditions.java:44)
	at org.openqa.selenium.support.ui.ExpectedConditions$7.apply(ExpectedConditions.java:206)
	at org.openqa.selenium.support.ui.ExpectedConditions$7.apply(ExpectedConditions.java:202)
	at org.openqa.selenium.support.ui.FluentWait.until(FluentWait.java:249)
	... 26 more
]]>
            </full-stacktrace>
          </exception> <!-- org.openqa.selenium.TimeoutException -->
          <reporter-output>
          </reporter-output>
        </test-method> <!-- Policy_Module_007 -->
        <test-method status="PASS" signature="tearDown(org.testng.ITestResult)[pri:0, instance:com.SSPWorldWide.Framework.Adviser.Testcases.Policy_Module@38d08cb5]" name="tearDown" is-config="true" duration-ms="1562" started-at="2018-04-25T09:16:56Z" finished-at="2018-04-25T09:16:57Z">
          <params>
            <param index="0">
              <value>
                <![CDATA[[TestResult name=Policy_Module_007 status=FAILURE method=Policy_Module.Policy_Module_007()[pri:0, instance:com.SSPWorldWide.Framework.Adviser.Testcases.Policy_Module@38d08cb5] output={null}]]]>
              </value>
            </param>
          </params>
          <reporter-output>
          </reporter-output>
        </test-method> <!-- tearDown -->
      </class> <!-- com.SSPWorldWide.Framework.Adviser.Testcases.Policy_Module -->
    </test> <!-- Policy_Module_007 -->
    <test name="Policy_Module_008" duration-ms="42876" started-at="2018-04-25T03:46:57Z" finished-at="2018-04-25T03:47:40Z">
      <class name="com.SSPWorldWide.Framework.Adviser.Testcases.Policy_Module">
        <test-method status="PASS" signature="beforeMethod(java.lang.reflect.Method, java.lang.String)[pri:0, instance:com.SSPWorldWide.Framework.Adviser.Testcases.Policy_Module@1934ad7c]" name="beforeMethod" is-config="true" duration-ms="2648" started-at="2018-04-25T09:16:57Z" finished-at="2018-04-25T09:17:00Z">
          <params>
            <param index="0">
              <value>
                <![CDATA[public void com.SSPWorldWide.Framework.Adviser.Testcases.Policy_Module.Policy_Module_008() throws java.lang.Exception]]>
              </value>
            </param>
            <param index="1">
              <value>
                <![CDATA[IE]]>
              </value>
            </param>
          </params>
          <reporter-output>
          </reporter-output>
        </test-method> <!-- beforeMethod -->
        <test-method status="FAIL" signature="Policy_Module_008()[pri:0, instance:com.SSPWorldWide.Framework.Adviser.Testcases.Policy_Module@1934ad7c]" name="Policy_Module_008" duration-ms="38540" started-at="2018-04-25T09:17:00Z" description="Corporate Client - Policy Creation - Liability- Rent/Miscellaneious Liability" finished-at="2018-04-25T09:17:38Z">
          <exception class="org.openqa.selenium.TimeoutException">
            <message>
              <![CDATA[Expected condition failed: waiting for visibility of element located by By.cssSelector: div[class*='headerTextUsername'] (tried for 30 second(s) with 500 milliseconds interval)]]>
            </message>
            <full-stacktrace>
              <![CDATA[org.openqa.selenium.TimeoutException: Expected condition failed: waiting for visibility of element located by By.cssSelector: div[class*='headerTextUsername'] (tried for 30 second(s) with 500 milliseconds interval)
	at org.openqa.selenium.support.ui.WebDriverWait.timeoutException(WebDriverWait.java:82)
	at org.openqa.selenium.support.ui.FluentWait.until(FluentWait.java:272)
	at com.SSPWorldWide.Framework.Adviser.Helper.CommonKeywords.getAttribute(CommonKeywords.java:402)
	at com.SSPWorldWide.Framework.Adviser.Helper.CommonKeywords.getWebelementAction(CommonKeywords.java:106)
	at com.SSPWorldWide.Framework.Adviser.ReadExcel.ReadProjectReusables.getActionSteps(ReadProjectReusables.java:122)
	at com.SSPWorldWide.Framework.Adviser.ReadExcel.TestcaseFlow.runSingleTest(TestcaseFlow.java:28)
	at com.SSPWorldWide.Framework.Adviser.Testcases.Policy_Module.Policy_Module_008(Policy_Module.java:36)
	at sun.reflect.NativeMethodAccessorImpl.invoke0(Native Method)
	at sun.reflect.NativeMethodAccessorImpl.invoke(Unknown Source)
	at sun.reflect.DelegatingMethodAccessorImpl.invoke(Unknown Source)
	at java.lang.reflect.Method.invoke(Unknown Source)
	at org.testng.internal.MethodInvocationHelper.invokeMethod(MethodInvocationHelper.java:108)
	at org.testng.internal.Invoker.invokeMethod(Invoker.java:661)
	at org.testng.internal.Invoker.invokeTestMethod(Invoker.java:869)
	at org.testng.internal.Invoker.invokeTestMethods(Invoker.java:1193)
	at org.testng.internal.TestMethodWorker.invokeTestMethods(TestMethodWorker.java:126)
	at org.testng.internal.TestMethodWorker.run(TestMethodWorker.java:109)
	at org.testng.TestRunner.privateRun(TestRunner.java:744)
	at org.testng.TestRunner.run(TestRunner.java:602)
	at org.testng.SuiteRunner.runTest(SuiteRunner.java:380)
	at org.testng.SuiteRunner.runSequentially(SuiteRunner.java:375)
	at org.testng.SuiteRunner.privateRun(SuiteRunner.java:340)
	at org.testng.SuiteRunner.run(SuiteRunner.java:289)
	at org.testng.SuiteRunnerWorker.runSuite(SuiteRunnerWorker.java:52)
	at org.testng.SuiteRunnerWorker.run(SuiteRunnerWorker.java:86)
	at java.util.concurrent.ThreadPoolExecutor.runWorker(Unknown Source)
	at java.util.concurrent.ThreadPoolExecutor$Worker.run(Unknown Source)
	at java.lang.Thread.run(Unknown Source)
Caused by: org.openqa.selenium.NoSuchElementException: Cannot locate an element using By.cssSelector: div[class*='headerTextUsername']
For documentation on this error, please visit: http://seleniumhq.org/exceptions/no_such_element.html
Build info: version: '3.10.0', revision: '176b4a9', time: '2018-03-02T19:03:16.397Z'
System info: host: 'IN00302', ip: '192.168.74.75', os.name: 'Windows 10', os.arch: 'amd64', os.version: '10.0', java.version: '1.8.0_161'
Driver info: driver.version: unknown
	at org.openqa.selenium.support.ui.ExpectedConditions.lambda$findElement$0(ExpectedConditions.java:896)
	at java.util.Optional.orElseThrow(Unknown Source)
	at org.openqa.selenium.support.ui.ExpectedConditions.findElement(ExpectedConditions.java:895)
	at org.openqa.selenium.support.ui.ExpectedConditions.access$000(ExpectedConditions.java:44)
	at org.openqa.selenium.support.ui.ExpectedConditions$7.apply(ExpectedConditions.java:206)
	at org.openqa.selenium.support.ui.ExpectedConditions$7.apply(ExpectedConditions.java:202)
	at org.openqa.selenium.support.ui.FluentWait.until(FluentWait.java:249)
	... 26 more
]]>
            </full-stacktrace>
          </exception> <!-- org.openqa.selenium.TimeoutException -->
          <reporter-output>
          </reporter-output>
        </test-method> <!-- Policy_Module_008 -->
        <test-method status="PASS" signature="tearDown(org.testng.ITestResult)[pri:0, instance:com.SSPWorldWide.Framework.Adviser.Testcases.Policy_Module@1934ad7c]" name="tearDown" is-config="true" duration-ms="1688" started-at="2018-04-25T09:17:38Z" finished-at="2018-04-25T09:17:40Z">
          <params>
            <param index="0">
              <value>
                <![CDATA[[TestResult name=Policy_Module_008 status=FAILURE method=Policy_Module.Policy_Module_008()[pri:0, instance:com.SSPWorldWide.Framework.Adviser.Testcases.Policy_Module@1934ad7c] output={null}]]]>
              </value>
            </param>
          </params>
          <reporter-output>
          </reporter-output>
        </test-method> <!-- tearDown -->
      </class> <!-- com.SSPWorldWide.Framework.Adviser.Testcases.Policy_Module -->
    </test> <!-- Policy_Module_008 -->
    <test name="Policy_Module_009" duration-ms="54090" started-at="2018-04-25T03:47:40Z" finished-at="2018-04-25T03:48:34Z">
      <class name="com.SSPWorldWide.Framework.Adviser.Testcases.Policy_Module">
        <test-method status="PASS" signature="beforeMethod(java.lang.reflect.Method, java.lang.String)[pri:0, instance:com.SSPWorldWide.Framework.Adviser.Testcases.Policy_Module@3e8799f]" name="beforeMethod" is-config="true" duration-ms="2649" started-at="2018-04-25T09:17:40Z" finished-at="2018-04-25T09:17:43Z">
          <params>
            <param index="0">
              <value>
                <![CDATA[public void com.SSPWorldWide.Framework.Adviser.Testcases.Policy_Module.Policy_Module_009() throws java.lang.Exception]]>
              </value>
            </param>
            <param index="1">
              <value>
                <![CDATA[IE]]>
              </value>
            </param>
          </params>
          <reporter-output>
          </reporter-output>
        </test-method> <!-- beforeMethod -->
        <test-method status="FAIL" signature="Policy_Module_009()[pri:0, instance:com.SSPWorldWide.Framework.Adviser.Testcases.Policy_Module@3e8799f]" name="Policy_Module_009" duration-ms="46612" started-at="2018-04-25T09:17:43Z" description="Corporate Client - Policy Creation - Liability- Mortgage/Lo" finished-at="2018-04-25T09:18:29Z">
          <exception class="org.openqa.selenium.TimeoutException">
            <message>
              <![CDATA[Expected condition failed: waiting for url to contain "/Portal/Policy/Summary/Index". Current url: "http://adviser11test/Portal/Client/Summary/CreateFromSearch?activeTab=quickSearchTab&type=Corporate&name=" (tried for 30 second(s) with 500 milliseconds interval)
Build info: version: '3.10.0', revision: '176b4a9', time: '2018-03-02T19:03:16.397Z'
System info: host: 'IN00302', ip: '192.168.74.75', os.name: 'Windows 10', os.arch: 'amd64', os.version: '10.0', java.version: '1.8.0_161'
Driver info: org.openqa.selenium.remote.RemoteWebDriver
Capabilities {acceptInsecureCerts: false, browserName: internet explorer, browserVersion: 11, javascriptEnabled: true, pageLoadStrategy: normal, platform: WINDOWS, platformName: WINDOWS, proxy: Proxy(), se:ieOptions: {browserAttachTimeout: 0, elementScrollBehavior: 0, enablePersistentHover: true, ie.browserCommandLineSwitches: , ie.ensureCleanSession: false, ie.fileUploadDialogTimeout: 3000, ie.forceCreateProcessApi: false, ignoreProtectedModeSettings: false, ignoreZoomSetting: false, initialBrowserUrl: http://localhost:42429/, nativeEvents: true, requireWindowFocus: false}, setWindowRect: true, timeouts: {implicit: 0, pageLoad: 300000, script: 30000}, unhandledPromptBehavior: ignore, webdriver.remote.sessionid: 4c2e65f8-3a53-43a3-8db8-fd2...}
Session ID: 4c2e65f8-3a53-43a3-8db8-fd2845817a5e]]>
            </message>
            <full-stacktrace>
              <![CDATA[org.openqa.selenium.TimeoutException: Expected condition failed: waiting for url to contain "/Portal/Policy/Summary/Index". Current url: "http://adviser11test/Portal/Client/Summary/CreateFromSearch?activeTab=quickSearchTab&type=Corporate&name=" (tried for 30 second(s) with 500 milliseconds interval)
Build info: version: '3.10.0', revision: '176b4a9', time: '2018-03-02T19:03:16.397Z'
System info: host: 'IN00302', ip: '192.168.74.75', os.name: 'Windows 10', os.arch: 'amd64', os.version: '10.0', java.version: '1.8.0_161'
Driver info: org.openqa.selenium.remote.RemoteWebDriver
Capabilities {acceptInsecureCerts: false, browserName: internet explorer, browserVersion: 11, javascriptEnabled: true, pageLoadStrategy: normal, platform: WINDOWS, platformName: WINDOWS, proxy: Proxy(), se:ieOptions: {browserAttachTimeout: 0, elementScrollBehavior: 0, enablePersistentHover: true, ie.browserCommandLineSwitches: , ie.ensureCleanSession: false, ie.fileUploadDialogTimeout: 3000, ie.forceCreateProcessApi: false, ignoreProtectedModeSettings: false, ignoreZoomSetting: false, initialBrowserUrl: http://localhost:42429/, nativeEvents: true, requireWindowFocus: false}, setWindowRect: true, timeouts: {implicit: 0, pageLoad: 300000, script: 30000}, unhandledPromptBehavior: ignore, webdriver.remote.sessionid: 4c2e65f8-3a53-43a3-8db8-fd2...}
Session ID: 4c2e65f8-3a53-43a3-8db8-fd2845817a5e
	at org.openqa.selenium.support.ui.WebDriverWait.timeoutException(WebDriverWait.java:82)
	at org.openqa.selenium.support.ui.FluentWait.until(FluentWait.java:272)
	at com.SSPWorldWide.Framework.Adviser.Helper.CommonKeywords.currentURLContains(CommonKeywords.java:502)
	at com.SSPWorldWide.Framework.Adviser.Helper.CommonKeywords.getWebelementAction(CommonKeywords.java:74)
	at com.SSPWorldWide.Framework.Adviser.ReadExcel.ReadProjectReusables.getActionSteps(ReadProjectReusables.java:125)
	at com.SSPWorldWide.Framework.Adviser.ReadExcel.TestcaseFlow.runSingleTest(TestcaseFlow.java:31)
	at com.SSPWorldWide.Framework.Adviser.Testcases.Policy_Module.Policy_Module_009(Policy_Module.java:40)
	at sun.reflect.NativeMethodAccessorImpl.invoke0(Native Method)
	at sun.reflect.NativeMethodAccessorImpl.invoke(Unknown Source)
	at sun.reflect.DelegatingMethodAccessorImpl.invoke(Unknown Source)
	at java.lang.reflect.Method.invoke(Unknown Source)
	at org.testng.internal.MethodInvocationHelper.invokeMethod(MethodInvocationHelper.java:108)
	at org.testng.internal.Invoker.invokeMethod(Invoker.java:661)
	at org.testng.internal.Invoker.invokeTestMethod(Invoker.java:869)
	at org.testng.internal.Invoker.invokeTestMethods(Invoker.java:1193)
	at org.testng.internal.TestMethodWorker.invokeTestMethods(TestMethodWorker.java:126)
	at org.testng.internal.TestMethodWorker.run(TestMethodWorker.java:109)
	at org.testng.TestRunner.privateRun(TestRunner.java:744)
	at org.testng.TestRunner.run(TestRunner.java:602)
	at org.testng.SuiteRunner.runTest(SuiteRunner.java:380)
	at org.testng.SuiteRunner.runSequentially(SuiteRunner.java:375)
	at org.testng.SuiteRunner.privateRun(SuiteRunner.java:340)
	at org.testng.SuiteRunner.run(SuiteRunner.java:289)
	at org.testng.SuiteRunnerWorker.runSuite(SuiteRunnerWorker.java:52)
	at org.testng.SuiteRunnerWorker.run(SuiteRunnerWorker.java:86)
	at java.util.concurrent.ThreadPoolExecutor.runWorker(Unknown Source)
	at java.util.concurrent.ThreadPoolExecutor$Worker.run(Unknown Source)
	at java.lang.Thread.run(Unknown Source)
]]>
            </full-stacktrace>
          </exception> <!-- org.openqa.selenium.TimeoutException -->
          <reporter-output>
          </reporter-output>
        </test-method> <!-- Policy_Module_009 -->
        <test-method status="PASS" signature="tearDown(org.testng.ITestResult)[pri:0, instance:com.SSPWorldWide.Framework.Adviser.Testcases.Policy_Module@3e8799f]" name="tearDown" is-config="true" duration-ms="4829" started-at="2018-04-25T09:18:29Z" finished-at="2018-04-25T09:18:34Z">
          <params>
            <param index="0">
              <value>
                <![CDATA[[TestResult name=Policy_Module_009 status=FAILURE method=Policy_Module.Policy_Module_009()[pri:0, instance:com.SSPWorldWide.Framework.Adviser.Testcases.Policy_Module@3e8799f] output={null}]]]>
              </value>
            </param>
          </params>
          <reporter-output>
          </reporter-output>
        </test-method> <!-- tearDown -->
      </class> <!-- com.SSPWorldWide.Framework.Adviser.Testcases.Policy_Module -->
    </test> <!-- Policy_Module_009 -->
    <test name="Policy_Module_010" duration-ms="42213" started-at="2018-04-25T03:48:34Z" finished-at="2018-04-25T03:49:16Z">
      <class name="com.SSPWorldWide.Framework.Adviser.Testcases.Policy_Module">
        <test-method status="PASS" signature="beforeMethod(java.lang.reflect.Method, java.lang.String)[pri:0, instance:com.SSPWorldWide.Framework.Adviser.Testcases.Policy_Module@1e84f3c8]" name="beforeMethod" is-config="true" duration-ms="2134" started-at="2018-04-25T09:18:34Z" finished-at="2018-04-25T09:18:36Z">
          <params>
            <param index="0">
              <value>
                <![CDATA[public void com.SSPWorldWide.Framework.Adviser.Testcases.Policy_Module.Policy_Module_010() throws java.lang.Exception]]>
              </value>
            </param>
            <param index="1">
              <value>
                <![CDATA[IE]]>
              </value>
            </param>
          </params>
          <reporter-output>
          </reporter-output>
        </test-method> <!-- beforeMethod -->
        <test-method status="FAIL" signature="Policy_Module_010()[pri:0, instance:com.SSPWorldWide.Framework.Adviser.Testcases.Policy_Module@1e84f3c8]" name="Policy_Module_010" duration-ms="38485" started-at="2018-04-25T09:18:36Z" description="Corporate Client - Policy Creation - Life/Critical Insuarnce" finished-at="2018-04-25T09:19:15Z">
          <exception class="org.openqa.selenium.TimeoutException">
            <message>
              <![CDATA[Expected condition failed: waiting for visibility of element located by By.cssSelector: div[class*='headerTextUsername'] (tried for 30 second(s) with 500 milliseconds interval)]]>
            </message>
            <full-stacktrace>
              <![CDATA[org.openqa.selenium.TimeoutException: Expected condition failed: waiting for visibility of element located by By.cssSelector: div[class*='headerTextUsername'] (tried for 30 second(s) with 500 milliseconds interval)
	at org.openqa.selenium.support.ui.WebDriverWait.timeoutException(WebDriverWait.java:82)
	at org.openqa.selenium.support.ui.FluentWait.until(FluentWait.java:272)
	at com.SSPWorldWide.Framework.Adviser.Helper.CommonKeywords.getAttribute(CommonKeywords.java:402)
	at com.SSPWorldWide.Framework.Adviser.Helper.CommonKeywords.getWebelementAction(CommonKeywords.java:106)
	at com.SSPWorldWide.Framework.Adviser.ReadExcel.ReadProjectReusables.getActionSteps(ReadProjectReusables.java:122)
	at com.SSPWorldWide.Framework.Adviser.ReadExcel.TestcaseFlow.runSingleTest(TestcaseFlow.java:28)
	at com.SSPWorldWide.Framework.Adviser.Testcases.Policy_Module.Policy_Module_010(Policy_Module.java:44)
	at sun.reflect.NativeMethodAccessorImpl.invoke0(Native Method)
	at sun.reflect.NativeMethodAccessorImpl.invoke(Unknown Source)
	at sun.reflect.DelegatingMethodAccessorImpl.invoke(Unknown Source)
	at java.lang.reflect.Method.invoke(Unknown Source)
	at org.testng.internal.MethodInvocationHelper.invokeMethod(MethodInvocationHelper.java:108)
	at org.testng.internal.Invoker.invokeMethod(Invoker.java:661)
	at org.testng.internal.Invoker.invokeTestMethod(Invoker.java:869)
	at org.testng.internal.Invoker.invokeTestMethods(Invoker.java:1193)
	at org.testng.internal.TestMethodWorker.invokeTestMethods(TestMethodWorker.java:126)
	at org.testng.internal.TestMethodWorker.run(TestMethodWorker.java:109)
	at org.testng.TestRunner.privateRun(TestRunner.java:744)
	at org.testng.TestRunner.run(TestRunner.java:602)
	at org.testng.SuiteRunner.runTest(SuiteRunner.java:380)
	at org.testng.SuiteRunner.runSequentially(SuiteRunner.java:375)
	at org.testng.SuiteRunner.privateRun(SuiteRunner.java:340)
	at org.testng.SuiteRunner.run(SuiteRunner.java:289)
	at org.testng.SuiteRunnerWorker.runSuite(SuiteRunnerWorker.java:52)
	at org.testng.SuiteRunnerWorker.run(SuiteRunnerWorker.java:86)
	at java.util.concurrent.ThreadPoolExecutor.runWorker(Unknown Source)
	at java.util.concurrent.ThreadPoolExecutor$Worker.run(Unknown Source)
	at java.lang.Thread.run(Unknown Source)
Caused by: org.openqa.selenium.NoSuchElementException: Cannot locate an element using By.cssSelector: div[class*='headerTextUsername']
For documentation on this error, please visit: http://seleniumhq.org/exceptions/no_such_element.html
Build info: version: '3.10.0', revision: '176b4a9', time: '2018-03-02T19:03:16.397Z'
System info: host: 'IN00302', ip: '192.168.74.75', os.name: 'Windows 10', os.arch: 'amd64', os.version: '10.0', java.version: '1.8.0_161'
Driver info: driver.version: unknown
	at org.openqa.selenium.support.ui.ExpectedConditions.lambda$findElement$0(ExpectedConditions.java:896)
	at java.util.Optional.orElseThrow(Unknown Source)
	at org.openqa.selenium.support.ui.ExpectedConditions.findElement(ExpectedConditions.java:895)
	at org.openqa.selenium.support.ui.ExpectedConditions.access$000(ExpectedConditions.java:44)
	at org.openqa.selenium.support.ui.ExpectedConditions$7.apply(ExpectedConditions.java:206)
	at org.openqa.selenium.support.ui.ExpectedConditions$7.apply(ExpectedConditions.java:202)
	at org.openqa.selenium.support.ui.FluentWait.until(FluentWait.java:249)
	... 26 more
]]>
            </full-stacktrace>
          </exception> <!-- org.openqa.selenium.TimeoutException -->
          <reporter-output>
          </reporter-output>
        </test-method> <!-- Policy_Module_010 -->
        <test-method status="PASS" signature="tearDown(org.testng.ITestResult)[pri:0, instance:com.SSPWorldWide.Framework.Adviser.Testcases.Policy_Module@1e84f3c8]" name="tearDown" is-config="true" duration-ms="1594" started-at="2018-04-25T09:19:15Z" finished-at="2018-04-25T09:19:16Z">
          <params>
            <param index="0">
              <value>
                <![CDATA[[TestResult name=Policy_Module_010 status=FAILURE method=Policy_Module.Policy_Module_010()[pri:0, instance:com.SSPWorldWide.Framework.Adviser.Testcases.Policy_Module@1e84f3c8] output={null}]]]>
              </value>
            </param>
          </params>
          <reporter-output>
          </reporter-output>
        </test-method> <!-- tearDown -->
      </class> <!-- com.SSPWorldWide.Framework.Adviser.Testcases.Policy_Module -->
    </test> <!-- Policy_Module_010 -->
    <test name="Policy_Module_011" duration-ms="42342" started-at="2018-04-25T03:49:16Z" finished-at="2018-04-25T03:49:59Z">
      <class name="com.SSPWorldWide.Framework.Adviser.Testcases.Policy_Module">
        <test-method status="PASS" signature="beforeMethod(java.lang.reflect.Method, java.lang.String)[pri:0, instance:com.SSPWorldWide.Framework.Adviser.Testcases.Policy_Module@50ab56e2]" name="beforeMethod" is-config="true" duration-ms="2644" started-at="2018-04-25T09:19:16Z" finished-at="2018-04-25T09:19:19Z">
          <params>
            <param index="0">
              <value>
                <![CDATA[public void com.SSPWorldWide.Framework.Adviser.Testcases.Policy_Module.Policy_Module_011() throws java.lang.Exception]]>
              </value>
            </param>
            <param index="1">
              <value>
                <![CDATA[IE]]>
              </value>
            </param>
          </params>
          <reporter-output>
          </reporter-output>
        </test-method> <!-- beforeMethod -->
        <test-method status="FAIL" signature="Policy_Module_011()[pri:0, instance:com.SSPWorldWide.Framework.Adviser.Testcases.Policy_Module@50ab56e2]" name="Policy_Module_011" duration-ms="38182" started-at="2018-04-25T09:19:19Z" description="Corporate Client - Policy Creation - Medical Insuarnce" finished-at="2018-04-25T09:19:57Z">
          <exception class="org.openqa.selenium.TimeoutException">
            <message>
              <![CDATA[Expected condition failed: waiting for visibility of element located by By.cssSelector: div[class*='headerTextUsername'] (tried for 30 second(s) with 500 milliseconds interval)]]>
            </message>
            <full-stacktrace>
              <![CDATA[org.openqa.selenium.TimeoutException: Expected condition failed: waiting for visibility of element located by By.cssSelector: div[class*='headerTextUsername'] (tried for 30 second(s) with 500 milliseconds interval)
	at org.openqa.selenium.support.ui.WebDriverWait.timeoutException(WebDriverWait.java:82)
	at org.openqa.selenium.support.ui.FluentWait.until(FluentWait.java:272)
	at com.SSPWorldWide.Framework.Adviser.Helper.CommonKeywords.getAttribute(CommonKeywords.java:402)
	at com.SSPWorldWide.Framework.Adviser.Helper.CommonKeywords.getWebelementAction(CommonKeywords.java:106)
	at com.SSPWorldWide.Framework.Adviser.ReadExcel.ReadProjectReusables.getActionSteps(ReadProjectReusables.java:122)
	at com.SSPWorldWide.Framework.Adviser.ReadExcel.TestcaseFlow.runSingleTest(TestcaseFlow.java:28)
	at com.SSPWorldWide.Framework.Adviser.Testcases.Policy_Module.Policy_Module_011(Policy_Module.java:48)
	at sun.reflect.NativeMethodAccessorImpl.invoke0(Native Method)
	at sun.reflect.NativeMethodAccessorImpl.invoke(Unknown Source)
	at sun.reflect.DelegatingMethodAccessorImpl.invoke(Unknown Source)
	at java.lang.reflect.Method.invoke(Unknown Source)
	at org.testng.internal.MethodInvocationHelper.invokeMethod(MethodInvocationHelper.java:108)
	at org.testng.internal.Invoker.invokeMethod(Invoker.java:661)
	at org.testng.internal.Invoker.invokeTestMethod(Invoker.java:869)
	at org.testng.internal.Invoker.invokeTestMethods(Invoker.java:1193)
	at org.testng.internal.TestMethodWorker.invokeTestMethods(TestMethodWorker.java:126)
	at org.testng.internal.TestMethodWorker.run(TestMethodWorker.java:109)
	at org.testng.TestRunner.privateRun(TestRunner.java:744)
	at org.testng.TestRunner.run(TestRunner.java:602)
	at org.testng.SuiteRunner.runTest(SuiteRunner.java:380)
	at org.testng.SuiteRunner.runSequentially(SuiteRunner.java:375)
	at org.testng.SuiteRunner.privateRun(SuiteRunner.java:340)
	at org.testng.SuiteRunner.run(SuiteRunner.java:289)
	at org.testng.SuiteRunnerWorker.runSuite(SuiteRunnerWorker.java:52)
	at org.testng.SuiteRunnerWorker.run(SuiteRunnerWorker.java:86)
	at java.util.concurrent.ThreadPoolExecutor.runWorker(Unknown Source)
	at java.util.concurrent.ThreadPoolExecutor$Worker.run(Unknown Source)
	at java.lang.Thread.run(Unknown Source)
Caused by: org.openqa.selenium.NoSuchElementException: Cannot locate an element using By.cssSelector: div[class*='headerTextUsername']
For documentation on this error, please visit: http://seleniumhq.org/exceptions/no_such_element.html
Build info: version: '3.10.0', revision: '176b4a9', time: '2018-03-02T19:03:16.397Z'
System info: host: 'IN00302', ip: '192.168.74.75', os.name: 'Windows 10', os.arch: 'amd64', os.version: '10.0', java.version: '1.8.0_161'
Driver info: driver.version: unknown
	at org.openqa.selenium.support.ui.ExpectedConditions.lambda$findElement$0(ExpectedConditions.java:896)
	at java.util.Optional.orElseThrow(Unknown Source)
	at org.openqa.selenium.support.ui.ExpectedConditions.findElement(ExpectedConditions.java:895)
	at org.openqa.selenium.support.ui.ExpectedConditions.access$000(ExpectedConditions.java:44)
	at org.openqa.selenium.support.ui.ExpectedConditions$7.apply(ExpectedConditions.java:206)
	at org.openqa.selenium.support.ui.ExpectedConditions$7.apply(ExpectedConditions.java:202)
	at org.openqa.selenium.support.ui.FluentWait.until(FluentWait.java:249)
	... 26 more
]]>
            </full-stacktrace>
          </exception> <!-- org.openqa.selenium.TimeoutException -->
          <reporter-output>
          </reporter-output>
        </test-method> <!-- Policy_Module_011 -->
        <test-method status="PASS" signature="tearDown(org.testng.ITestResult)[pri:0, instance:com.SSPWorldWide.Framework.Adviser.Testcases.Policy_Module@50ab56e2]" name="tearDown" is-config="true" duration-ms="1516" started-at="2018-04-25T09:19:57Z" finished-at="2018-04-25T09:19:59Z">
          <params>
            <param index="0">
              <value>
                <![CDATA[[TestResult name=Policy_Module_011 status=FAILURE method=Policy_Module.Policy_Module_011()[pri:0, instance:com.SSPWorldWide.Framework.Adviser.Testcases.Policy_Module@50ab56e2] output={null}]]]>
              </value>
            </param>
          </params>
          <reporter-output>
          </reporter-output>
        </test-method> <!-- tearDown -->
      </class> <!-- com.SSPWorldWide.Framework.Adviser.Testcases.Policy_Module -->
    </test> <!-- Policy_Module_011 -->
    <test name="Policy_Module_012" duration-ms="42433" started-at="2018-04-25T03:49:59Z" finished-at="2018-04-25T03:50:41Z">
      <class name="com.SSPWorldWide.Framework.Adviser.Testcases.Policy_Module">
        <test-method status="PASS" signature="beforeMethod(java.lang.reflect.Method, java.lang.String)[pri:0, instance:com.SSPWorldWide.Framework.Adviser.Testcases.Policy_Module@42d6c12d]" name="beforeMethod" is-config="true" duration-ms="2690" started-at="2018-04-25T09:19:59Z" finished-at="2018-04-25T09:20:01Z">
          <params>
            <param index="0">
              <value>
                <![CDATA[public void com.SSPWorldWide.Framework.Adviser.Testcases.Policy_Module.Policy_Module_012() throws java.lang.Exception]]>
              </value>
            </param>
            <param index="1">
              <value>
                <![CDATA[IE]]>
              </value>
            </param>
          </params>
          <reporter-output>
          </reporter-output>
        </test-method> <!-- beforeMethod -->
        <test-method status="FAIL" signature="Policy_Module_012()[pri:0, instance:com.SSPWorldWide.Framework.Adviser.Testcases.Policy_Module@42d6c12d]" name="Policy_Module_012" duration-ms="38118" started-at="2018-04-25T09:20:01Z" description="Personal Client - Create/edit/delete/attach/detach policy" finished-at="2018-04-25T09:20:39Z">
          <exception class="org.openqa.selenium.TimeoutException">
            <message>
              <![CDATA[Expected condition failed: waiting for visibility of element located by By.cssSelector: div[class*='headerTextUsername'] (tried for 30 second(s) with 500 milliseconds interval)]]>
            </message>
            <full-stacktrace>
              <![CDATA[org.openqa.selenium.TimeoutException: Expected condition failed: waiting for visibility of element located by By.cssSelector: div[class*='headerTextUsername'] (tried for 30 second(s) with 500 milliseconds interval)
	at org.openqa.selenium.support.ui.WebDriverWait.timeoutException(WebDriverWait.java:82)
	at org.openqa.selenium.support.ui.FluentWait.until(FluentWait.java:272)
	at com.SSPWorldWide.Framework.Adviser.Helper.CommonKeywords.getAttribute(CommonKeywords.java:402)
	at com.SSPWorldWide.Framework.Adviser.Helper.CommonKeywords.getWebelementAction(CommonKeywords.java:106)
	at com.SSPWorldWide.Framework.Adviser.ReadExcel.ReadProjectReusables.getActionSteps(ReadProjectReusables.java:122)
	at com.SSPWorldWide.Framework.Adviser.ReadExcel.TestcaseFlow.runSingleTest(TestcaseFlow.java:28)
	at com.SSPWorldWide.Framework.Adviser.Testcases.Policy_Module.Policy_Module_012(Policy_Module.java:52)
	at sun.reflect.NativeMethodAccessorImpl.invoke0(Native Method)
	at sun.reflect.NativeMethodAccessorImpl.invoke(Unknown Source)
	at sun.reflect.DelegatingMethodAccessorImpl.invoke(Unknown Source)
	at java.lang.reflect.Method.invoke(Unknown Source)
	at org.testng.internal.MethodInvocationHelper.invokeMethod(MethodInvocationHelper.java:108)
	at org.testng.internal.Invoker.invokeMethod(Invoker.java:661)
	at org.testng.internal.Invoker.invokeTestMethod(Invoker.java:869)
	at org.testng.internal.Invoker.invokeTestMethods(Invoker.java:1193)
	at org.testng.internal.TestMethodWorker.invokeTestMethods(TestMethodWorker.java:126)
	at org.testng.internal.TestMethodWorker.run(TestMethodWorker.java:109)
	at org.testng.TestRunner.privateRun(TestRunner.java:744)
	at org.testng.TestRunner.run(TestRunner.java:602)
	at org.testng.SuiteRunner.runTest(SuiteRunner.java:380)
	at org.testng.SuiteRunner.runSequentially(SuiteRunner.java:375)
	at org.testng.SuiteRunner.privateRun(SuiteRunner.java:340)
	at org.testng.SuiteRunner.run(SuiteRunner.java:289)
	at org.testng.SuiteRunnerWorker.runSuite(SuiteRunnerWorker.java:52)
	at org.testng.SuiteRunnerWorker.run(SuiteRunnerWorker.java:86)
	at java.util.concurrent.ThreadPoolExecutor.runWorker(Unknown Source)
	at java.util.concurrent.ThreadPoolExecutor$Worker.run(Unknown Source)
	at java.lang.Thread.run(Unknown Source)
Caused by: org.openqa.selenium.NoSuchElementException: Cannot locate an element using By.cssSelector: div[class*='headerTextUsername']
For documentation on this error, please visit: http://seleniumhq.org/exceptions/no_such_element.html
Build info: version: '3.10.0', revision: '176b4a9', time: '2018-03-02T19:03:16.397Z'
System info: host: 'IN00302', ip: '192.168.74.75', os.name: 'Windows 10', os.arch: 'amd64', os.version: '10.0', java.version: '1.8.0_161'
Driver info: driver.version: unknown
	at org.openqa.selenium.support.ui.ExpectedConditions.lambda$findElement$0(ExpectedConditions.java:896)
	at java.util.Optional.orElseThrow(Unknown Source)
	at org.openqa.selenium.support.ui.ExpectedConditions.findElement(ExpectedConditions.java:895)
	at org.openqa.selenium.support.ui.ExpectedConditions.access$000(ExpectedConditions.java:44)
	at org.openqa.selenium.support.ui.ExpectedConditions$7.apply(ExpectedConditions.java:206)
	at org.openqa.selenium.support.ui.ExpectedConditions$7.apply(ExpectedConditions.java:202)
	at org.openqa.selenium.support.ui.FluentWait.until(FluentWait.java:249)
	... 26 more
]]>
            </full-stacktrace>
          </exception> <!-- org.openqa.selenium.TimeoutException -->
          <reporter-output>
          </reporter-output>
        </test-method> <!-- Policy_Module_012 -->
        <test-method status="PASS" signature="tearDown(org.testng.ITestResult)[pri:0, instance:com.SSPWorldWide.Framework.Adviser.Testcases.Policy_Module@42d6c12d]" name="tearDown" is-config="true" duration-ms="1625" started-at="2018-04-25T09:20:39Z" finished-at="2018-04-25T09:20:41Z">
          <params>
            <param index="0">
              <value>
                <![CDATA[[TestResult name=Policy_Module_012 status=FAILURE method=Policy_Module.Policy_Module_012()[pri:0, instance:com.SSPWorldWide.Framework.Adviser.Testcases.Policy_Module@42d6c12d] output={null}]]]>
              </value>
            </param>
          </params>
          <reporter-output>
          </reporter-output>
        </test-method> <!-- tearDown -->
      </class> <!-- com.SSPWorldWide.Framework.Adviser.Testcases.Policy_Module -->
    </test> <!-- Policy_Module_012 -->
    <test name="Policy_Module_013" duration-ms="42554" started-at="2018-04-25T03:50:41Z" finished-at="2018-04-25T03:51:24Z">
      <class name="com.SSPWorldWide.Framework.Adviser.Testcases.Policy_Module">
        <test-method status="PASS" signature="beforeMethod(java.lang.reflect.Method, java.lang.String)[pri:0, instance:com.SSPWorldWide.Framework.Adviser.Testcases.Policy_Module@438c9aa7]" name="beforeMethod" is-config="true" duration-ms="2608" started-at="2018-04-25T09:20:41Z" finished-at="2018-04-25T09:20:44Z">
          <params>
            <param index="0">
              <value>
                <![CDATA[public void com.SSPWorldWide.Framework.Adviser.Testcases.Policy_Module.Policy_Module_013() throws java.lang.Exception]]>
              </value>
            </param>
            <param index="1">
              <value>
                <![CDATA[IE]]>
              </value>
            </param>
          </params>
          <reporter-output>
          </reporter-output>
        </test-method> <!-- beforeMethod -->
        <test-method status="FAIL" signature="Policy_Module_013()[pri:0, instance:com.SSPWorldWide.Framework.Adviser.Testcases.Policy_Module@438c9aa7]" name="Policy_Module_013" duration-ms="38352" started-at="2018-04-25T09:20:44Z" description="Corporate Client - Create/edit/delete/attach/detach policy" finished-at="2018-04-25T09:21:22Z">
          <exception class="org.openqa.selenium.TimeoutException">
            <message>
              <![CDATA[Expected condition failed: waiting for visibility of element located by By.cssSelector: div[class*='headerTextUsername'] (tried for 30 second(s) with 500 milliseconds interval)]]>
            </message>
            <full-stacktrace>
              <![CDATA[org.openqa.selenium.TimeoutException: Expected condition failed: waiting for visibility of element located by By.cssSelector: div[class*='headerTextUsername'] (tried for 30 second(s) with 500 milliseconds interval)
	at org.openqa.selenium.support.ui.WebDriverWait.timeoutException(WebDriverWait.java:82)
	at org.openqa.selenium.support.ui.FluentWait.until(FluentWait.java:272)
	at com.SSPWorldWide.Framework.Adviser.Helper.CommonKeywords.getAttribute(CommonKeywords.java:402)
	at com.SSPWorldWide.Framework.Adviser.Helper.CommonKeywords.getWebelementAction(CommonKeywords.java:106)
	at com.SSPWorldWide.Framework.Adviser.ReadExcel.ReadProjectReusables.getActionSteps(ReadProjectReusables.java:122)
	at com.SSPWorldWide.Framework.Adviser.ReadExcel.TestcaseFlow.runSingleTest(TestcaseFlow.java:28)
	at com.SSPWorldWide.Framework.Adviser.Testcases.Policy_Module.Policy_Module_013(Policy_Module.java:56)
	at sun.reflect.NativeMethodAccessorImpl.invoke0(Native Method)
	at sun.reflect.NativeMethodAccessorImpl.invoke(Unknown Source)
	at sun.reflect.DelegatingMethodAccessorImpl.invoke(Unknown Source)
	at java.lang.reflect.Method.invoke(Unknown Source)
	at org.testng.internal.MethodInvocationHelper.invokeMethod(MethodInvocationHelper.java:108)
	at org.testng.internal.Invoker.invokeMethod(Invoker.java:661)
	at org.testng.internal.Invoker.invokeTestMethod(Invoker.java:869)
	at org.testng.internal.Invoker.invokeTestMethods(Invoker.java:1193)
	at org.testng.internal.TestMethodWorker.invokeTestMethods(TestMethodWorker.java:126)
	at org.testng.internal.TestMethodWorker.run(TestMethodWorker.java:109)
	at org.testng.TestRunner.privateRun(TestRunner.java:744)
	at org.testng.TestRunner.run(TestRunner.java:602)
	at org.testng.SuiteRunner.runTest(SuiteRunner.java:380)
	at org.testng.SuiteRunner.runSequentially(SuiteRunner.java:375)
	at org.testng.SuiteRunner.privateRun(SuiteRunner.java:340)
	at org.testng.SuiteRunner.run(SuiteRunner.java:289)
	at org.testng.SuiteRunnerWorker.runSuite(SuiteRunnerWorker.java:52)
	at org.testng.SuiteRunnerWorker.run(SuiteRunnerWorker.java:86)
	at java.util.concurrent.ThreadPoolExecutor.runWorker(Unknown Source)
	at java.util.concurrent.ThreadPoolExecutor$Worker.run(Unknown Source)
	at java.lang.Thread.run(Unknown Source)
Caused by: org.openqa.selenium.NoSuchElementException: Cannot locate an element using By.cssSelector: div[class*='headerTextUsername']
For documentation on this error, please visit: http://seleniumhq.org/exceptions/no_such_element.html
Build info: version: '3.10.0', revision: '176b4a9', time: '2018-03-02T19:03:16.397Z'
System info: host: 'IN00302', ip: '192.168.74.75', os.name: 'Windows 10', os.arch: 'amd64', os.version: '10.0', java.version: '1.8.0_161'
Driver info: driver.version: unknown
	at org.openqa.selenium.support.ui.ExpectedConditions.lambda$findElement$0(ExpectedConditions.java:896)
	at java.util.Optional.orElseThrow(Unknown Source)
	at org.openqa.selenium.support.ui.ExpectedConditions.findElement(ExpectedConditions.java:895)
	at org.openqa.selenium.support.ui.ExpectedConditions.access$000(ExpectedConditions.java:44)
	at org.openqa.selenium.support.ui.ExpectedConditions$7.apply(ExpectedConditions.java:206)
	at org.openqa.selenium.support.ui.ExpectedConditions$7.apply(ExpectedConditions.java:202)
	at org.openqa.selenium.support.ui.FluentWait.until(FluentWait.java:249)
	... 26 more
]]>
            </full-stacktrace>
          </exception> <!-- org.openqa.selenium.TimeoutException -->
          <reporter-output>
          </reporter-output>
        </test-method> <!-- Policy_Module_013 -->
        <test-method status="PASS" signature="tearDown(org.testng.ITestResult)[pri:0, instance:com.SSPWorldWide.Framework.Adviser.Testcases.Policy_Module@438c9aa7]" name="tearDown" is-config="true" duration-ms="1594" started-at="2018-04-25T09:21:22Z" finished-at="2018-04-25T09:21:24Z">
          <params>
            <param index="0">
              <value>
[...]
          </params>
          <reporter-output>
          </reporter-output>
        </test-method> <!-- beforeMethod -->
        <test-method status="PASS" signature="Document_Module_001()[pri:0, instance:com.SSPWorldWide.Framework.Adviser.Testcases.Document_Module@dd4aec3]" name="Document_Module_001" duration-ms="59178" started-at="2018-04-25T09:00:16Z" description="Document - Add Documents" finished-at="2018-04-25T09:01:15Z">
          <reporter-output>
          </reporter-output>
        </test-method> <!-- Document_Module_001 -->
        <test-method status="PASS" signature="tearDown(org.testng.ITestResult)[pri:0, instance:com.SSPWorldWide.Framework.Adviser.Testcases.Document_Module@dd4aec3]" name="tearDown" is-config="true" duration-ms="0" started-at="2018-04-25T09:01:15Z" finished-at="2018-04-25T09:01:15Z">
          <params>
            <param index="0">
              <value>
                <![CDATA[[TestResult name=Document_Module_001 status=SUCCESS method=Document_Module.Document_Module_001()[pri:0, instance:com.SSPWorldWide.Framework.Adviser.Testcases.Document_Module@dd4aec3] output={null}]]]>
              </value>
            </param>
          </params>
          <reporter-output>
          </reporter-output>
        </test-method> <!-- tearDown -->
        <test-method status="PASS" signature="afterSuite(org.testng.ITestContext)[pri:0, instance:com.SSPWorldWide.Framework.Adviser.Testcases.Document_Module@dd4aec3]" name="afterSuite" is-config="true" duration-ms="62" started-at="2018-04-25T09:01:15Z" finished-at="2018-04-25T09:01:15Z">
          <params>
            <param index="0">
              <value>
                <![CDATA[org.testng.TestRunner@4e22368c]]>
              </value>
            </param>
          </params>
          <reporter-output>
          </reporter-output>
        </test-method> <!-- afterSuite -->
      </class> <!-- com.SSPWorldWide.Framework.Adviser.Testcases.Document_Module -->
    </test> <!-- Document_Module_001 -->
  </suite> <!-- Document_Module -->
  <suite name="Invoice_Module" duration-ms="533612" started-at="2018-04-25T03:31:15Z" finished-at="2018-04-25T03:40:09Z">
    <groups>
    </groups>
    <test name="Invoice_Module_001" duration-ms="53484" started-at="2018-04-25T03:31:15Z" finished-at="2018-04-25T03:32:09Z">
      <class name="com.SSPWorldWide.Framework.Adviser.Testcases.Invoice_Module">
        <test-method status="PASS" signature="beforeMethod(java.lang.reflect.Method, java.lang.String)[pri:0, instance:com.SSPWorldWide.Framework.Adviser.Testcases.Invoice_Module@2fb25f4c]" name="beforeMethod" is-config="true" duration-ms="2893" started-at="2018-04-25T09:01:15Z" finished-at="2018-04-25T09:01:18Z">
          <params>
            <param index="0">
              <value>
                <![CDATA[public void com.SSPWorldWide.Framework.Adviser.Testcases.Invoice_Module.Invoice_Module_001() throws java.lang.Exception]]>
              </value>
            </param>
            <param index="1">
              <value>
                <![CDATA[IE]]>
              </value>
            </param>
          </params>
          <reporter-output>
          </reporter-output>
        </test-method> <!-- beforeMethod -->
        <test-method status="PASS" signature="Invoice_Module_001()[pri:0, instance:com.SSPWorldWide.Framework.Adviser.Testcases.Invoice_Module@2fb25f4c]" name="Invoice_Module_001" duration-ms="50591" started-at="2018-04-25T09:01:18Z" description="Personal Client - add Invoice" finished-at="2018-04-25T09:02:09Z">
          <reporter-output>
          </reporter-output>
        </test-method> <!-- Invoice_Module_001 -->
        <test-method status="PASS" signature="tearDown(org.testng.ITestResult)[pri:0, instance:com.SSPWorldWide.Framework.Adviser.Testcases.Invoice_Module@2fb25f4c]" name="tearDown" is-config="true" duration-ms="0" started-at="2018-04-25T09:02:09Z" finished-at="2018-04-25T09:02:09Z">
          <params>
            <param index="0">
              <value>
                <![CDATA[[TestResult name=Invoice_Module_001 status=SUCCESS method=Invoice_Module.Invoice_Module_001()[pri:0, instance:com.SSPWorldWide.Framework.Adviser.Testcases.Invoice_Module@2fb25f4c] output={null}]]]>
              </value>
            </param>
          </params>
          <reporter-output>
          </reporter-output>
        </test-method> <!-- tearDown -->
      </class> <!-- com.SSPWorldWide.Framework.Adviser.Testcases.Invoice_Module -->
    </test> <!-- Invoice_Module_001 -->
    <test name="Invoice_Module_002" duration-ms="43872" started-at="2018-04-25T03:32:09Z" finished-at="2018-04-25T03:32:53Z">
      <class name="com.SSPWorldWide.Framework.Adviser.Testcases.Invoice_Module">
        <test-method status="PASS" signature="beforeMethod(java.lang.reflect.Method, java.lang.String)[pri:0, instance:com.SSPWorldWide.Framework.Adviser.Testcases.Invoice_Module@781711b7]" name="beforeMethod" is-config="true" duration-ms="2758" started-at="2018-04-25T09:02:09Z" finished-at="2018-04-25T09:02:12Z">
          <params>
            <param index="0">
              <value>
                <![CDATA[public void com.SSPWorldWide.Framework.Adviser.Testcases.Invoice_Module.Invoice_Module_002() throws java.lang.Exception]]>
              </value>
            </param>
            <param index="1">
              <value>
                <![CDATA[IE]]>
              </value>
            </param>
          </params>
          <reporter-output>
          </reporter-output>
        </test-method> <!-- beforeMethod -->
        <test-method status="PASS" signature="Invoice_Module_002()[pri:0, instance:com.SSPWorldWide.Framework.Adviser.Testcases.Invoice_Module@781711b7]" name="Invoice_Module_002" duration-ms="41114" started-at="2018-04-25T09:02:12Z" description="Corporate Client - add Invoice" finished-at="2018-04-25T09:02:53Z">
          <reporter-output>
          </reporter-output>
        </test-method> <!-- Invoice_Module_002 -->
        <test-method status="PASS" signature="tearDown(org.testng.ITestResult)[pri:0, instance:com.SSPWorldWide.Framework.Adviser.Testcases.Invoice_Module@781711b7]" name="tearDown" is-config="true" duration-ms="0" started-at="2018-04-25T09:02:53Z" finished-at="2018-04-25T09:02:53Z">
          <params>
            <param index="0">
              <value>
                <![CDATA[[TestResult name=Invoice_Module_002 status=SUCCESS method=Invoice_Module.Invoice_Module_002()[pri:0, instance:com.SSPWorldWide.Framework.Adviser.Testcases.Invoice_Module@781711b7] output={null}]]]>
              </value>
            </param>
          </params>
          <reporter-output>
          </reporter-output>
        </test-method> <!-- tearDown -->
      </class> <!-- com.SSPWorldWide.Framework.Adviser.Testcases.Invoice_Module -->
    </test> <!-- Invoice_Module_002 -->
    <test name="Invoice_Module_003" duration-ms="181554" started-at="2018-04-25T03:32:53Z" finished-at="2018-04-25T03:35:54Z">
      <class name="com.SSPWorldWide.Framework.Adviser.Testcases.Invoice_Module">
        <test-method status="PASS" signature="beforeMethod(java.lang.reflect.Method, java.lang.String)[pri:0, instance:com.SSPWorldWide.Framework.Adviser.Testcases.Invoice_Module@4e224df5]" name="beforeMethod" is-config="true" duration-ms="2741" started-at="2018-04-25T09:02:53Z" finished-at="2018-04-25T09:02:55Z">
          <params>
            <param index="0">
              <value>
                <![CDATA[public void com.SSPWorldWide.Framework.Adviser.Testcases.Invoice_Module.Invoice_Module_003() throws java.lang.Exception]]>
              </value>
            </param>
            <param index="1">
              <value>
                <![CDATA[IE]]>
              </value>
            </param>
          </params>
          <reporter-output>
          </reporter-output>
        </test-method> <!-- beforeMethod -->
        <test-method status="PASS" signature="Invoice_Module_003()[pri:0, instance:com.SSPWorldWide.Framework.Adviser.Testcases.Invoice_Module@4e224df5]" name="Invoice_Module_003" duration-ms="178813" started-at="2018-04-25T09:02:55Z" description="Corporate Client - edit/delete Invoice" finished-at="2018-04-25T09:05:54Z">
          <reporter-output>
          </reporter-output>
        </test-method> <!-- Invoice_Module_003 -->
        <test-method status="PASS" signature="tearDown(org.testng.ITestResult)[pri:0, instance:com.SSPWorldWide.Framework.Adviser.Testcases.Invoice_Module@4e224df5]" name="tearDown" is-config="true" duration-ms="0" started-at="2018-04-25T09:05:54Z" finished-at="2018-04-25T09:05:54Z">
          <params>
            <param index="0">
              <value>
                <![CDATA[[TestResult name=Invoice_Module_003 status=SUCCESS method=Invoice_Module.Invoice_Module_003()[pri:0, instance:com.SSPWorldWide.Framework.Adviser.Testcases.Invoice_Module@4e224df5] output={null}]]]>
              </value>
            </param>
          </params>
          <reporter-output>
          </reporter-output>
        </test-method> <!-- tearDown -->
      </class> <!-- com.SSPWorldWide.Framework.Adviser.Testcases.Invoice_Module -->
    </test> <!-- Invoice_Module_003 -->
    <test name="Invoice_Module_004" duration-ms="37246" started-at="2018-04-25T03:35:54Z" finished-at="2018-04-25T03:36:31Z">
      <class name="com.SSPWorldWide.Framework.Adviser.Testcases.Invoice_Module">
        <test-method status="PASS" signature="beforeMethod(java.lang.reflect.Method, java.lang.String)[pri:0, instance:com.SSPWorldWide.Framework.Adviser.Testcases.Invoice_Module@3fa7df1]" name="beforeMethod" is-config="true" duration-ms="2708" started-at="2018-04-25T09:05:54Z" finished-at="2018-04-25T09:05:57Z">
          <params>
            <param index="0">
              <value>
                <![CDATA[public void com.SSPWorldWide.Framework.Adviser.Testcases.Invoice_Module.Invoice_Module_004() throws java.lang.Exception]]>
              </value>
            </param>
            <param index="1">
              <value>
                <![CDATA[IE]]>
              </value>
            </param>
          </params>
          <reporter-output>
          </reporter-output>
        </test-method> <!-- beforeMethod -->
        <test-method status="FAIL" signature="Invoice_Module_004()[pri:0, instance:com.SSPWorldWide.Framework.Adviser.Testcases.Invoice_Module@3fa7df1]" name="Invoice_Module_004" duration-ms="32744" started-at="2018-04-25T09:05:57Z" description="Personal Client - edit/delete Invoice" finished-at="2018-04-25T09:06:30Z">
          <exception class="com.SSPWorldWide.Framework.Adviser.Exceptions.SeleniumExceptions">
            <message>
              <![CDATA[element with locator : 'By.id: InvoiceRecipient_PaymentDueDate' is not a textbox]]>
            </message>
            <full-stacktrace>
              <![CDATA[com.SSPWorldWide.Framework.Adviser.Exceptions.SeleniumExceptions: element with locator : 'By.id: InvoiceRecipient_PaymentDueDate' is not a textbox
	at com.SSPWorldWide.Framework.Adviser.Helper.CommonKeywords.waitForExpectedAndEnterText(CommonKeywords.java:560)
	at com.SSPWorldWide.Framework.Adviser.Helper.CommonKeywords.getWebelementAction(CommonKeywords.java:54)
	at com.SSPWorldWide.Framework.Adviser.ReadExcel.ReadProjectReusables.getActionSteps(ReadProjectReusables.java:122)
	at com.SSPWorldWide.Framework.Adviser.ReadExcel.TestcaseFlow.runSingleTest(TestcaseFlow.java:28)
	at com.SSPWorldWide.Framework.Adviser.Testcases.Invoice_Module.Invoice_Module_004(Invoice_Module.java:20)
	at sun.reflect.NativeMethodAccessorImpl.invoke0(Native Method)
	at sun.reflect.NativeMethodAccessorImpl.invoke(Unknown Source)
	at sun.reflect.DelegatingMethodAccessorImpl.invoke(Unknown Source)
	at java.lang.reflect.Method.invoke(Unknown Source)
	at org.testng.internal.MethodInvocationHelper.invokeMethod(MethodInvocationHelper.java:108)
	at org.testng.internal.Invoker.invokeMethod(Invoker.java:661)
	at org.testng.internal.Invoker.invokeTestMethod(Invoker.java:869)
	at org.testng.internal.Invoker.invokeTestMethods(Invoker.java:1193)
	at org.testng.internal.TestMethodWorker.invokeTestMethods(TestMethodWorker.java:126)
	at org.testng.internal.TestMethodWorker.run(TestMethodWorker.java:109)
	at org.testng.TestRunner.privateRun(TestRunner.java:744)
	at org.testng.TestRunner.run(TestRunner.java:602)
	at org.testng.SuiteRunner.runTest(SuiteRunner.java:380)
	at org.testng.SuiteRunner.runSequentially(SuiteRunner.java:375)
	at org.testng.SuiteRunner.privateRun(SuiteRunner.java:340)
	at org.testng.SuiteRunner.run(SuiteRunner.java:289)
	at org.testng.SuiteRunnerWorker.runSuite(SuiteRunnerWorker.java:52)
	at org.testng.SuiteRunnerWorker.run(SuiteRunnerWorker.java:86)
	at java.util.concurrent.ThreadPoolExecutor.runWorker(Unknown Source)
	at java.util.concurrent.ThreadPoolExecutor$Worker.run(Unknown Source)
	at java.lang.Thread.run(Unknown Source)
]]>
            </full-stacktrace>
          </exception> <!-- com.SSPWorldWide.Framework.Adviser.Exceptions.SeleniumExceptions -->
          <reporter-output>
          </reporter-output>
        </test-method> <!-- Invoice_Module_004 -->
        <test-method status="PASS" signature="tearDown(org.testng.ITestResult)[pri:0, instance:com.SSPWorldWide.Framework.Adviser.Testcases.Invoice_Module@3fa7df1]" name="tearDown" is-config="true" duration-ms="1793" started-at="2018-04-25T09:06:30Z" finished-at="2018-04-25T09:06:31Z">
          <params>
            <param index="0">
              <value>
                <![CDATA[[TestResult name=Invoice_Module_004 status=FAILURE method=Invoice_Module.Invoice_Module_004()[pri:0, instance:com.SSPWorldWide.Framework.Adviser.Testcases.Invoice_Module@3fa7df1] output={null}]]]>
              </value>
            </param>
          </params>
          <reporter-output>
          </reporter-output>
        </test-method> <!-- tearDown -->
      </class> <!-- com.SSPWorldWide.Framework.Adviser.Testcases.Invoice_Module -->
    </test> <!-- Invoice_Module_004 -->
    <test name="Invoice_Module_005" duration-ms="107750" started-at="2018-04-25T03:36:31Z" finished-at="2018-04-25T03:38:19Z">
      <class name="com.SSPWorldWide.Framework.Adviser.Testcases.Invoice_Module">
        <test-method status="PASS" signature="beforeMethod(java.lang.reflect.Method, java.lang.String)[pri:0, instance:com.SSPWorldWide.Framework.Adviser.Testcases.Invoice_Module@4ed5a1b0]" name="beforeMethod" is-config="true" duration-ms="2778" started-at="2018-04-25T09:06:31Z" finished-at="2018-04-25T09:06:34Z">
          <params>
            <param index="0">
              <value>
                <![CDATA[public void com.SSPWorldWide.Framework.Adviser.Testcases.Invoice_Module.Invoice_Module_005() throws java.lang.Exception]]>
              </value>
            </param>
            <param index="1">
              <value>
                <![CDATA[IE]]>
              </value>
            </param>
          </params>
          <reporter-output>
          </reporter-output>
        </test-method> <!-- beforeMethod -->
        <test-method status="PASS" signature="Invoice_Module_005()[pri:0, instance:com.SSPWorldWide.Framework.Adviser.Testcases.Invoice_Module@4ed5a1b0]" name="Invoice_Module_005" duration-ms="104972" started-at="2018-04-25T09:06:34Z" description="Personal Client - Issue Invoice" finished-at="2018-04-25T09:08:19Z">
          <reporter-output>
          </reporter-output>
        </test-method> <!-- Invoice_Module_005 -->
        <test-method status="PASS" signature="tearDown(org.testng.ITestResult)[pri:0, instance:com.SSPWorldWide.Framework.Adviser.Testcases.Invoice_Module@4ed5a1b0]" name="tearDown" is-config="true" duration-ms="0" started-at="2018-04-25T09:08:19Z" finished-at="2018-04-25T09:08:19Z">
          <params>
            <param index="0">
              <value>
                <![CDATA[[TestResult name=Invoice_Module_005 status=SUCCESS method=Invoice_Module.Invoice_Module_005()[pri:0, instance:com.SSPWorldWide.Framework.Adviser.Testcases.Invoice_Module@4ed5a1b0] output={null}]]]>
              </value>
            </param>
          </params>
          <reporter-output>
          </reporter-output>
        </test-method> <!-- tearDown -->
      </class> <!-- com.SSPWorldWide.Framework.Adviser.Testcases.Invoice_Module -->
    </test> <!-- Invoice_Module_005 -->
    <test name="Invoice_Module_006" duration-ms="109706" started-at="2018-04-25T03:38:19Z" finished-at="2018-04-25T03:40:09Z">
      <class name="com.SSPWorldWide.Framework.Adviser.Testcases.Invoice_Module">
        <test-method status="PASS" signature="beforeSuite(org.testng.ITestContext, java.lang.String)[pri:0, instance:com.SSPWorldWide.Framework.Adviser.Testcases.Invoice_Module@45900b64]" name="beforeSuite" is-config="true" duration-ms="0" started-at="2018-04-25T09:01:15Z" finished-at="2018-04-25T09:01:15Z">
          <params>
            <param index="0">
              <value>
                <![CDATA[org.testng.TestRunner@411cd156]]>
              </value>
            </param>
            <param index="1">
              <value>
                <![CDATA[IE]]>
              </value>
            </param>
          </params>
          <reporter-output>
          </reporter-output>
        </test-method> <!-- beforeSuite -->
        <test-method status="PASS" signature="beforeMethod(java.lang.reflect.Method, java.lang.String)[pri:0, instance:com.SSPWorldWide.Framework.Adviser.Testcases.Invoice_Module@45900b64]" name="beforeMethod" is-config="true" duration-ms="2704" started-at="2018-04-25T09:08:19Z" finished-at="2018-04-25T09:08:22Z">
          <params>
            <param index="0">
              <value>
                <![CDATA[public void com.SSPWorldWide.Framework.Adviser.Testcases.Invoice_Module.Invoice_Module_006() throws java.lang.Exception]]>
              </value>
            </param>
            <param index="1">
              <value>
                <![CDATA[IE]]>
              </value>
            </param>
          </params>
          <reporter-output>
          </reporter-output>
        </test-method> <!-- beforeMethod -->
        <test-method status="PASS" signature="Invoice_Module_006()[pri:0, instance:com.SSPWorldWide.Framework.Adviser.Testcases.Invoice_Module@45900b64]" name="Invoice_Module_006" duration-ms="107002" started-at="2018-04-25T09:08:22Z" description="Corporate Client - Issue Invoice" finished-at="2018-04-25T09:10:09Z">
          <reporter-output>
          </reporter-output>
        </test-method> <!-- Invoice_Module_006 -->
        <test-method status="PASS" signature="afterSuite(org.testng.ITestContext)[pri:0, instance:com.SSPWorldWide.Framework.Adviser.Testcases.Invoice_Module@45900b64]" name="afterSuite" is-config="true" duration-ms="47" started-at="2018-04-25T09:10:09Z" finished-at="2018-04-25T09:10:09Z">
          <params>
            <param index="0">
              <value>
                <![CDATA[org.testng.TestRunner@411cd156]]>
              </value>
            </param>
          </params>
          <reporter-output>
          </reporter-output>
        </test-method> <!-- afterSuite -->
        <test-method status="PASS" signature="tearDown(org.testng.ITestResult)[pri:0, instance:com.SSPWorldWide.Framework.Adviser.Testcases.Invoice_Module@45900b64]" name="tearDown" is-config="true" duration-ms="0" started-at="2018-04-25T09:10:09Z" finished-at="2018-04-25T09:10:09Z">
          <params>
            <param index="0">
              <value>
                <![CDATA[[TestResult name=Invoice_Module_006 status=SUCCESS method=Invoice_Module.Invoice_Module_006()[pri:0, instance:com.SSPWorldWide.Framework.Adviser.Testcases.Invoice_Module@45900b64] output={null}]]]>
              </value>
            </param>
          </params>
          <reporter-output>
          </reporter-output>
        </test-method> <!-- tearDown -->
      </class> <!-- com.SSPWorldWide.Framework.Adviser.Testcases.Invoice_Module -->
    </test> <!-- Invoice_Module_006 -->
  </suite> <!-- Invoice_Module -->
</testng-results>
