<?xml version="1.0" encoding="UTF-8"?>
<!-- Generated by org.testng.reporters.JUnitXMLReporter -->
<testsuite hostname="IN00302" name="Client_001" tests="1" failures="0" timestamp="3 Oct 2017 09:52:43 GMT" time="2.627" errors="0">
  <testcase name="@BeforeMethod beforeMethod" time="0.0" classname="com.SSPWorldWide.Framework.Adviser.Testcases.Client_TestSuite">
    <failure type="java.lang.NullPointerException">
      <![CDATA[java.lang.NullPointerException
	at com.SSPWorldWide.Framework.Adviser.Helper.WebdriverHelper.beforeMethod(WebdriverHelper.java:138)
	at com.SSPWorldWide.Framework.Adviser.Helper.DynamicSuiteFileCreator.runTestNG(DynamicSuiteFileCreator.java:93)
	at com.SSPWorldWide.Framework.Adviser.Helper.WebdriverHelper.main(WebdriverHelper.java:182)
... Removed 23 stack frames]]>
    </failure>
  </testcase> <!-- @BeforeMethod beforeMethod -->
  <testcase name="@AfterMethod tearDown" time="0.0" classname="com.SSPWorldWide.Framework.Adviser.Testcases.Client_TestSuite">
    <skipped/>
  </testcase> <!-- @AfterMethod tearDown -->
  <testcase name="@AfterTest afterTest" time="0.0" classname="com.SSPWorldWide.Framework.Adviser.Testcases.Client_TestSuite">
    <skipped/>
  </testcase> <!-- @AfterTest afterTest -->
  <testcase name="Client_001" time="0.0" classname="com.SSPWorldWide.Framework.Adviser.Testcases.Client_TestSuite">
    <skipped/>
  </testcase> <!-- Client_001 -->
</testsuite> <!-- Client_001 -->
