<?xml version="1.0" encoding="UTF-8"?>
<!-- Generated by org.testng.reporters.JUnitXMLReporter -->
<testsuite hostname="IN00302" ignored="0" name="Example_001" tests="1" failures="1" timestamp="27 Nov 2017 04:16:18 GMT" time="8.098" errors="0">
  <testcase name="Example_001" time="0.0" classname="com.VP.Framework.Adviser.Testcases.Exmaple_Scenarios">
    <failure type="java.lang.Exception" message="Testcase ID &amp;apos;Example.001&amp;apos; does not exist">
      <![CDATA[java.lang.Exception: Testcase ID 'Example.001' does not exist
	at com.VP.Framework.Adviser.ReadExcel.ReadTestcaseFile.getTestCaseSteps(ReadTestcaseFile.java:26)
	at com.VP.Framework.Adviser.ReadExcel.TestcaseFlow.runSingleTest(TestcaseFlow.java:12)
	at com.VP.Framework.Adviser.Testcases.Exmaple_Scenarios.Example_001(Exmaple_Scenarios.java:9)
	at com.VP.Framework.Adviser.Helper.DynamicSuiteFileCreator.runTestNG(DynamicSuiteFileCreator.java:171)
	at com.VP.Framework.Adviser.Helper.DynamicSuiteFileCreator.runSingleSuite(DynamicSuiteFileCreator.java:186)
	at com.VP.Framework.Adviser.Helper.WebdriverHelper.launch(WebdriverHelper.java:200)
	at com.VP.Framework.Adviser.Helper.Launcher.launchAutomation(Launcher.java:32)
... Removed 50 stack frames]]>
    </failure>
  </testcase> <!-- Example_001 -->
</testsuite> <!-- Example_001 -->
