<?xml version="1.0" encoding="UTF-8"?>
<!-- Generated by org.testng.reporters.JUnitXMLReporter -->
<testsuite hostname="IN00302" ignored="2" name="PolicyValuation_Module_003" tests="1" failures="0" timestamp="25 Apr 2018 03:44:13 GMT" time="98.318" errors="0">
  <testcase name="PolicyValuation_Module_003" time="95.384" classname="com.SSPWorldWide.Framework.Adviser.Testcases.PolicyValuation_Module"/>
  <testcase name="PolicyValuation_Module_002" time="0.0" classname="com.SSPWorldWide.Framework.Adviser.Testcases.PolicyValuation_Module">
    <ignored/>
  </testcase> <!-- PolicyValuation_Module_002 -->
  <testcase name="PolicyValuation_Module_001" time="0.0" classname="com.SSPWorldWide.Framework.Adviser.Testcases.PolicyValuation_Module">
    <ignored/>
  </testcase> <!-- PolicyValuation_Module_001 -->
</testsuite> <!-- PolicyValuation_Module_003 -->
