<?xml version="1.0" encoding="UTF-8"?>
<!-- Generated by org.testng.reporters.JUnitXMLReporter -->
<testsuite hostname="IN00302" ignored="4" name="Workflow_Module_005" tests="1" failures="1" timestamp="25 Apr 2018 03:58:41 GMT" time="55.209" errors="0">
  <testcase name="Workflow_Module_005" time="47.832" classname="com.SSPWorldWide.Framework.Adviser.Testcases.Workflow_Module">
    <failure type="com.SSPWorldWide.Framework.Adviser.Exceptions.SeleniumExceptions" message="element with locator : &amp;apos;By.id: Client_PersonalDetails_Title&amp;apos; is not a textbox">
      <![CDATA[com.SSPWorldWide.Framework.Adviser.Exceptions.SeleniumExceptions: element with locator : 'By.id: Client_PersonalDetails_Title' is not a textbox
	at com.SSPWorldWide.Framework.Adviser.Helper.CommonKeywords.waitForExpectedAndEnterText(CommonKeywords.java:560)
	at com.SSPWorldWide.Framework.Adviser.Helper.CommonKeywords.getWebelementAction(CommonKeywords.java:54)
	at com.SSPWorldWide.Framework.Adviser.ReadExcel.ReadProjectReusables.getActionSteps(ReadProjectReusables.java:122)
	at com.SSPWorldWide.Framework.Adviser.ReadExcel.TestcaseFlow.runSingleTest(TestcaseFlow.java:28)
	at com.SSPWorldWide.Framework.Adviser.Testcases.Workflow_Module.Workflow_Module_005(Workflow_Module.java:16)
	at java.util.concurrent.ThreadPoolExecutor.runWorker(Unknown Source)
	at java.util.concurrent.ThreadPoolExecutor$Worker.run(Unknown Source)
	at java.lang.Thread.run(Unknown Source)
... Removed 18 stack frames]]>
    </failure>
  </testcase> <!-- Workflow_Module_005 -->
  <testcase name="Workflow_Module_004" time="0.0" classname="com.SSPWorldWide.Framework.Adviser.Testcases.Workflow_Module">
    <ignored/>
  </testcase> <!-- Workflow_Module_004 -->
  <testcase name="Workflow_Module_002" time="0.0" classname="com.SSPWorldWide.Framework.Adviser.Testcases.Workflow_Module">
    <ignored/>
  </testcase> <!-- Workflow_Module_002 -->
  <testcase name="Workflow_Module_003" time="0.0" classname="com.SSPWorldWide.Framework.Adviser.Testcases.Workflow_Module">
    <ignored/>
  </testcase> <!-- Workflow_Module_003 -->
  <testcase name="Workflow_Module_001" time="0.0" classname="com.SSPWorldWide.Framework.Adviser.Testcases.Workflow_Module">
    <ignored/>
  </testcase> <!-- Workflow_Module_001 -->
</testsuite> <!-- Workflow_Module_005 -->
