<?xml version="1.0" encoding="UTF-8"?>
<!-- Generated by org.testng.reporters.JUnitXMLReporter -->
<testsuite hostname="IN00302" ignored="4" name="Workflow_Module_003" tests="1" failures="0" timestamp="25 Apr 2018 04:00:30 GMT" time="67.672" errors="0">
  <testcase name="Workflow_Module_003" time="65.446" classname="com.SSPWorldWide.Framework.Adviser.Testcases.Workflow_Module"/>
  <testcase name="Workflow_Module_004" time="0.0" classname="com.SSPWorldWide.Framework.Adviser.Testcases.Workflow_Module">
    <ignored/>
  </testcase> <!-- Workflow_Module_004 -->
  <testcase name="Workflow_Module_005" time="0.0" classname="com.SSPWorldWide.Framework.Adviser.Testcases.Workflow_Module">
    <ignored/>
  </testcase> <!-- Workflow_Module_005 -->
  <testcase name="Workflow_Module_002" time="0.0" classname="com.SSPWorldWide.Framework.Adviser.Testcases.Workflow_Module">
    <ignored/>
  </testcase> <!-- Workflow_Module_002 -->
  <testcase name="Workflow_Module_001" time="0.0" classname="com.SSPWorldWide.Framework.Adviser.Testcases.Workflow_Module">
    <ignored/>
  </testcase> <!-- Workflow_Module_001 -->
</testsuite> <!-- Workflow_Module_003 -->
