<?xml version="1.0" encoding="UTF-8"?>
<!-- Generated by org.testng.reporters.JUnitXMLReporter -->
<testsuite hostname="IN00302" ignored="5" name="Workflow_Module_006" tests="1" failures="1" timestamp="09 Apr 2018 11:33:25 GMT" time="35.751" errors="0">
  <testcase name="Workflow_Module_006" time="31.171" classname="com.SSPWorldWide.Framework.Adviser.Testcases.Workflow_Module">
    <failure type="java.lang.NullPointerException">
      <![CDATA[java.lang.NullPointerException
	at java.util.concurrent.ConcurrentHashMap.putVal(ConcurrentHashMap.java:1011)
	at java.util.concurrent.ConcurrentHashMap.put(ConcurrentHashMap.java:1006)
	at com.SSPWorldWide.Framework.Adviser.Helper.CommonKeywords.getData(CommonKeywords.java:787)
	at com.SSPWorldWide.Framework.Adviser.Helper.CommonKeywords.getWebelementAction(CommonKeywords.java:161)
	at com.SSPWorldWide.Framework.Adviser.ReadExcel.ReadProjectReusables.getActionSteps(ReadProjectReusables.java:126)
	at com.SSPWorldWide.Framework.Adviser.ReadExcel.TestcaseFlow.runSingleTest(TestcaseFlow.java:31)
	at com.SSPWorldWide.Framework.Adviser.Testcases.Workflow_Module.Workflow_Module_006(Workflow_Module.java:12)
	at java.util.concurrent.ThreadPoolExecutor.runWorker(ThreadPoolExecutor.java:1142)
	at java.util.concurrent.ThreadPoolExecutor$Worker.run(ThreadPoolExecutor.java:617)
	at java.lang.Thread.run(Thread.java:745)
... Removed 18 stack frames]]>
    </failure>
  </testcase> <!-- Workflow_Module_006 -->
  <testcase name="Workflow_Module_004" time="0.0" classname="com.SSPWorldWide.Framework.Adviser.Testcases.Workflow_Module">
    <ignored/>
  </testcase> <!-- Workflow_Module_004 -->
  <testcase name="Workflow_Module_005" time="0.0" classname="com.SSPWorldWide.Framework.Adviser.Testcases.Workflow_Module">
    <ignored/>
  </testcase> <!-- Workflow_Module_005 -->
  <testcase name="Workflow_Module_002" time="0.0" classname="com.SSPWorldWide.Framework.Adviser.Testcases.Workflow_Module">
    <ignored/>
  </testcase> <!-- Workflow_Module_002 -->
  <testcase name="Workflow_Module_003" time="0.0" classname="com.SSPWorldWide.Framework.Adviser.Testcases.Workflow_Module">
    <ignored/>
  </testcase> <!-- Workflow_Module_003 -->
  <testcase name="Workflow_Module_001" time="0.0" classname="com.SSPWorldWide.Framework.Adviser.Testcases.Workflow_Module">
    <ignored/>
  </testcase> <!-- Workflow_Module_001 -->
</testsuite> <!-- Workflow_Module_006 -->
