<?xml version="1.0" encoding="UTF-8"?>
<!-- Generated by org.testng.reporters.JUnitXMLReporter -->
<testsuite hostname="IN00302" ignored="1" name="Client.001" tests="1" failures="0" timestamp="08 Nov 2017 07:00:26 GMT" time="35.31" errors="0">
  <testcase name="Client_001" time="28.419" classname="com.SSPWorldWide.Framework.Adviser.Testcases.Client_Module"/>
  <testcase name="Client_002" time="0.0" classname="com.SSPWorldWide.Framework.Adviser.Testcases.Client_Module">
    <ignored/>
  </testcase> <!-- Client_002 -->
</testsuite> <!-- Client.001 -->
